<?xml version="1.0" encoding="UTF-8"?>
<!-- Generated by org.testng.reporters.JUnitReportReporter -->
<testsuite name="app.psc.testcases.accountverification.accountverificationtestcases" tests="5" time="85.407" ignored="5" failures="0" timestamp="27 Sep 2017 06:23:07 GMT" skipped="0" hostname="XWJPMDD177" errors="5">
  <testcase name="TC008_00_Verify_new_user_flow_negative" time="6.545" classname="app.psc.testcases.accountverification.accountverificationtestcases">
    <error/>
  </testcase> <!-- TC008_00_Verify_new_user_flow_negative -->
  <testcase name="TC008_00_Verify_new_user_flow_positive" time="7.666" classname="app.psc.testcases.accountverification.accountverificationtestcases">
    <error/>
  </testcase> <!-- TC008_00_Verify_new_user_flow_positive -->
  <testcase name="TC008_03_Verify_New_User_loginFlow_register_username_invalid_input" time="24.173" classname="app.psc.testcases.accountverification.accountverificationtestcases">
    <error/>
  </testcase> <!-- TC008_03_Verify_New_User_loginFlow_register_username_invalid_input -->
  <testcase name="TC008_01_Verify_Login_Flow_Security_Answer_Invalid_Input_New_PSC_User" time="22.521" classname="app.psc.testcases.accountverification.accountverificationtestcases">
    <error/>
  </testcase> <!-- TC008_01_Verify_Login_Flow_Security_Answer_Invalid_Input_New_PSC_User -->
  <testcase name="TC008_02_Verify_Login_Flow_Security_Answer_Select_Security_Questions_Same" time="24.502" classname="app.psc.testcases.accountverification.accountverificationtestcases">
    <error/>
  </testcase> <!-- TC008_02_Verify_Login_Flow_Security_Answer_Select_Security_Questions_Same -->
  <testcase name="TC20_Complex_User" classname="app.psc.testcases.plan.plantestcases">
    <skipped/>
  </testcase> <!-- TC20_Complex_User -->
  <testcase name="Verify_TUDS_table_for_Magic_login" classname="app.psc.testcases.userverification.userverificationtestcases">
    <skipped/>
  </testcase> <!-- Verify_TUDS_table_for_Magic_login -->
  <testcase name="TC010_01_Verify_Restyled_Button_Home_Page_For_Sentence_Case" classname="app.psc.testcases.login.logintestcases">
    <skipped/>
  </testcase> <!-- TC010_01_Verify_Restyled_Button_Home_Page_For_Sentence_Case -->
  <testcase name="TC008_01_Verify_Equality_Of_SessionID_From_Browser_And_DB" classname="app.psc.testcases.login.logintestcases">
    <skipped/>
  </testcase> <!-- TC008_01_Verify_Equality_Of_SessionID_From_Browser_And_DB -->
  <testcase name="TC009_01_Verify_To_Do_List_Site_Navigator" classname="app.psc.testcases.login.logintestcases">
    <skipped/>
  </testcase> <!-- TC009_01_Verify_To_Do_List_Site_Navigator -->
</testsuite> <!-- app.psc.testcases.accountverification.accountverificationtestcases -->
