<?xml version="1.0" encoding="UTF-8"?>
<!-- Generated by org.testng.reporters.JUnitReportReporter -->
<testsuite hostname="XWJPMDD177" name="app.psc.testcases.login.logintestcases" tests="3" failures="2" timestamp="14 Nov 2017 10:56:36 GMT" time="336.968" errors="0">
  <testcase name="TC01_SIT_PSC_HomePage_Transaction_Security" time="196.914" classname="app.psc.testcases.login.logintestcases"/>
  <testcase name="TC007_01_display_correct_date_and_time_of_my_last_login" time="119.518" classname="app.psc.testcases.login.logintestcases"/>
  <testcase name="TC011_01_SIT_PSC_Login_01_TC020_Unsuccessful_login_attempts" time="20.536" classname="app.psc.testcases.login.logintestcases"/>
</testsuite> <!-- app.psc.testcases.login.logintestcases -->
