<?xml version="1.0" encoding="UTF-8"?>
<!-- Generated by org.testng.reporters.JUnitReportReporter -->
<testsuite hostname="XWJPMDD177" name="app.psc.testcases.employeesearch.employeesearchtestcases" tests="2" failures="0" timestamp="17 Nov 2017 06:52:01 GMT" time="223.396" errors="0">
  <testcase name="TC_63_Agecatchup" time="134.362" classname="app.psc.testcases.employeesearch.employeesearchtestcases"/>
  <testcase name="TC_63_Agecatchup" time="89.034" classname="app.psc.testcases.employeesearch.employeesearchtestcases"/>
</testsuite> <!-- app.psc.testcases.employeesearch.employeesearchtestcases -->
