<?xml version="1.0" encoding="UTF-8"?>
<!-- Generated by org.testng.reporters.JUnitReportReporter -->
<testsuite name="app.psc.testcases.login.logintestcases" tests="1" time="20.363" ignored="18" failures="0" timestamp="19 Jul 2017 11:57:42 GMT" skipped="0" hostname="XWJPMDD035" errors="0">
  <testcase name="TC011_01_SIT_PSC_Login_01_TC020_Unsuccessful_login_attempts" time="20.363" classname="app.psc.testcases.login.logintestcases"/>
  <testcase name="TC006_01_Verify_Error_Message_For_Terminated_User" classname="app.psc.testcases.login.logintestcases">
    <skipped/>
  </testcase> <!-- TC006_01_Verify_Error_Message_For_Terminated_User -->
  <testcase name="TC003_UI_Validations_On_JumpPage" classname="app.psc.testcases.login.logintestcases">
    <skipped/>
  </testcase> <!-- TC003_UI_Validations_On_JumpPage -->
  <testcase name="TC002_Verify_Jump_Page_Displayed_When_AcessToPlansInAllSites" classname="app.psc.testcases.login.logintestcases">
    <skipped/>
  </testcase> <!-- TC002_Verify_Jump_Page_Displayed_When_AcessToPlansInAllSites -->
  <testcase name="TC05_01_SIT_PSC_HomePage_01_TC001_frame_on_Dashboard_Filesharing_and_Reports_pages" classname="app.psc.testcases.login.logintestcases">
    <skipped/>
  </testcase> <!-- TC05_01_SIT_PSC_HomePage_01_TC001_frame_on_Dashboard_Filesharing_and_Reports_pages -->
  <testcase name="TC004_Verify_PLUser_Login_With_No_Plna_Access" classname="app.psc.testcases.login.logintestcases">
    <skipped/>
  </testcase> <!-- TC004_Verify_PLUser_Login_With_No_Plna_Access -->
  <testcase name="TC007_01_display_correct_date_and_time_of_my_last_login" classname="app.psc.testcases.login.logintestcases">
    <skipped/>
  </testcase> <!-- TC007_01_display_correct_date_and_time_of_my_last_login -->
  <testcase name="TC008_01_Verify_Equality_Of_SessionID_From_Browser_And_DB" classname="app.psc.testcases.login.logintestcases">
    <skipped/>
  </testcase> <!-- TC008_01_Verify_Equality_Of_SessionID_From_Browser_And_DB -->
  <testcase name="TC004_02_Verify_Header_and_Footer_Links_PostLogin" classname="app.psc.testcases.login.logintestcases">
    <skipped/>
  </testcase> <!-- TC004_02_Verify_Header_and_Footer_Links_PostLogin -->
  <testcase name="TC005_01_Verify_User_Account_Locking_For_Max_Invalid_Attempt" classname="app.psc.testcases.login.logintestcases">
    <skipped/>
  </testcase> <!-- TC005_01_Verify_User_Account_Locking_For_Max_Invalid_Attempt -->
  <testcase name="TC006_01_Verify_Force_Login" classname="app.psc.testcases.login.logintestcases">
    <skipped/>
  </testcase> <!-- TC006_01_Verify_Force_Login -->
  <testcase name="TC009_01_Verify_To_Do_List_Site_Navigator" classname="app.psc.testcases.login.logintestcases">
    <skipped/>
  </testcase> <!-- TC009_01_Verify_To_Do_List_Site_Navigator -->
  <testcase name="TC001_09_Verify_Jump_Page_Not_Displayed_When_AcessToPlanInSingleSite" classname="app.psc.testcases.login.logintestcases">
    <skipped/>
  </testcase> <!-- TC001_09_Verify_Jump_Page_Not_Displayed_When_AcessToPlanInSingleSite -->
  <testcase name="TC017_01_Internal_Employee_External_Client_Login" classname="app.psc.testcases.login.logintestcases">
    <skipped/>
  </testcase> <!-- TC017_01_Internal_Employee_External_Client_Login -->
  <testcase name="TC002_01_Verify_Existing_User_Error_Messages_PreLogin" classname="app.psc.testcases.login.logintestcases">
    <skipped/>
  </testcase> <!-- TC002_01_Verify_Existing_User_Error_Messages_PreLogin -->
  <testcase name="TC001_02_SIT_PSC_Sitenavigation_SubMenutabs" classname="app.psc.testcases.login.logintestcases">
    <skipped/>
  </testcase> <!-- TC001_02_SIT_PSC_Sitenavigation_SubMenutabs -->
  <testcase name="TC004_01_Verify_Header_and_Footer_Links_PreLogin" classname="app.psc.testcases.login.logintestcases">
    <skipped/>
  </testcase> <!-- TC004_01_Verify_Header_and_Footer_Links_PreLogin -->
  <testcase name="TC010_01_Verify_Restyled_Button_Home_Page_For_Sentence_Case" classname="app.psc.testcases.login.logintestcases">
    <skipped/>
  </testcase> <!-- TC010_01_Verify_Restyled_Button_Home_Page_For_Sentence_Case -->
  <testcase name="TC001_01_SIT_PSC_Sitenavigation_Menutabs" classname="app.psc.testcases.login.logintestcases">
    <skipped/>
  </testcase> <!-- TC001_01_SIT_PSC_Sitenavigation_Menutabs -->
</testsuite> <!-- app.psc.testcases.login.logintestcases -->
