<?xml version="1.0" encoding="UTF-8"?>
<!-- Generated by org.testng.reporters.JUnitReportReporter -->
<testsuite name="app.psc.testcases.employeesearch.employeesearchtestcases" tests="19" time="4318.153" ignored="27" failures="0" timestamp="24 May 2017 13:55:56 GMT" skipped="0" hostname="XWJPMDD035" errors="12">
  <testcase name="TC40_SIT_PSC_Accountdetail_Loans_Reg" time="204.785" classname="app.psc.testcases.employeesearch.employeesearchtestcases">
    <error type="java.lang.NullPointerException">
      <![CDATA[java.lang.NullPointerException
]]>
    </error>
  </testcase> <!-- TC40_SIT_PSC_Accountdetail_Loans_Reg -->
  <testcase name="TC41_SIT_PSC_Accountdetail_Paycheck_Contribution_YTD" time="135.044" classname="app.psc.testcases.employeesearch.employeesearchtestcases">
    <error type="java.lang.NullPointerException">
      <![CDATA[java.lang.NullPointerException
]]>
    </error>
  </testcase> <!-- TC41_SIT_PSC_Accountdetail_Paycheck_Contribution_YTD -->
  <testcase name="TC35_SIT_PSC_Statements_Tab" time="117.277" classname="app.psc.testcases.employeesearch.employeesearchtestcases"/>
  <testcase name="TC022_Paycheck_contribution_View" time="99.138" classname="app.psc.testcases.employeesearch.employeesearchtestcases"/>
  <testcase name="TC020_Recently_Viewed_Employee" time="271.089" classname="app.psc.testcases.employeesearch.employeesearchtestcases"/>
  <testcase name="TC021_Salary_View_And_Update" time="145.016" classname="app.psc.testcases.employeesearch.employeesearchtestcases"/>
  <testcase name="TC028_Recently_Viewed_Switch_Participant_Reg" time="303.512" classname="app.psc.testcases.employeesearch.employeesearchtestcases"/>
  <testcase name="TC31_Disable_PAE_then_renable_PAE" time="198.086" classname="app.psc.testcases.employeesearch.employeesearchtestcases">
    <error type="java.lang.NullPointerException">
      <![CDATA[java.lang.NullPointerException
	at java.util.regex.Matcher.getTextLength(Matcher.java:1283)
	at java.util.regex.Matcher.reset(Matcher.java:309)
	at java.util.regex.Matcher.<init>(Matcher.java:229)
	at java.util.regex.Pattern.matcher(Pattern.java:1093)
	at com.aventstack.extentreports.utils.ExceptionUtil.getExceptionHeadline(ExceptionUtil.java:25)
	at com.aventstack.extentreports.ExtentTest.log(ExtentTest.java:391)
	at com.aventstack.extentreports.ExtentTest.log(ExtentTest.java:412)
	at core.framework.TestListener.afterInvocation(TestListener.java:315)
	at org.testng.internal.invokers.InvokedMethodListenerInvoker$InvokeAfterInvocationWithoutContextStrategy.callMethod(InvokedMethodListenerInvoker.java:100)
	at org.testng.internal.invokers.InvokedMethodListenerInvoker.invokeListener(InvokedMethodListenerInvoker.java:62)
	at org.testng.internal.Invoker.runInvokedMethodListeners(Invoker.java:557)
	at org.testng.internal.Invoker.invokeMethod(Invoker.java:702)
	at org.testng.internal.Invoker.invokeTestMethod(Invoker.java:851)
	at org.testng.internal.Invoker.invokeTestMethods(Invoker.java:1177)
	at org.testng.internal.TestMethodWorker.invokeTestMethods(TestMethodWorker.java:129)
	at org.testng.internal.TestMethodWorker.run(TestMethodWorker.java:112)
	at java.util.concurrent.ThreadPoolExecutor.runWorker(ThreadPoolExecutor.java:1142)
	at java.util.concurrent.ThreadPoolExecutor$Worker.run(ThreadPoolExecutor.java:617)
	at java.lang.Thread.run(Thread.java:745)
]]>
    </error>
  </testcase> <!-- TC31_Disable_PAE_then_renable_PAE -->
  <testcase name="TC_46_SIT_PSC_Add_Employee_Autosite_Plan_Display_Angular_Page" time="266.315" classname="app.psc.testcases.employeesearch.employeesearchtestcases">
    <error type="java.lang.NullPointerException">
      <![CDATA[java.lang.NullPointerException
]]>
    </error>
  </testcase> <!-- TC_46_SIT_PSC_Add_Employee_Autosite_Plan_Display_Angular_Page -->
  <testcase name="TC34_SIT_PSC_Accountdetail_Allocations_Reg" time="447.760" classname="app.psc.testcases.employeesearch.employeesearchtestcases">
    <error type="java.lang.NullPointerException">
      <![CDATA[java.lang.NullPointerException
]]>
    </error>
  </testcase> <!-- TC34_SIT_PSC_Accountdetail_Allocations_Reg -->
  <testcase name="TC39_SIT_PSC_Accountdetail_Vesting_Reg" time="134.046" classname="app.psc.testcases.employeesearch.employeesearchtestcases">
    <error type="java.lang.NullPointerException">
      <![CDATA[java.lang.NullPointerException
]]>
    </error>
  </testcase> <!-- TC39_SIT_PSC_Accountdetail_Vesting_Reg -->
  <testcase name="TC_45_SIT_PSC_Add_Employee_Autosite_Plan_Display_Angular_Page" time="268.155" classname="app.psc.testcases.employeesearch.employeesearchtestcases">
    <error type="java.lang.NullPointerException">
      <![CDATA[java.lang.NullPointerException
]]>
    </error>
  </testcase> <!-- TC_45_SIT_PSC_Add_Employee_Autosite_Plan_Display_Angular_Page -->
  <testcase name="TC023_EnrolmmentAndEligibility" time="213.624" classname="app.psc.testcases.employeesearch.employeesearchtestcases">
    <error type="java.lang.NullPointerException">
      <![CDATA[java.lang.NullPointerException
	at java.util.regex.Matcher.getTextLength(Matcher.java:1283)
	at java.util.regex.Matcher.reset(Matcher.java:309)
	at java.util.regex.Matcher.<init>(Matcher.java:229)
	at java.util.regex.Pattern.matcher(Pattern.java:1093)
	at com.aventstack.extentreports.utils.ExceptionUtil.getExceptionHeadline(ExceptionUtil.java:25)
	at com.aventstack.extentreports.ExtentTest.log(ExtentTest.java:391)
	at com.aventstack.extentreports.ExtentTest.log(ExtentTest.java:412)
	at core.framework.TestListener.afterInvocation(TestListener.java:315)
	at org.testng.internal.invokers.InvokedMethodListenerInvoker$InvokeAfterInvocationWithoutContextStrategy.callMethod(InvokedMethodListenerInvoker.java:100)
	at org.testng.internal.invokers.InvokedMethodListenerInvoker.invokeListener(InvokedMethodListenerInvoker.java:62)
	at org.testng.internal.Invoker.runInvokedMethodListeners(Invoker.java:557)
	at org.testng.internal.Invoker.invokeMethod(Invoker.java:702)
	at org.testng.internal.Invoker.invokeTestMethod(Invoker.java:851)
	at org.testng.internal.Invoker.invokeTestMethods(Invoker.java:1177)
	at org.testng.internal.TestMethodWorker.invokeTestMethods(TestMethodWorker.java:129)
	at org.testng.internal.TestMethodWorker.run(TestMethodWorker.java:112)
	at java.util.concurrent.ThreadPoolExecutor.runWorker(ThreadPoolExecutor.java:1142)
	at java.util.concurrent.ThreadPoolExecutor$Worker.run(ThreadPoolExecutor.java:617)
	at java.lang.Thread.run(Thread.java:745)
]]>
    </error>
  </testcase> <!-- TC023_EnrolmmentAndEligibility -->
  <testcase name="TC026_Verify_Employee_Basic_Info" time="304.030" classname="app.psc.testcases.employeesearch.employeesearchtestcases">
    <error type="java.lang.NullPointerException">
      <![CDATA[java.lang.NullPointerException
	at java.util.regex.Matcher.getTextLength(Matcher.java:1283)
	at java.util.regex.Matcher.reset(Matcher.java:309)
	at java.util.regex.Matcher.<init>(Matcher.java:229)
	at java.util.regex.Pattern.matcher(Pattern.java:1093)
	at com.aventstack.extentreports.utils.ExceptionUtil.getExceptionHeadline(ExceptionUtil.java:25)
	at com.aventstack.extentreports.ExtentTest.log(ExtentTest.java:391)
	at com.aventstack.extentreports.ExtentTest.log(ExtentTest.java:412)
	at core.framework.TestListener.afterInvocation(TestListener.java:315)
	at org.testng.internal.invokers.InvokedMethodListenerInvoker$InvokeAfterInvocationWithoutContextStrategy.callMethod(InvokedMethodListenerInvoker.java:100)
	at org.testng.internal.invokers.InvokedMethodListenerInvoker.invokeListener(InvokedMethodListenerInvoker.java:62)
	at org.testng.internal.Invoker.runInvokedMethodListeners(Invoker.java:557)
	at org.testng.internal.Invoker.invokeMethod(Invoker.java:702)
	at org.testng.internal.Invoker.invokeTestMethod(Invoker.java:851)
	at org.testng.internal.Invoker.invokeTestMethods(Invoker.java:1177)
	at org.testng.internal.TestMethodWorker.invokeTestMethods(TestMethodWorker.java:129)
	at org.testng.internal.TestMethodWorker.run(TestMethodWorker.java:112)
	at java.util.concurrent.ThreadPoolExecutor.runWorker(ThreadPoolExecutor.java:1142)
	at java.util.concurrent.ThreadPoolExecutor$Worker.run(ThreadPoolExecutor.java:617)
	at java.lang.Thread.run(Thread.java:745)
]]>
    </error>
  </testcase> <!-- TC026_Verify_Employee_Basic_Info -->
  <testcase name="TC024_Verify_Employee_Overview_Screen_Elements" time="774.143" classname="app.psc.testcases.employeesearch.employeesearchtestcases">
    <error type="java.lang.NullPointerException">
      <![CDATA[java.lang.NullPointerException
]]>
    </error>
  </testcase> <!-- TC024_Verify_Employee_Overview_Screen_Elements -->
  <testcase name="TC38_SIT_PSC_Accountdetail_Fees_Reg" time="182.800" classname="app.psc.testcases.employeesearch.employeesearchtestcases">
    <error type="java.lang.NullPointerException">
      <![CDATA[java.lang.NullPointerException
]]>
    </error>
  </testcase> <!-- TC38_SIT_PSC_Accountdetail_Fees_Reg -->
  <testcase name="TC027_Verify_Subset_History_Section" time="170.948" classname="app.psc.testcases.employeesearch.employeesearchtestcases"/>
  <testcase name="TC029_Edit_Enrollment_And_Eligibility" time="59.569" classname="app.psc.testcases.employeesearch.employeesearchtestcases"/>
  <testcase name="TC33_Suppress_Account_Detail_elements_TRS_NonTRS" time="22.816" classname="app.psc.testcases.employeesearch.employeesearchtestcases">
    <error type="java.lang.NullPointerException">
      <![CDATA[java.lang.NullPointerException
	at java.util.regex.Matcher.getTextLength(Matcher.java:1283)
	at java.util.regex.Matcher.reset(Matcher.java:309)
	at java.util.regex.Matcher.<init>(Matcher.java:229)
	at java.util.regex.Pattern.matcher(Pattern.java:1093)
	at com.aventstack.extentreports.utils.ExceptionUtil.getExceptionHeadline(ExceptionUtil.java:25)
	at com.aventstack.extentreports.ExtentTest.log(ExtentTest.java:391)
	at com.aventstack.extentreports.ExtentTest.log(ExtentTest.java:412)
	at core.framework.TestListener.afterInvocation(TestListener.java:315)
	at org.testng.internal.invokers.InvokedMethodListenerInvoker$InvokeAfterInvocationWithoutContextStrategy.callMethod(InvokedMethodListenerInvoker.java:100)
	at org.testng.internal.invokers.InvokedMethodListenerInvoker.invokeListener(InvokedMethodListenerInvoker.java:62)
	at org.testng.internal.Invoker.runInvokedMethodListeners(Invoker.java:557)
	at org.testng.internal.Invoker.invokeMethod(Invoker.java:702)
	at org.testng.internal.Invoker.invokeTestMethod(Invoker.java:851)
	at org.testng.internal.Invoker.invokeTestMethods(Invoker.java:1177)
	at org.testng.internal.TestMethodWorker.invokeTestMethods(TestMethodWorker.java:129)
	at org.testng.internal.TestMethodWorker.run(TestMethodWorker.java:112)
	at java.util.concurrent.ThreadPoolExecutor.runWorker(ThreadPoolExecutor.java:1142)
	at java.util.concurrent.ThreadPoolExecutor$Worker.run(ThreadPoolExecutor.java:617)
	at java.lang.Thread.run(Thread.java:745)
]]>
    </error>
  </testcase> <!-- TC33_Suppress_Account_Detail_elements_TRS_NonTRS -->
  <testcase name="TC017_Employment_Info_Verification" classname="app.psc.testcases.employeesearch.employeesearchtestcases">
    <skipped/>
  </testcase> <!-- TC017_Employment_Info_Verification -->
  <testcase name="TC30_Account_balance_Tab" classname="app.psc.testcases.employeesearch.employeesearchtestcases">
    <skipped/>
  </testcase> <!-- TC30_Account_balance_Tab -->
  <testcase name="TC002_Search_Employee_For_Invalid_SSN" classname="app.psc.testcases.employeesearch.employeesearchtestcases">
    <skipped/>
  </testcase> <!-- TC002_Search_Employee_For_Invalid_SSN -->
  <testcase name="TC36_SIT_PSC_Employee_Overview_DB_plans_Enrollment_Elligibility_Not_displayed" classname="app.psc.testcases.employeesearch.employeesearchtestcases">
    <skipped/>
  </testcase> <!-- TC36_SIT_PSC_Employee_Overview_DB_plans_Enrollment_Elligibility_Not_displayed -->
  <testcase name="TC011_Verify_the_Search_results_for_Name_doesnot_Contain_duplicate_Values" classname="app.psc.testcases.employeesearch.employeesearchtestcases">
    <skipped/>
  </testcase> <!-- TC011_Verify_the_Search_results_for_Name_doesnot_Contain_duplicate_Values -->
  <testcase name="TC43_SIT_PSC_User_Remember_Search_Employee_Selection" classname="app.psc.testcases.employeesearch.employeesearchtestcases">
    <skipped/>
  </testcase> <!-- TC43_SIT_PSC_User_Remember_Search_Employee_Selection -->
  <testcase name="TC42_Paycheck_Contribution_History" classname="app.psc.testcases.employeesearch.employeesearchtestcases">
    <skipped/>
  </testcase> <!-- TC42_Paycheck_Contribution_History -->
  <testcase name="TC025_Verify_Employee_Overview_PlanList_Balance_Section" classname="app.psc.testcases.employeesearch.employeesearchtestcases">
    <skipped/>
  </testcase> <!-- TC025_Verify_Employee_Overview_PlanList_Balance_Section -->
  <testcase name="TC015_Check_For_Plans_With_one_division" classname="app.psc.testcases.employeesearch.employeesearchtestcases">
    <skipped/>
  </testcase> <!-- TC015_Check_For_Plans_With_one_division -->
  <testcase name="TC32_Supress_Menu_Items_for_TRS_Flex" classname="app.psc.testcases.employeesearch.employeesearchtestcases">
    <skipped/>
  </testcase> <!-- TC32_Supress_Menu_Items_for_TRS_Flex -->
  <testcase name="TC07_Verify_employee_details_displayed_for_plans_with_divisions" classname="app.psc.testcases.employeesearch.employeesearchtestcases">
    <skipped/>
  </testcase> <!-- TC07_Verify_employee_details_displayed_for_plans_with_divisions -->
  <testcase name="TC003_Search_Employee_For_Valid_Name_Input" classname="app.psc.testcases.employeesearch.employeesearchtestcases">
    <skipped/>
  </testcase> <!-- TC003_Search_Employee_For_Valid_Name_Input -->
  <testcase name="TC37_SIT_PSC_Recentlyviewed_MouseOver" classname="app.psc.testcases.employeesearch.employeesearchtestcases">
    <skipped/>
  </testcase> <!-- TC37_SIT_PSC_Recentlyviewed_MouseOver -->
  <testcase name="TC019_Verify_Beneficiary_Info" classname="app.psc.testcases.employeesearch.employeesearchtestcases">
    <skipped/>
  </testcase> <!-- TC019_Verify_Beneficiary_Info -->
  <testcase name="TC013_Verify_the_Search_results_for_pptID_doesnot_Contain_duplicate_Values" classname="app.psc.testcases.employeesearch.employeesearchtestcases">
    <skipped/>
  </testcase> <!-- TC013_Verify_the_Search_results_for_pptID_doesnot_Contain_duplicate_Values -->
  <testcase name="TC001_Search_Employee_For_Valid_SSN" classname="app.psc.testcases.employeesearch.employeesearchtestcases">
    <skipped/>
  </testcase> <!-- TC001_Search_Employee_For_Valid_SSN -->
  <testcase name="TC005_Search_Employee_For_Valid_EmployeeID_Input" classname="app.psc.testcases.employeesearch.employeesearchtestcases">
    <skipped/>
  </testcase> <!-- TC005_Search_Employee_For_Valid_EmployeeID_Input -->
  <testcase name="TC014_Verify_the_Search_results_for_Plans_with_Div_doesnot_Contain_duplicate_Values" classname="app.psc.testcases.employeesearch.employeesearchtestcases">
    <skipped/>
  </testcase> <!-- TC014_Verify_the_Search_results_for_Plans_with_Div_doesnot_Contain_duplicate_Values -->
  <testcase name="TC_44_Enroll_And_Eligibility_Fields_Type_Validations" classname="app.psc.testcases.employeesearch.employeesearchtestcases">
    <skipped/>
  </testcase> <!-- TC_44_Enroll_And_Eligibility_Fields_Type_Validations -->
  <testcase name="TC010_Verify_the_Search_results_for_SSN_doesnot_Contain_duplicate_Values" classname="app.psc.testcases.employeesearch.employeesearchtestcases">
    <skipped/>
  </testcase> <!-- TC010_Verify_the_Search_results_for_SSN_doesnot_Contain_duplicate_Values -->
  <testcase name="TC012_Verify_the_Search_results_for_EmployeeID_doesnot_Contain_duplicate_Values" classname="app.psc.testcases.employeesearch.employeesearchtestcases">
    <skipped/>
  </testcase> <!-- TC012_Verify_the_Search_results_for_EmployeeID_doesnot_Contain_duplicate_Values -->
  <testcase name="TC016_Check_For_Plans_With_multiple_divisions" classname="app.psc.testcases.employeesearch.employeesearchtestcases">
    <skipped/>
  </testcase> <!-- TC016_Check_For_Plans_With_multiple_divisions -->
  <testcase name="TC09_Verify_employee_details_displayed_for_invalid_participant_id" classname="app.psc.testcases.employeesearch.employeesearchtestcases">
    <skipped/>
  </testcase> <!-- TC09_Verify_employee_details_displayed_for_invalid_participant_id -->
  <testcase name="TC004_Search_Employee_For_Invalid_Name_Input" classname="app.psc.testcases.employeesearch.employeesearchtestcases">
    <skipped/>
  </testcase> <!-- TC004_Search_Employee_For_Invalid_Name_Input -->
  <testcase name="TC006_Search_Employee_For_Invalid_EmployeeID_Input" classname="app.psc.testcases.employeesearch.employeesearchtestcases">
    <skipped/>
  </testcase> <!-- TC006_Search_Employee_For_Invalid_EmployeeID_Input -->
  <testcase name="TC08_Verify_employee_details_displayed_for_valid_participant_id" classname="app.psc.testcases.employeesearch.employeesearchtestcases">
    <skipped/>
  </testcase> <!-- TC08_Verify_employee_details_displayed_for_valid_participant_id -->
  <testcase name="TC018_Employee_Contact_Info_Verification" classname="app.psc.testcases.employeesearch.employeesearchtestcases">
    <skipped/>
  </testcase> <!-- TC018_Employee_Contact_Info_Verification -->
</testsuite> <!-- app.psc.testcases.employeesearch.employeesearchtestcases -->
