<?xml version="1.0" encoding="UTF-8"?>
<!-- Generated by org.testng.reporters.JUnitReportReporter -->
<testsuite name="app.psc.testcases.plan.plansearchtestcases" tests="16" time="1287.776" ignored="6" failures="0" timestamp="03 Apr 2018 07:48:49 GMT" skipped="0" hostname="XWJPMDD035" errors="12">
  <testcase name="TC03_Validate_Error_Message_When_Invalid_Plan_Number_Entered" time="48.707" classname="app.psc.testcases.plan.plansearchtestcases"/>
  <testcase name="TC12_3rd_Level_Links" time="95.889" classname="app.psc.testcases.plan.plansearchtestcases">
    <error/>
  </testcase> <!-- TC12_3rd_Level_Links -->
  <testcase name="TC10_SIT_PSC_Fiduciary_Records_Plan_Documents_No_Part_grouping" time="88.387" classname="app.psc.testcases.plan.plansearchtestcases">
    <error/>
  </testcase> <!-- TC10_SIT_PSC_Fiduciary_Records_Plan_Documents_No_Part_grouping -->
  <testcase name="TC11_SIT_PSC_HomePage_Fiduciary_Records_Required_Notices_Part_grouping" time="88.373" classname="app.psc.testcases.plan.plansearchtestcases">
    <error/>
  </testcase> <!-- TC11_SIT_PSC_HomePage_Fiduciary_Records_Required_Notices_Part_grouping -->
  <testcase name="TC03_Verify_planDetails_Populated" time="3.074" classname="app.psc.testcases.plan.plansearchtestcases"/>
  <testcase name="TC01_search_plan_for_valid_plan" time="115.231" classname="app.psc.testcases.plan.plansearchtestcases">
    <error/>
  </testcase> <!-- TC01_search_plan_for_valid_plan -->
  <testcase name="TC05_SIT_PSC_Plan_messaging_confirmation_page" time="96.616" classname="app.psc.testcases.plan.plansearchtestcases">
    <error/>
  </testcase> <!-- TC05_SIT_PSC_Plan_messaging_confirmation_page -->
  <testcase name="TC15_SIT_PSC_Investment_Fixed_Investment_FutureRates" time="88.095" classname="app.psc.testcases.plan.plansearchtestcases">
    <error/>
  </testcase> <!-- TC15_SIT_PSC_Investment_Fixed_Investment_FutureRates -->
  <testcase name="TC08_Disable_certain_user_edit_fields_for_SAW" time="88.895" classname="app.psc.testcases.plan.plansearchtestcases">
    <error/>
  </testcase> <!-- TC08_Disable_certain_user_edit_fields_for_SAW -->
  <testcase name="TC02_Validate_error_message_when_plan_field_is_left_blank" time="6.133" classname="app.psc.testcases.plan.plansearchtestcases">
    <error/>
  </testcase> <!-- TC02_Validate_error_message_when_plan_field_is_left_blank -->
  <testcase name="TC06_SIT_PSC_Investment_Fixed_Investment_Rates_Page" time="135.386" classname="app.psc.testcases.plan.plansearchtestcases">
    <error/>
  </testcase> <!-- TC06_SIT_PSC_Investment_Fixed_Investment_Rates_Page -->
  <testcase name="TC13_PLN_ADM_View_Change_Banking_Information_Regr" time="89.191" classname="app.psc.testcases.plan.plansearchtestcases">
    <error/>
  </testcase> <!-- TC13_PLN_ADM_View_Change_Banking_Information_Regr -->
  <testcase name="TC07_SIT_PSC_Investment_Asset_Allocations_page" time="69.786" classname="app.psc.testcases.plan.plansearchtestcases"/>
  <testcase name="TC14_SIT_PSC_Investment_Options" time="88.076" classname="app.psc.testcases.plan.plansearchtestcases">
    <error/>
  </testcase> <!-- TC14_SIT_PSC_Investment_Options -->
  <testcase name="TC04_Validate_Plan_Page_When_PlanName_Entered" time="92.293" classname="app.psc.testcases.plan.plansearchtestcases"/>
  <testcase name="TC09_Order_Participant_QDIA_Notice_Listing" time="93.644" classname="app.psc.testcases.plan.plansearchtestcases">
    <error/>
  </testcase> <!-- TC09_Order_Participant_QDIA_Notice_Listing -->
  <testcase name="TC26_Terminate_User_ID" classname="app.psc.testcases.plan.plantestcases">
    <skipped/>
  </testcase> <!-- TC26_Terminate_User_ID -->
  <testcase name="TC25_Investment_Document_Page" classname="app.psc.testcases.plan.plantestcases">
    <skipped/>
  </testcase> <!-- TC25_Investment_Document_Page -->
  <testcase name="TC010_01_Verify_Restyled_Button_Home_Page_For_Sentence_Case" classname="app.psc.testcases.login.logintestcases">
    <skipped/>
  </testcase> <!-- TC010_01_Verify_Restyled_Button_Home_Page_For_Sentence_Case -->
  <testcase name="TC008_01_Verify_Equality_Of_SessionID_From_Browser_And_DB" classname="app.psc.testcases.login.logintestcases">
    <skipped/>
  </testcase> <!-- TC008_01_Verify_Equality_Of_SessionID_From_Browser_And_DB -->
  <testcase name="TC009_01_Verify_To_Do_List_Site_Navigator" classname="app.psc.testcases.login.logintestcases">
    <skipped/>
  </testcase> <!-- TC009_01_Verify_To_Do_List_Site_Navigator -->
  <testcase name="Verify_TUDS_table_for_Magic_login" classname="app.psc.testcases.userverification.userverificationtestcases">
    <skipped/>
  </testcase> <!-- Verify_TUDS_table_for_Magic_login -->
</testsuite> <!-- app.psc.testcases.plan.plansearchtestcases -->
