<?xml version="1.0" encoding="UTF-8"?>
<!-- Generated by org.testng.reporters.JUnitReportReporter -->
<testsuite hostname="XWJPMDD177" name="app.psc.testcases.accountverification.accountverificationtest_plan" tests="2" failures="2" timestamp="14 Dec 2017 10:25:47 GMT" time="10.866" errors="0">
  <testcase name="TC012_01_Verify_User_Access_New_Plan_For_Invalid_Input" time="5.424" classname="app.psc.testcases.accountverification.accountverificationtest_plan"/>
  <testcase name="TC012_02_Verify_User_Access_New_Plan_For_Valid_Input" time="5.442" classname="app.psc.testcases.accountverification.accountverificationtest_plan"/>
</testsuite> <!-- app.psc.testcases.accountverification.accountverificationtest_plan -->
