<?xml version="1.0" encoding="UTF-8"?>
<!-- Generated by org.testng.reporters.JUnitReportReporter -->
<testsuite name="app.psc.testcases.accountverification.accountverification_existingusr" tests="1" time="69.861" ignored="9" failures="0" timestamp="04 Aug 2017 07:07:30 GMT" skipped="0" hostname="XWJPMDD035" errors="0">
  <testcase name="TC009_01_Verify_Multifactoring" time="69.861" classname="app.psc.testcases.accountverification.accountverification_existingusr"/>
  <testcase name="TC006_01_Verify_Display_Of_Notification_On_HomePage" classname="app.psc.testcases.accountverification.accountverification_existingusr">
    <skipped/>
  </testcase> <!-- TC006_01_Verify_Display_Of_Notification_On_HomePage -->
  <testcase name="TC004_02_Verify_Changepasword_When_Password_Expired_Positive_Flow" classname="app.psc.testcases.accountverification.accountverification_existingusr">
    <skipped/>
  </testcase> <!-- TC004_02_Verify_Changepasword_When_Password_Expired_Positive_Flow -->
  <testcase name="TC005_01_Verify_PSC_Users_Are_Unbale_To_Reuse_Last_Ten_Passwords" classname="app.psc.testcases.accountverification.accountverification_existingusr">
    <skipped/>
  </testcase> <!-- TC005_01_Verify_PSC_Users_Are_Unbale_To_Reuse_Last_Ten_Passwords -->
  <testcase name="TC019_Verify_Default_Plan_Prompting" classname="app.psc.testcases.accountverification.accountverification_existingusr">
    <skipped/>
  </testcase> <!-- TC019_Verify_Default_Plan_Prompting -->
  <testcase name="TC012_SIT_PSC_HomePage_02_TC003_Compliance_Security" classname="app.psc.testcases.accountverification.accountverification_existingusr">
    <skipped/>
  </testcase> <!-- TC012_SIT_PSC_HomePage_02_TC003_Compliance_Security -->
  <testcase name="TC004_01_Verify_Changepasword_When_Password_Expired_Negative_Scenario" classname="app.psc.testcases.accountverification.accountverification_existingusr">
    <skipped/>
  </testcase> <!-- TC004_01_Verify_Changepasword_When_Password_Expired_Negative_Scenario -->
  <testcase name="TC018_Security_Question_Validation_Existing_User" classname="app.psc.testcases.accountverification.accountverification_existingusr">
    <skipped/>
  </testcase> <!-- TC018_Security_Question_Validation_Existing_User -->
  <testcase name="TC006_01_Verify_Display_Of_Compliance_On_HomePage" classname="app.psc.testcases.accountverification.accountverification_existingusr">
    <skipped/>
  </testcase> <!-- TC006_01_Verify_Display_Of_Compliance_On_HomePage -->
  <testcase name="TC013_SIT_PSC_HomePage_01_TC010_Regression_Testing_New_Pages" classname="app.psc.testcases.accountverification.accountverification_existingusr">
    <skipped/>
  </testcase> <!-- TC013_SIT_PSC_HomePage_01_TC010_Regression_Testing_New_Pages -->
</testsuite> <!-- app.psc.testcases.accountverification.accountverification_existingusr -->
