<?xml version="1.0" encoding="UTF-8"?>
<!-- Generated by org.testng.reporters.JUnitReportReporter -->
<testsuite hostname="XWJPMDD177" name="app.psc.testcases.myprofile.MyProfileTestCases" tests="19" failures="4" timestamp="21 Nov 2017 10:41:39 GMT" time="449.698" errors="0">
  <testcase name="TC001_02_SIT_PSC_Update_My_profile_Default_Plan" time="7.319" classname="app.psc.testcases.myprofile.MyProfileTestCases"/>
  <testcase name="TC003_01_SIT_PSC_Update_User_Name" time="33.296" classname="app.psc.testcases.myprofile.MyProfileTestCases"/>
  <testcase name="TC001_01_SIT_PSC_Update_My_profile_Default_Plan" time="26.375" classname="app.psc.testcases.myprofile.MyProfileTestCases"/>
  <testcase name="TC004_01_SIT_PSC_Update_My_profile_Security_Questions" time="40.203" classname="app.psc.testcases.myprofile.MyProfileTestCases"/>
  <testcase name="TC001_01_SIT_PSC_Update_My_profile_Default_Plan" time="5.837" classname="app.psc.testcases.myprofile.MyProfileTestCases"/>
  <testcase name="TC004_01_SIT_PSC_Update_My_profile_Security_Questions" time="8.868" classname="app.psc.testcases.myprofile.MyProfileTestCases"/>
  <testcase name="TC003_01_SIT_PSC_Update_User_Name" time="8.558" classname="app.psc.testcases.myprofile.MyProfileTestCases"/>
  <testcase name="TC003_01_SIT_PSC_Update_User_Name" time="2.911" classname="app.psc.testcases.myprofile.MyProfileTestCases"/>
  <testcase name="TC005_01_SIT_PSC_Update_My_profile_Password" time="14.292" classname="app.psc.testcases.myprofile.MyProfileTestCases"/>
  <testcase name="TC002_02_SIT_PSC_Update_Email_Address_Negative_Flow" time="3.706" classname="app.psc.testcases.myprofile.MyProfileTestCases"/>
  <testcase name="TC004_01_SIT_PSC_Update_My_profile_Security_Questions" time="2.957" classname="app.psc.testcases.myprofile.MyProfileTestCases"/>
  <testcase name="TC002_03_SIT_PSC_Update_Email_Address_Invalid_Password" time="75.098" classname="app.psc.testcases.myprofile.MyProfileTestCases"/>
  <testcase name="TC003_01_SIT_PSC_Update_User_Name" time="33.645" classname="app.psc.testcases.myprofile.MyProfileTestCases"/>
  <testcase name="TC004_01_SIT_PSC_Update_My_profile_Security_Questions" time="35.171" classname="app.psc.testcases.myprofile.MyProfileTestCases"/>
  <testcase name="TC005_01_SIT_PSC_Update_My_profile_Password" time="18.249" classname="app.psc.testcases.myprofile.MyProfileTestCases"/>
  <testcase name="TC006_01_FAQ_DDTC_245" time="39.721" classname="app.psc.testcases.myprofile.MyProfileTestCases"/>
  <testcase name="TC005_01_SIT_PSC_Update_My_profile_Password" time="5.382" classname="app.psc.testcases.myprofile.MyProfileTestCases"/>
  <testcase name="TC005_01_SIT_PSC_Update_My_profile_Password" time="38.579" classname="app.psc.testcases.myprofile.MyProfileTestCases"/>
  <testcase name="TC002_01_SIT_PSC_Update_Email_Address_Positive_Flow" time="49.531" classname="app.psc.testcases.myprofile.MyProfileTestCases"/>
</testsuite> <!-- app.psc.testcases.myprofile.MyProfileTestCases -->
