<?xml version="1.0" encoding="UTF-8"?>
<!-- Generated by org.testng.reporters.JUnitReportReporter -->
<testsuite hostname="XWJPMDD415" name="app.psc.testcases.plan.plansearchtestcases" tests="15" failures="5" timestamp="20 Jul 2018 10:32:16 GMT" time="1506.912" errors="0">
  <testcase name="TC02_Validate_error_message_when_plan_field_is_left_blank" time="6.721" classname="app.psc.testcases.plan.plansearchtestcases"/>
  <testcase name="TC01_search_plan_for_valid_plan" time="101.333" classname="app.psc.testcases.plan.plansearchtestcases"/>
  <testcase name="TC12_3rd_Level_Links" time="71.328" classname="app.psc.testcases.plan.plansearchtestcases"/>
  <testcase name="TC03_Verify_planDetails_Populated" time="5.326" classname="app.psc.testcases.plan.plansearchtestcases"/>
  <testcase name="TC03_Validate_Error_Message_When_Invalid_Plan_Number_Entered" time="28.797" classname="app.psc.testcases.plan.plansearchtestcases"/>
  <testcase name="TC10_SIT_PSC_Fiduciary_Records_Plan_Documents_No_Part_grouping" time="191.405" classname="app.psc.testcases.plan.plansearchtestcases"/>
  <testcase name="TC04_Validate_Plan_Page_When_PlanName_Entered" time="71.524" classname="app.psc.testcases.plan.plansearchtestcases"/>
  <testcase name="TC07_SIT_PSC_Investment_Asset_Allocations_page" time="49.756" classname="app.psc.testcases.plan.plansearchtestcases"/>
  <testcase name="TC15_SIT_PSC_Investment_Fixed_Investment_FutureRates" time="81.416" classname="app.psc.testcases.plan.plansearchtestcases"/>
  <testcase name="TC06_SIT_PSC_Investment_Fixed_Investment_Rates_Page" time="123.930" classname="app.psc.testcases.plan.plansearchtestcases"/>
  <testcase name="TC09_Order_Participant_QDIA_Notice_Listing" time="46.733" classname="app.psc.testcases.plan.plansearchtestcases"/>
  <testcase name="TC09_Order_Participant_QDIA_Notice_Listing" time="131.856" classname="app.psc.testcases.plan.plansearchtestcases"/>
  <testcase name="TC05_SIT_PSC_Plan_messaging_confirmation_page" time="111.720" classname="app.psc.testcases.plan.plansearchtestcases"/>
  <testcase name="TC13_PLN_ADM_View_Change_Banking_Information_Regr" time="99.311" classname="app.psc.testcases.plan.plansearchtestcases"/>
  <testcase name="TC08_Disable_certain_user_edit_fields_for_SAW" time="385.756" classname="app.psc.testcases.plan.plansearchtestcases"/>
</testsuite> <!-- app.psc.testcases.plan.plansearchtestcases -->
