<?xml version="1.0" encoding="UTF-8"?>
<!-- Generated by org.testng.reporters.JUnitReportReporter -->
<testsuite name="app.psc.testcases.login.logintestcases" tests="21" time="1236.965" ignored="6" failures="0" timestamp="03 Apr 2018 07:48:49 GMT" skipped="0" hostname="XWJPMDD035" errors="7">
  <testcase name="TC001_01_SIT_PSC_Sitenavigation_Menutabs" time="71.249" classname="app.psc.testcases.login.logintestcases"/>
  <testcase name="TC004_02_Verify_Header_and_Footer_Links_PostLogin" time="95.506" classname="app.psc.testcases.login.logintestcases">
    <error/>
  </testcase> <!-- TC004_02_Verify_Header_and_Footer_Links_PostLogin -->
  <testcase name="TC004_Verify_PLUser_Login_With_No_Plna_Access" time="58.021" classname="app.psc.testcases.login.logintestcases"/>
  <testcase name="TC001_09_Verify_Jump_Page_Not_Displayed_When_AcessToPlanInSingleSite" time="122.567" classname="app.psc.testcases.login.logintestcases"/>
  <testcase name="TC011_01_SIT_PSC_Login_01_TC020_Unsuccessful_login_attempts" time="68.812" classname="app.psc.testcases.login.logintestcases"/>
  <testcase name="TC004_01_Verify_Header_and_Footer_Links_PreLogin" time="97.536" classname="app.psc.testcases.login.logintestcases">
    <error/>
  </testcase> <!-- TC004_01_Verify_Header_and_Footer_Links_PreLogin -->
  <testcase name="TC01_SIT_PSC_HomePage_Transaction_Security" time="73.192" classname="app.psc.testcases.login.logintestcases">
    <error/>
  </testcase> <!-- TC01_SIT_PSC_HomePage_Transaction_Security -->
  <testcase name="TC017_01_Internal_Employee_External_Client_Login" time="14.352" classname="app.psc.testcases.login.logintestcases"/>
  <testcase name="TC005_01_Verify_User_Account_Locking_For_Max_Invalid_Attempt" time="28.507" classname="app.psc.testcases.login.logintestcases">
    <error/>
  </testcase> <!-- TC005_01_Verify_User_Account_Locking_For_Max_Invalid_Attempt -->
  <testcase name="TC05_01_SIT_PSC_HomePage_01_TC001_frame_on_Dashboard_Filesharing_and_Reports_pages" time="128.940" classname="app.psc.testcases.login.logintestcases">
    <error/>
  </testcase> <!-- TC05_01_SIT_PSC_HomePage_01_TC001_frame_on_Dashboard_Filesharing_and_Reports_pages -->
  <testcase name="TC001_02_SIT_PSC_Sitenavigation_SubMenutabs" time="105.442" classname="app.psc.testcases.login.logintestcases"/>
  <testcase name="TC007_01_display_correct_date_and_time_of_my_last_login" time="70.921" classname="app.psc.testcases.login.logintestcases"/>
  <testcase name="TC002_01_Verify_Existing_User_Error_Messages_PreLogin" time="19.266" classname="app.psc.testcases.login.logintestcases"/>
  <testcase name="TC006_01_Verify_Error_Message_For_Terminated_User" time="18.722" classname="app.psc.testcases.login.logintestcases"/>
  <testcase name="TC017_01_Internal_Employee_External_Client_Login" time="14.868" classname="app.psc.testcases.login.logintestcases"/>
  <testcase name="TC002_Verify_Jump_Page_Displayed_When_AcessToPlansInAllSites" time="150.043" classname="app.psc.testcases.login.logintestcases">
    <error/>
  </testcase> <!-- TC002_Verify_Jump_Page_Displayed_When_AcessToPlansInAllSites -->
  <testcase name="TC006_01_Verify_Force_Login" time="26.193" classname="app.psc.testcases.login.logintestcases"/>
  <testcase name="TC002_01_Verify_Existing_User_Error_Messages_PreLogin" time="21.437" classname="app.psc.testcases.login.logintestcases"/>
  <testcase name="TC002_01_Verify_Existing_User_Error_Messages_PreLogin" time="18.583" classname="app.psc.testcases.login.logintestcases"/>
  <testcase name="TC003_UI_Validations_On_JumpPage" time="14.462" classname="app.psc.testcases.login.logintestcases">
    <error/>
  </testcase> <!-- TC003_UI_Validations_On_JumpPage -->
  <testcase name="TC002_01_Verify_Existing_User_Error_Messages_PreLogin" time="18.346" classname="app.psc.testcases.login.logintestcases"/>
  <testcase name="TC26_Terminate_User_ID" classname="app.psc.testcases.plan.plantestcases">
    <skipped/>
  </testcase> <!-- TC26_Terminate_User_ID -->
  <testcase name="TC25_Investment_Document_Page" classname="app.psc.testcases.plan.plantestcases">
    <skipped/>
  </testcase> <!-- TC25_Investment_Document_Page -->
  <testcase name="TC010_01_Verify_Restyled_Button_Home_Page_For_Sentence_Case" classname="app.psc.testcases.login.logintestcases">
    <skipped/>
  </testcase> <!-- TC010_01_Verify_Restyled_Button_Home_Page_For_Sentence_Case -->
  <testcase name="TC008_01_Verify_Equality_Of_SessionID_From_Browser_And_DB" classname="app.psc.testcases.login.logintestcases">
    <skipped/>
  </testcase> <!-- TC008_01_Verify_Equality_Of_SessionID_From_Browser_And_DB -->
  <testcase name="TC009_01_Verify_To_Do_List_Site_Navigator" classname="app.psc.testcases.login.logintestcases">
    <skipped/>
  </testcase> <!-- TC009_01_Verify_To_Do_List_Site_Navigator -->
  <testcase name="Verify_TUDS_table_for_Magic_login" classname="app.psc.testcases.userverification.userverificationtestcases">
    <skipped/>
  </testcase> <!-- Verify_TUDS_table_for_Magic_login -->
</testsuite> <!-- app.psc.testcases.login.logintestcases -->
