<?xml version="1.0" encoding="UTF-8"?>
<!-- Generated by org.testng.reporters.JUnitReportReporter -->
<testsuite name="app.psc.testcases.userverification.userverificationtestcases" tests="10" time="269.469" ignored="3" failures="0" timestamp="24 May 2017 11:22:09 GMT" skipped="0" hostname="XWJPMDD035" errors="0">
  <testcase name="TC007_02_Verify_Login_Flow_Existing_User_New_Browser_Invalid_input" time="11.574" classname="app.psc.testcases.userverification.userverificationtestcases"/>
  <testcase name="Verify_TUDS_table_for_Magic_login" time="18.848" classname="app.psc.testcases.userverification.userverificationtestcases"/>
  <testcase name="TC007_02_Verify_Login_Flow_Existing_User_New_Browser_Invalid_input" time="31.204" classname="app.psc.testcases.userverification.userverificationtestcases"/>
  <testcase name="TC007_03_Verify_Login_Flow_Existing_User_withing_same_browser_session" time="54.599" classname="app.psc.testcases.userverification.userverificationtestcases"/>
  <testcase name="TC007_02_Verify_Login_Flow_Existing_User_New_Browser_Invalid_input" time="7.609" classname="app.psc.testcases.userverification.userverificationtestcases"/>
  <testcase name="TC007_02_Verify_Login_Flow_Existing_User_New_Browser_Invalid_input" time="6.853" classname="app.psc.testcases.userverification.userverificationtestcases"/>
  <testcase name="TC007_02_Verify_Login_Flow_Existing_User_New_Browser_Invalid_input" time="6.423" classname="app.psc.testcases.userverification.userverificationtestcases"/>
  <testcase name="TC007_03_Verify_Login_Flow_Existing_User_withing_same_browser_session" time="52.542" classname="app.psc.testcases.userverification.userverificationtestcases"/>
  <testcase name="TC007_01_Verify_Login_Flow_Existing_User_NewBrowser_Valid_Input" time="64.662" classname="app.psc.testcases.userverification.userverificationtestcases"/>
  <testcase name="Verify_TUDS_table_for_Magic_login" time="15.155" classname="app.psc.testcases.userverification.userverificationtestcases"/>
  <testcase name="TC010_01_Verify_Restyled_Button_Home_Page_For_Sentence_Case" classname="app.psc.testcases.login.logintestcases">
    <skipped/>
  </testcase> <!-- TC010_01_Verify_Restyled_Button_Home_Page_For_Sentence_Case -->
  <testcase name="TC008_01_Verify_Equality_Of_SessionID_From_Browser_And_DB" classname="app.psc.testcases.login.logintestcases">
    <skipped/>
  </testcase> <!-- TC008_01_Verify_Equality_Of_SessionID_From_Browser_And_DB -->
  <testcase name="TC009_01_Verify_To_Do_List_Site_Navigator" classname="app.psc.testcases.login.logintestcases">
    <skipped/>
  </testcase> <!-- TC009_01_Verify_To_Do_List_Site_Navigator -->
</testsuite> <!-- app.psc.testcases.userverification.userverificationtestcases -->
