<?xml version="1.0" encoding="UTF-8"?>
<!-- Generated by org.testng.reporters.JUnitReportReporter -->
<testsuite hostname="XWJPMDD177" name="app.psc.testcases.accountverification.accountverificationtestcases" tests="7" failures="7" timestamp="14 Dec 2017 10:25:47 GMT" time="155.701" errors="0">
  <testcase name="TC008_03_Verify_New_User_loginFlow_register_username_invalid_input" time="49.112" classname="app.psc.testcases.accountverification.accountverificationtestcases"/>
  <testcase name="TC008_01_Verify_Login_Flow_Security_Answer_Invalid_Input_New_PSC_User" time="19.109" classname="app.psc.testcases.accountverification.accountverificationtestcases"/>
  <testcase name="TC008_03_Verify_New_User_loginFlow_register_username_invalid_input" time="10.363" classname="app.psc.testcases.accountverification.accountverificationtestcases"/>
  <testcase name="TC008_01_Verify_Login_Flow_Security_Answer_Invalid_Input_New_PSC_User" time="19.047" classname="app.psc.testcases.accountverification.accountverificationtestcases"/>
  <testcase name="TC008_01_Verify_Login_Flow_Security_Answer_Invalid_Input_New_PSC_User" time="18.968" classname="app.psc.testcases.accountverification.accountverificationtestcases"/>
  <testcase name="TC008_01_Verify_Login_Flow_Security_Answer_Invalid_Input_New_PSC_User" time="18.885" classname="app.psc.testcases.accountverification.accountverificationtestcases"/>
  <testcase name="TC008_02_Verify_Login_Flow_Security_Answer_Select_Security_Questions_Same" time="20.217" classname="app.psc.testcases.accountverification.accountverificationtestcases"/>
</testsuite> <!-- app.psc.testcases.accountverification.accountverificationtestcases -->
