<?xml version="1.0" encoding="UTF-8"?>
<!-- Generated by org.testng.reporters.JUnitReportReporter -->
<testsuite name="app.psc.testcases.plan.plansearchtestcases" tests="16" time="1050.141" ignored="5" failures="0" timestamp="27 Sep 2017 06:23:07 GMT" skipped="0" hostname="XWJPMDD177" errors="10">
  <testcase name="TC11_SIT_PSC_HomePage_Fiduciary_Records_Required_Notices_Part_grouping" time="210.999" classname="app.psc.testcases.plan.plansearchtestcases">
    <error/>
  </testcase> <!-- TC11_SIT_PSC_HomePage_Fiduciary_Records_Required_Notices_Part_grouping -->
  <testcase name="TC01_search_plan_for_valid_plan" time="71.792" classname="app.psc.testcases.plan.plansearchtestcases"/>
  <testcase name="TC15_SIT_PSC_Investment_Fixed_Investment_FutureRates" time="91.753" classname="app.psc.testcases.plan.plansearchtestcases">
    <error/>
  </testcase> <!-- TC15_SIT_PSC_Investment_Fixed_Investment_FutureRates -->
  <testcase name="TC13_PLN_ADM_View_Change_Banking_Information_Regr" time="63.634" classname="app.psc.testcases.plan.plansearchtestcases">
    <error/>
  </testcase> <!-- TC13_PLN_ADM_View_Change_Banking_Information_Regr -->
  <testcase name="TC08_Disable_certain_user_edit_fields_for_SAW" time="58.584" classname="app.psc.testcases.plan.plansearchtestcases">
    <error/>
  </testcase> <!-- TC08_Disable_certain_user_edit_fields_for_SAW -->
  <testcase name="TC02_Validate_error_message_when_plan_field_is_left_blank" time="5.855" classname="app.psc.testcases.plan.plansearchtestcases">
    <error/>
  </testcase> <!-- TC02_Validate_error_message_when_plan_field_is_left_blank -->
  <testcase name="TC10_SIT_PSC_Fiduciary_Records_Plan_Documents_No_Part_grouping" time="117.385" classname="app.psc.testcases.plan.plansearchtestcases">
    <error/>
  </testcase> <!-- TC10_SIT_PSC_Fiduciary_Records_Plan_Documents_No_Part_grouping -->
  <testcase name="TC06_SIT_PSC_Investment_Fixed_Investment_Rates_Page" time="59.946" classname="app.psc.testcases.plan.plansearchtestcases">
    <error/>
  </testcase> <!-- TC06_SIT_PSC_Investment_Fixed_Investment_Rates_Page -->
  <testcase name="TC03_Validate_Error_Message_When_Invalid_Plan_Number_Entered" time="14.924" classname="app.psc.testcases.plan.plansearchtestcases"/>
  <testcase name="TC12_3rd_Level_Links" time="83.784" classname="app.psc.testcases.plan.plansearchtestcases"/>
  <testcase name="TC14_SIT_PSC_Investment_Options" time="144.858" classname="app.psc.testcases.plan.plansearchtestcases">
    <error/>
  </testcase> <!-- TC14_SIT_PSC_Investment_Options -->
  <testcase name="TC09_Order_Participant_QDIA_Notice_Listing" time="62.748" classname="app.psc.testcases.plan.plansearchtestcases">
    <error/>
  </testcase> <!-- TC09_Order_Participant_QDIA_Notice_Listing -->
  <testcase name="TC07_SIT_PSC_Investment_Asset_Allocations_page" time="19.305" classname="app.psc.testcases.plan.plansearchtestcases"/>
  <testcase name="TC03_Verify_planDetails_Populated" time="2.661" classname="app.psc.testcases.plan.plansearchtestcases"/>
  <testcase name="TC04_Validate_Plan_Page_When_PlanName_Entered" time="33.021" classname="app.psc.testcases.plan.plansearchtestcases"/>
  <testcase name="TC05_SIT_PSC_Plan_messaging_confirmation_page" time="8.892" classname="app.psc.testcases.plan.plansearchtestcases">
    <error/>
  </testcase> <!-- TC05_SIT_PSC_Plan_messaging_confirmation_page -->
  <testcase name="TC20_Complex_User" classname="app.psc.testcases.plan.plantestcases">
    <skipped/>
  </testcase> <!-- TC20_Complex_User -->
  <testcase name="Verify_TUDS_table_for_Magic_login" classname="app.psc.testcases.userverification.userverificationtestcases">
    <skipped/>
  </testcase> <!-- Verify_TUDS_table_for_Magic_login -->
  <testcase name="TC010_01_Verify_Restyled_Button_Home_Page_For_Sentence_Case" classname="app.psc.testcases.login.logintestcases">
    <skipped/>
  </testcase> <!-- TC010_01_Verify_Restyled_Button_Home_Page_For_Sentence_Case -->
  <testcase name="TC008_01_Verify_Equality_Of_SessionID_From_Browser_And_DB" classname="app.psc.testcases.login.logintestcases">
    <skipped/>
  </testcase> <!-- TC008_01_Verify_Equality_Of_SessionID_From_Browser_And_DB -->
  <testcase name="TC009_01_Verify_To_Do_List_Site_Navigator" classname="app.psc.testcases.login.logintestcases">
    <skipped/>
  </testcase> <!-- TC009_01_Verify_To_Do_List_Site_Navigator -->
</testsuite> <!-- app.psc.testcases.plan.plansearchtestcases -->
