<?xml version="1.0" encoding="UTF-8"?>
<!-- Generated by org.testng.reporters.JUnitReportReporter -->
<testsuite name="app.psc.testcases.accountverification.accountverificationtest_plan" tests="2" time="94.439" ignored="5" failures="0" timestamp="27 Sep 2017 06:23:07 GMT" skipped="0" hostname="XWJPMDD177" errors="0">
  <testcase name="TC012_01_Verify_User_Access_New_Plan_For_Invalid_Input" time="37.423" classname="app.psc.testcases.accountverification.accountverificationtest_plan"/>
  <testcase name="TC012_02_Verify_User_Access_New_Plan_For_Valid_Input" time="57.016" classname="app.psc.testcases.accountverification.accountverificationtest_plan"/>
  <testcase name="TC20_Complex_User" classname="app.psc.testcases.plan.plantestcases">
    <skipped/>
  </testcase> <!-- TC20_Complex_User -->
  <testcase name="Verify_TUDS_table_for_Magic_login" classname="app.psc.testcases.userverification.userverificationtestcases">
    <skipped/>
  </testcase> <!-- Verify_TUDS_table_for_Magic_login -->
  <testcase name="TC010_01_Verify_Restyled_Button_Home_Page_For_Sentence_Case" classname="app.psc.testcases.login.logintestcases">
    <skipped/>
  </testcase> <!-- TC010_01_Verify_Restyled_Button_Home_Page_For_Sentence_Case -->
  <testcase name="TC008_01_Verify_Equality_Of_SessionID_From_Browser_And_DB" classname="app.psc.testcases.login.logintestcases">
    <skipped/>
  </testcase> <!-- TC008_01_Verify_Equality_Of_SessionID_From_Browser_And_DB -->
  <testcase name="TC009_01_Verify_To_Do_List_Site_Navigator" classname="app.psc.testcases.login.logintestcases">
    <skipped/>
  </testcase> <!-- TC009_01_Verify_To_Do_List_Site_Navigator -->
</testsuite> <!-- app.psc.testcases.accountverification.accountverificationtest_plan -->
