<?xml version="1.0" encoding="UTF-8"?>
<!-- Generated by org.testng.reporters.JUnitReportReporter -->
<testsuite hostname="XWJPMDD177" name="app.psc.testcases.employeesearch.employeesearchtestcases_db" tests="8" failures="1" timestamp="16 Nov 2017 10:50:13 GMT" time="151.327" errors="0">
  <testcase name="TC020_Verify_the_Order_of_search_results" time="5.820" classname="app.psc.testcases.employeesearch.employeesearchtestcases_db"/>
  <testcase name="TC019_Verify_the_Pagination_on_search_results_page" time="10.469" classname="app.psc.testcases.employeesearch.employeesearchtestcases_db"/>
  <testcase name="TC024_Verify_Filter_Functionality_Search_Results_Page" time="0.531" classname="app.psc.testcases.employeesearch.employeesearchtestcases_db">
    <failure type="java.lang.NullPointerException">
      <![CDATA[java.lang.NullPointerException
	at app.psc.testcases.employeesearch.employeesearchtestcases_db.TC024_Verify_Filter_Functionality_Search_Results_Page(employeesearchtestcases_db.java:393)
	at sun.reflect.NativeMethodAccessorImpl.invoke0(Native Method)
	at sun.reflect.NativeMethodAccessorImpl.invoke(NativeMethodAccessorImpl.java:62)
	at sun.reflect.DelegatingMethodAccessorImpl.invoke(DelegatingMethodAccessorImpl.java:43)
	at java.lang.reflect.Method.invoke(Method.java:498)
	at org.testng.internal.MethodInvocationHelper.invokeMethod(MethodInvocationHelper.java:80)
	at org.testng.internal.Invoker.invokeMethod(Invoker.java:714)
	at org.testng.internal.Invoker.invokeTestMethod(Invoker.java:901)
	at org.testng.internal.Invoker.invokeTestMethods(Invoker.java:1231)
	at org.testng.internal.TestMethodWorker.invokeTestMethods(TestMethodWorker.java:127)
	at org.testng.internal.TestMethodWorker.run(TestMethodWorker.java:111)
	at java.util.concurrent.ThreadPoolExecutor.runWorker(ThreadPoolExecutor.java:1142)
	at java.util.concurrent.ThreadPoolExecutor$Worker.run(ThreadPoolExecutor.java:617)
	at java.lang.Thread.run(Thread.java:745)
]]>
    </failure>
  </testcase> <!-- TC024_Verify_Filter_Functionality_Search_Results_Page -->
  <testcase name="TC018_Verify_the_sorting_in_search_results" time="24.728" classname="app.psc.testcases.employeesearch.employeesearchtestcases_db"/>
  <testcase name="TC021_Verify_Search_results_are_displayed_as_Hyperlinks" time="40.204" classname="app.psc.testcases.employeesearch.employeesearchtestcases_db"/>
  <testcase name="TC023_Verify_the_limit_of_search_results_on_searchpage" time="5.321" classname="app.psc.testcases.employeesearch.employeesearchtestcases_db"/>
  <testcase name="TC022_Verify_if_the_clicking_on_a_searchresults_redirects_to_employee_overview_page" time="19.934" classname="app.psc.testcases.employeesearch.employeesearchtestcases_db"/>
  <testcase name="TC017_Verify_the_dropdown_options_And_Screen_elements" time="44.320" classname="app.psc.testcases.employeesearch.employeesearchtestcases_db"/>
</testsuite> <!-- app.psc.testcases.employeesearch.employeesearchtestcases_db -->
