<?xml version="1.0" encoding="UTF-8"?>
<!-- Generated by org.testng.reporters.JUnitReportReporter -->
<testsuite hostname="XWJPMDD415" name="app.psc.testcases.guidedpayroll.guidedpayrolltestcases" tests="2" failures="0" timestamp="12 Jul 2018 11:25:24 GMT" time="79.155" errors="0">
  <testcase name="TC002_Compare_Contributiontotal_Displayed" time="20.477" classname="app.psc.testcases.guidedpayroll.guidedpayrolltestcases"/>
  <testcase name="TC001_Verify_Contributiontotal_for_Invalid_User_input" time="58.678" classname="app.psc.testcases.guidedpayroll.guidedpayrolltestcases"/>
</testsuite> <!-- app.psc.testcases.guidedpayroll.guidedpayrolltestcases -->
