<?xml version="1.0" encoding="UTF-8"?>
<!-- Generated by org.testng.reporters.JUnitReportReporter -->
<testsuite name="app.psc.testcases.myprofile.MyProfileTestCases" tests="1" time="53.777" ignored="8" failures="0" timestamp="21 Aug 2017 12:57:31 GMT" skipped="0" hostname="XWJPMDD035" errors="0">
  <testcase name="TC006_01_FAQ_DDTC_245" time="53.777" classname="app.psc.testcases.myprofile.MyProfileTestCases"/>
  <testcase name="TC001_02_SIT_PSC_Update_My_profile_Default_Plan" classname="app.psc.testcases.myprofile.MyProfileTestCases">
    <skipped/>
  </testcase> <!-- TC001_02_SIT_PSC_Update_My_profile_Default_Plan -->
  <testcase name="TC003_01_SIT_PSC_Update_User_Name" classname="app.psc.testcases.myprofile.MyProfileTestCases">
    <skipped/>
  </testcase> <!-- TC003_01_SIT_PSC_Update_User_Name -->
  <testcase name="TC002_01_SIT_PSC_Update_Email_Address_Positive_Flow" classname="app.psc.testcases.myprofile.MyProfileTestCases">
    <skipped/>
  </testcase> <!-- TC002_01_SIT_PSC_Update_Email_Address_Positive_Flow -->
  <testcase name="TC004_01_SIT_PSC_Update_My_profile_Security_Questions" classname="app.psc.testcases.myprofile.MyProfileTestCases">
    <skipped/>
  </testcase> <!-- TC004_01_SIT_PSC_Update_My_profile_Security_Questions -->
  <testcase name="TC001_01_SIT_PSC_Update_My_profile_Default_Plan" classname="app.psc.testcases.myprofile.MyProfileTestCases">
    <skipped/>
  </testcase> <!-- TC001_01_SIT_PSC_Update_My_profile_Default_Plan -->
  <testcase name="TC002_03_SIT_PSC_Update_Email_Address_Invalid_Password" classname="app.psc.testcases.myprofile.MyProfileTestCases">
    <skipped/>
  </testcase> <!-- TC002_03_SIT_PSC_Update_Email_Address_Invalid_Password -->
  <testcase name="TC002_02_SIT_PSC_Update_Email_Address_Negative_Flow" classname="app.psc.testcases.myprofile.MyProfileTestCases">
    <skipped/>
  </testcase> <!-- TC002_02_SIT_PSC_Update_Email_Address_Negative_Flow -->
  <testcase name="TC005_01_SIT_PSC_Update_My_profile_Password" classname="app.psc.testcases.myprofile.MyProfileTestCases">
    <skipped/>
  </testcase> <!-- TC005_01_SIT_PSC_Update_My_profile_Password -->
</testsuite> <!-- app.psc.testcases.myprofile.MyProfileTestCases -->
