<?xml version="1.0" encoding="UTF-8"?>
<!-- Generated by org.testng.reporters.JUnitReportReporter -->
<testsuite hostname="XWJPMDD415" name="app.psc.testcases.userverification.userverificationtestcases" tests="8" failures="2" timestamp="13 Jul 2018 05:36:26 GMT" time="306.409" errors="0">
  <testcase name="TC007_01_Verify_Login_Flow_Existing_User_NewBrowser_Valid_Input" time="60.605" classname="app.psc.testcases.userverification.userverificationtestcases"/>
  <testcase name="TC007_02_Verify_Login_Flow_Existing_User_New_Browser_Invalid_input" time="5.932" classname="app.psc.testcases.userverification.userverificationtestcases"/>
  <testcase name="TC007_02_Verify_Login_Flow_Existing_User_New_Browser_Invalid_input" time="5.970" classname="app.psc.testcases.userverification.userverificationtestcases"/>
  <testcase name="TC007_03_Verify_Login_Flow_Existing_User_withing_same_browser_session" time="86.334" classname="app.psc.testcases.userverification.userverificationtestcases"/>
  <testcase name="TC007_02_Verify_Login_Flow_Existing_User_New_Browser_Invalid_input" time="6.019" classname="app.psc.testcases.userverification.userverificationtestcases"/>
  <testcase name="TC007_02_Verify_Login_Flow_Existing_User_New_Browser_Invalid_input" time="5.793" classname="app.psc.testcases.userverification.userverificationtestcases"/>
  <testcase name="TC007_03_Verify_Login_Flow_Existing_User_withing_same_browser_session" time="97.006" classname="app.psc.testcases.userverification.userverificationtestcases"/>
  <testcase name="TC007_02_Verify_Login_Flow_Existing_User_New_Browser_Invalid_input" time="38.750" classname="app.psc.testcases.userverification.userverificationtestcases"/>
</testsuite> <!-- app.psc.testcases.userverification.userverificationtestcases -->
