<?xml version="1.0" encoding="UTF-8"?>
<!-- Generated by org.testng.reporters.JUnitReportReporter -->
<testsuite name="app.psc.testcases.employeesearch.employeesearchtestcases_db" tests="13" time="724.280" ignored="5" failures="0" timestamp="27 Sep 2017 06:23:07 GMT" skipped="0" hostname="XWJPMDD177" errors="1">
  <testcase name="TC022_Verify_if_the_clicking_on_a_searchresults_redirects_to_employee_overview_page" time="27.022" classname="app.psc.testcases.employeesearch.employeesearchtestcases_db"/>
  <testcase name="TC023_Verify_the_limit_of_search_results_on_searchpage" time="17.981" classname="app.psc.testcases.employeesearch.employeesearchtestcases_db"/>
  <testcase name="TC028_Verify_search_results_are_displayed_for_termed_employees" time="170.683" classname="app.psc.testcases.employeesearch.employeesearchtestcases_db"/>
  <testcase name="TC020_Verify_the_Order_of_search_results" time="22.420" classname="app.psc.testcases.employeesearch.employeesearchtestcases_db"/>
  <testcase name="TC021_Verify_Search_results_are_displayed_as_Hyperlinks" time="76.260" classname="app.psc.testcases.employeesearch.employeesearchtestcases_db"/>
  <testcase name="TC018_Verify_the_sorting_in_search_results" time="22.119" classname="app.psc.testcases.employeesearch.employeesearchtestcases_db"/>
  <testcase name="TC027_Verify_termed_employeedetails_are_displayed" time="15.000" classname="app.psc.testcases.employeesearch.employeesearchtestcases_db"/>
  <testcase name="TC025_Verify_search_results_for_ssn_with_extension" time="78.390" classname="app.psc.testcases.employeesearch.employeesearchtestcases_db"/>
  <testcase name="TC024_Verify_Filter_Functionality_Search_Results_Page" time="53.138" classname="app.psc.testcases.employeesearch.employeesearchtestcases_db">
    <error/>
  </testcase> <!-- TC024_Verify_Filter_Functionality_Search_Results_Page -->
  <testcase name="TC017_Verify_the_dropdown_options_And_Screen_elements" time="84.459" classname="app.psc.testcases.employeesearch.employeesearchtestcases_db"/>
  <testcase name="TC019_Verify_the_Pagination_on_search_results_page" time="22.445" classname="app.psc.testcases.employeesearch.employeesearchtestcases_db"/>
  <testcase name="TC029_Verify_ssn_masking_for_external_users" time="70.338" classname="app.psc.testcases.employeesearch.employeesearchtestcases_db"/>
  <testcase name="TC026_Verify_search_results_are_not_displayed_for_employess_with_err_code" time="64.025" classname="app.psc.testcases.employeesearch.employeesearchtestcases_db"/>
  <testcase name="TC20_Complex_User" classname="app.psc.testcases.plan.plantestcases">
    <skipped/>
  </testcase> <!-- TC20_Complex_User -->
  <testcase name="Verify_TUDS_table_for_Magic_login" classname="app.psc.testcases.userverification.userverificationtestcases">
    <skipped/>
  </testcase> <!-- Verify_TUDS_table_for_Magic_login -->
  <testcase name="TC010_01_Verify_Restyled_Button_Home_Page_For_Sentence_Case" classname="app.psc.testcases.login.logintestcases">
    <skipped/>
  </testcase> <!-- TC010_01_Verify_Restyled_Button_Home_Page_For_Sentence_Case -->
  <testcase name="TC008_01_Verify_Equality_Of_SessionID_From_Browser_And_DB" classname="app.psc.testcases.login.logintestcases">
    <skipped/>
  </testcase> <!-- TC008_01_Verify_Equality_Of_SessionID_From_Browser_And_DB -->
  <testcase name="TC009_01_Verify_To_Do_List_Site_Navigator" classname="app.psc.testcases.login.logintestcases">
    <skipped/>
  </testcase> <!-- TC009_01_Verify_To_Do_List_Site_Navigator -->
</testsuite> <!-- app.psc.testcases.employeesearch.employeesearchtestcases_db -->
