<?xml version="1.0" encoding="UTF-8"?>
<!-- Generated by org.testng.reporters.JUnitReportReporter -->
<testsuite name="app.psc.testcases.myprofile.MyProfileTestCases" tests="16" time="521.074" ignored="5" failures="0" timestamp="27 Sep 2017 06:23:07 GMT" skipped="0" hostname="XWJPMDD177" errors="4">
  <testcase name="TC004_01_SIT_PSC_Update_My_profile_Security_Questions" time="20.393" classname="app.psc.testcases.myprofile.MyProfileTestCases"/>
  <testcase name="TC005_01_SIT_PSC_Update_My_profile_Password" time="12.999" classname="app.psc.testcases.myprofile.MyProfileTestCases"/>
  <testcase name="TC002_03_SIT_PSC_Update_Email_Address_Invalid_Password" time="22.750" classname="app.psc.testcases.myprofile.MyProfileTestCases">
    <error/>
  </testcase> <!-- TC002_03_SIT_PSC_Update_Email_Address_Invalid_Password -->
  <testcase name="TC003_01_SIT_PSC_Update_User_Name" time="5.493" classname="app.psc.testcases.myprofile.MyProfileTestCases"/>
  <testcase name="TC005_01_SIT_PSC_Update_My_profile_Password" time="1.580" classname="app.psc.testcases.myprofile.MyProfileTestCases"/>
  <testcase name="TC002_02_SIT_PSC_Update_Email_Address_Negative_Flow" time="22.777" classname="app.psc.testcases.myprofile.MyProfileTestCases">
    <error/>
  </testcase> <!-- TC002_02_SIT_PSC_Update_Email_Address_Negative_Flow -->
  <testcase name="TC004_01_SIT_PSC_Update_My_profile_Security_Questions" time="38.787" classname="app.psc.testcases.myprofile.MyProfileTestCases"/>
  <testcase name="TC001_02_SIT_PSC_Update_My_profile_Default_Plan" time="22.783" classname="app.psc.testcases.myprofile.MyProfileTestCases">
    <error/>
  </testcase> <!-- TC001_02_SIT_PSC_Update_My_profile_Default_Plan -->
  <testcase name="TC005_01_SIT_PSC_Update_My_profile_Password" time="8.422" classname="app.psc.testcases.myprofile.MyProfileTestCases"/>
  <testcase name="TC006_01_FAQ_DDTC_245" time="325.269" classname="app.psc.testcases.myprofile.MyProfileTestCases"/>
  <testcase name="TC003_01_SIT_PSC_Update_User_Name" time="1.150" classname="app.psc.testcases.myprofile.MyProfileTestCases"/>
  <testcase name="TC005_01_SIT_PSC_Update_My_profile_Password" time="1.499" classname="app.psc.testcases.myprofile.MyProfileTestCases"/>
  <testcase name="TC002_01_SIT_PSC_Update_Email_Address_Positive_Flow" time="28.578" classname="app.psc.testcases.myprofile.MyProfileTestCases">
    <error/>
  </testcase> <!-- TC002_01_SIT_PSC_Update_Email_Address_Positive_Flow -->
  <testcase name="TC004_01_SIT_PSC_Update_My_profile_Security_Questions" time="1.802" classname="app.psc.testcases.myprofile.MyProfileTestCases"/>
  <testcase name="TC004_01_SIT_PSC_Update_My_profile_Security_Questions" time="5.389" classname="app.psc.testcases.myprofile.MyProfileTestCases"/>
  <testcase name="TC003_01_SIT_PSC_Update_User_Name" time="1.403" classname="app.psc.testcases.myprofile.MyProfileTestCases"/>
  <testcase name="TC20_Complex_User" classname="app.psc.testcases.plan.plantestcases">
    <skipped/>
  </testcase> <!-- TC20_Complex_User -->
  <testcase name="Verify_TUDS_table_for_Magic_login" classname="app.psc.testcases.userverification.userverificationtestcases">
    <skipped/>
  </testcase> <!-- Verify_TUDS_table_for_Magic_login -->
  <testcase name="TC010_01_Verify_Restyled_Button_Home_Page_For_Sentence_Case" classname="app.psc.testcases.login.logintestcases">
    <skipped/>
  </testcase> <!-- TC010_01_Verify_Restyled_Button_Home_Page_For_Sentence_Case -->
  <testcase name="TC008_01_Verify_Equality_Of_SessionID_From_Browser_And_DB" classname="app.psc.testcases.login.logintestcases">
    <skipped/>
  </testcase> <!-- TC008_01_Verify_Equality_Of_SessionID_From_Browser_And_DB -->
  <testcase name="TC009_01_Verify_To_Do_List_Site_Navigator" classname="app.psc.testcases.login.logintestcases">
    <skipped/>
  </testcase> <!-- TC009_01_Verify_To_Do_List_Site_Navigator -->
</testsuite> <!-- app.psc.testcases.myprofile.MyProfileTestCases -->
