<?xml version="1.0" encoding="UTF-8"?>
<!-- Generated by org.testng.reporters.JUnitReportReporter -->
<testsuite name="app.psc.testcases.myprofile.MyProfileTestCases" tests="17" time="215.303" ignored="6" failures="0" timestamp="03 Apr 2018 07:48:49 GMT" skipped="0" hostname="XWJPMDD035" errors="3">
  <testcase name="TC002_03_SIT_PSC_Update_Email_Address_Invalid_Password" time="52.042" classname="app.psc.testcases.myprofile.MyProfileTestCases">
    <error/>
  </testcase> <!-- TC002_03_SIT_PSC_Update_Email_Address_Invalid_Password -->
  <testcase name="TC003_01_SIT_PSC_Update_User_Name" time="1.887" classname="app.psc.testcases.myprofile.MyProfileTestCases"/>
  <testcase name="TC005_01_SIT_PSC_Update_My_profile_Password" time="1.348" classname="app.psc.testcases.myprofile.MyProfileTestCases"/>
  <testcase name="TC003_01_SIT_PSC_Update_User_Name" time="1.637" classname="app.psc.testcases.myprofile.MyProfileTestCases"/>
  <testcase name="TC004_01_SIT_PSC_Update_My_profile_Security_Questions" time="1.671" classname="app.psc.testcases.myprofile.MyProfileTestCases"/>
  <testcase name="TC004_01_SIT_PSC_Update_My_profile_Security_Questions" time="7.191" classname="app.psc.testcases.myprofile.MyProfileTestCases"/>
  <testcase name="TC004_01_SIT_PSC_Update_My_profile_Security_Questions" time="8.004" classname="app.psc.testcases.myprofile.MyProfileTestCases"/>
  <testcase name="TC005_01_SIT_PSC_Update_My_profile_Password" time="7.103" classname="app.psc.testcases.myprofile.MyProfileTestCases"/>
  <testcase name="TC002_02_SIT_PSC_Update_Email_Address_Negative_Flow" time="6.809" classname="app.psc.testcases.myprofile.MyProfileTestCases"/>
  <testcase name="TC005_01_SIT_PSC_Update_My_profile_Password" time="1.878" classname="app.psc.testcases.myprofile.MyProfileTestCases"/>
  <testcase name="TC004_01_SIT_PSC_Update_My_profile_Security_Questions" time="3.620" classname="app.psc.testcases.myprofile.MyProfileTestCases"/>
  <testcase name="TC001_02_SIT_PSC_Update_My_profile_Default_Plan" time="3.630" classname="app.psc.testcases.myprofile.MyProfileTestCases"/>
  <testcase name="TC006_01_FAQ_DDTC_245" time="73.007" classname="app.psc.testcases.myprofile.MyProfileTestCases"/>
  <testcase name="TC005_01_SIT_PSC_Update_My_profile_Password" time="20.564" classname="app.psc.testcases.myprofile.MyProfileTestCases"/>
  <testcase name="TC003_01_SIT_PSC_Update_User_Name" time="1.735" classname="app.psc.testcases.myprofile.MyProfileTestCases"/>
  <testcase name="TC002_01_SIT_PSC_Update_Email_Address_Positive_Flow" time="14.551" classname="app.psc.testcases.myprofile.MyProfileTestCases">
    <error/>
  </testcase> <!-- TC002_01_SIT_PSC_Update_Email_Address_Positive_Flow -->
  <testcase name="TC001_01_SIT_PSC_Update_My_profile_Default_Plan" time="8.626" classname="app.psc.testcases.myprofile.MyProfileTestCases">
    <error/>
  </testcase> <!-- TC001_01_SIT_PSC_Update_My_profile_Default_Plan -->
  <testcase name="TC26_Terminate_User_ID" classname="app.psc.testcases.plan.plantestcases">
    <skipped/>
  </testcase> <!-- TC26_Terminate_User_ID -->
  <testcase name="TC25_Investment_Document_Page" classname="app.psc.testcases.plan.plantestcases">
    <skipped/>
  </testcase> <!-- TC25_Investment_Document_Page -->
  <testcase name="TC010_01_Verify_Restyled_Button_Home_Page_For_Sentence_Case" classname="app.psc.testcases.login.logintestcases">
    <skipped/>
  </testcase> <!-- TC010_01_Verify_Restyled_Button_Home_Page_For_Sentence_Case -->
  <testcase name="TC008_01_Verify_Equality_Of_SessionID_From_Browser_And_DB" classname="app.psc.testcases.login.logintestcases">
    <skipped/>
  </testcase> <!-- TC008_01_Verify_Equality_Of_SessionID_From_Browser_And_DB -->
  <testcase name="TC009_01_Verify_To_Do_List_Site_Navigator" classname="app.psc.testcases.login.logintestcases">
    <skipped/>
  </testcase> <!-- TC009_01_Verify_To_Do_List_Site_Navigator -->
  <testcase name="Verify_TUDS_table_for_Magic_login" classname="app.psc.testcases.userverification.userverificationtestcases">
    <skipped/>
  </testcase> <!-- Verify_TUDS_table_for_Magic_login -->
</testsuite> <!-- app.psc.testcases.myprofile.MyProfileTestCases -->
