<?xml version="1.0" encoding="UTF-8"?>
<!-- Generated by org.testng.reporters.JUnitReportReporter -->
<testsuite hostname="XWJPMDD177" name="app.psc.testcases.employeesearch.employeesearchtestcases" tests="1" failures="1" timestamp="29 Nov 2017 10:34:59 GMT" time="340.340" errors="0">
  <testcase name="TC026_Verify_Employee_Basic_Info" time="340.340" classname="app.psc.testcases.employeesearch.employeesearchtestcases"/>
</testsuite> <!-- app.psc.testcases.employeesearch.employeesearchtestcases -->
