<?xml version="1.0" encoding="UTF-8"?>
<!-- Generated by org.testng.reporters.JUnitReportReporter -->
<testsuite hostname="XWJPMDD177" name="app.psc.testcases.plan.plansearchtestcases" tests="1" failures="0" timestamp="16 Nov 2017 10:50:13 GMT" time="104.586" errors="0">
  <testcase name="TC12_3rd_Level_Links" time="104.586" classname="app.psc.testcases.plan.plansearchtestcases"/>
</testsuite> <!-- app.psc.testcases.plan.plansearchtestcases -->
