<?xml version="1.0" encoding="UTF-8"?>
<!-- Generated by org.testng.reporters.JUnitReportReporter -->
<testsuite name="app.psc.testcases.login.logintestcases" tests="7" time="123.355" ignored="74" failures="0" timestamp="05 Oct 2017 10:27:54 GMT" skipped="0" hostname="XWJPMDD177" errors="1">
  <testcase name="TC002_01_Verify_Existing_User_Error_Messages_PreLogin" time="13.724" classname="app.psc.testcases.login.logintestcases"/>
  <testcase name="TC017_01_Internal_Employee_External_Client_Login" time="15.817" classname="app.psc.testcases.login.logintestcases"/>
  <testcase name="DriverQuite" time="0.000" classname="app.psc.testcases.login.logintestcases">
    <error type="org.openqa.selenium.NoSuchSessionException" message="The FirefoxDriver cannot be used after quit() was called.
Build info: version: &#039;3.0.1&#039;, revision: &#039;1969d75&#039;, time: &#039;2016-10-18 09:49:13 -0700&#039;
System info: host: &#039;XWJPMDD177&#039;, ip: &#039;143.199.167.18&#039;, os.name: &#039;Windows 7&#039;, os.arch: &#039;amd64&#039;, os.version: &#039;6.1&#039;, java.version: &#039;1.8.0_121&#039;
Driver info: driver.version: RemoteWebDriver">
      <![CDATA[org.openqa.selenium.NoSuchSessionException: The FirefoxDriver cannot be used after quit() was called.
Build info: version: '3.0.1', revision: '1969d75', time: '2016-10-18 09:49:13 -0700'
System info: host: 'XWJPMDD177', ip: '143.199.167.18', os.name: 'Windows 7', os.arch: 'amd64', os.version: '6.1', java.version: '1.8.0_121'
Driver info: driver.version: RemoteWebDriver
	at org.openqa.selenium.firefox.FirefoxDriver$LazyCommandExecutor.execute(FirefoxDriver.java:464)
	at org.openqa.selenium.remote.RemoteWebDriver.execute(RemoteWebDriver.java:601)
	at org.openqa.selenium.remote.RemoteWebDriver.execute(RemoteWebDriver.java:658)
	at org.openqa.selenium.remote.RemoteWebDriver.close(RemoteWebDriver.java:487)
	at app.psc.testcases.login.logintestcases.DriverQuite(logintestcases.java:1146)
	at sun.reflect.NativeMethodAccessorImpl.invoke0(Native Method)
	at sun.reflect.NativeMethodAccessorImpl.invoke(NativeMethodAccessorImpl.java:62)
	at sun.reflect.DelegatingMethodAccessorImpl.invoke(DelegatingMethodAccessorImpl.java:43)
	at java.lang.reflect.Method.invoke(Method.java:498)
	at org.testng.internal.MethodInvocationHelper.invokeMethod(MethodInvocationHelper.java:104)
	at org.testng.internal.Invoker.invokeConfigurationMethod(Invoker.java:515)
	at org.testng.internal.Invoker.invokeConfigurations(Invoker.java:217)
	at org.testng.internal.Invoker.invokeConfigurations(Invoker.java:144)
	at org.testng.SuiteRunner.privateRun(SuiteRunner.java:357)
	at org.testng.SuiteRunner.run(SuiteRunner.java:289)
	at org.testng.SuiteRunnerWorker.runSuite(SuiteRunnerWorker.java:52)
	at org.testng.SuiteRunnerWorker.run(SuiteRunnerWorker.java:86)
	at org.testng.TestNG.runSuitesSequentially(TestNG.java:1293)
	at org.testng.TestNG.runSuitesLocally(TestNG.java:1218)
	at org.testng.TestNG.runSuites(TestNG.java:1133)
	at org.testng.TestNG.run(TestNG.java:1104)
	at org.testng.remote.AbstractRemoteTestNG.run(AbstractRemoteTestNG.java:132)
	at org.testng.remote.RemoteTestNG.initAndRun(RemoteTestNG.java:236)
	at org.testng.remote.RemoteTestNG.main(RemoteTestNG.java:81)
]]>
    </error>
  </testcase> <!-- DriverQuite -->
  <testcase name="TC006_01_Verify_Force_Login" time="16.938" classname="app.psc.testcases.login.logintestcases"/>
  <testcase name="TC004_01_Verify_Header_and_Footer_Links_PreLogin" time="34.045" classname="app.psc.testcases.login.logintestcases"/>
  <testcase name="TC004_02_Verify_Header_and_Footer_Links_PostLogin" time="28.366" classname="app.psc.testcases.login.logintestcases"/>
  <testcase name="TC017_01_Internal_Employee_External_Client_Login" time="14.465" classname="app.psc.testcases.login.logintestcases"/>
  <testcase name="TC_57_PSC_Employee_Information_NonZeroDeferral_TerminatedLessThen_18Month" classname="app.psc.testcases.employeesearch.employeesearchtestcases">
    <skipped/>
  </testcase> <!-- TC_57_PSC_Employee_Information_NonZeroDeferral_TerminatedLessThen_18Month -->
  <testcase name="TC028_Recently_Viewed_Switch_Participant_Reg" classname="app.psc.testcases.employeesearch.employeesearchtestcases">
    <skipped/>
  </testcase> <!-- TC028_Recently_Viewed_Switch_Participant_Reg -->
  <testcase name="TC_47_Search_Emp_Locked_Plan" classname="app.psc.testcases.employeesearch.employeesearchtestcases">
    <skipped/>
  </testcase> <!-- TC_47_Search_Emp_Locked_Plan -->
  <testcase name="TC31_Disable_PAE_then_renable_PAE" classname="app.psc.testcases.employeesearch.employeesearchtestcases">
    <skipped/>
  </testcase> <!-- TC31_Disable_PAE_then_renable_PAE -->
  <testcase name="TC_51_Add_New_Employee_View_Page" classname="app.psc.testcases.employeesearch.employeesearchtestcases">
    <skipped/>
  </testcase> <!-- TC_51_Add_New_Employee_View_Page -->
  <testcase name="TC020_Recently_Viewed_Employee" classname="app.psc.testcases.employeesearch.employeesearchtestcases">
    <skipped/>
  </testcase> <!-- TC020_Recently_Viewed_Employee -->
  <testcase name="TC_50_SSN_Multiple_Plan_PAE" classname="app.psc.testcases.employeesearch.employeesearchtestcases">
    <skipped/>
  </testcase> <!-- TC_50_SSN_Multiple_Plan_PAE -->
  <testcase name="TC_56_PSC_Employee_Information_NonZeroDeferral_Terminated_GreaterThan_18Month" classname="app.psc.testcases.employeesearch.employeesearchtestcases">
    <skipped/>
  </testcase> <!-- TC_56_PSC_Employee_Information_NonZeroDeferral_Terminated_GreaterThan_18Month -->
  <testcase name="TC33_Suppress_Account_Detail_elements_TRS_NonTRS" classname="app.psc.testcases.employeesearch.employeesearchtestcases">
    <skipped/>
  </testcase> <!-- TC33_Suppress_Account_Detail_elements_TRS_NonTRS -->
  <testcase name="TC002_Search_Employee_For_Invalid_SSN" classname="app.psc.testcases.employeesearch.employeesearchtestcases">
    <skipped/>
  </testcase> <!-- TC002_Search_Employee_For_Invalid_SSN -->
  <testcase name="TC36_SIT_PSC_Employee_Overview_DB_plans_Enrollment_Elligibility_Not_displayed" classname="app.psc.testcases.employeesearch.employeesearchtestcases">
    <skipped/>
  </testcase> <!-- TC36_SIT_PSC_Employee_Overview_DB_plans_Enrollment_Elligibility_Not_displayed -->
  <testcase name="TC011_Verify_the_Search_results_for_Name_doesnot_Contain_duplicate_Values" classname="app.psc.testcases.employeesearch.employeesearchtestcases">
    <skipped/>
  </testcase> <!-- TC011_Verify_the_Search_results_for_Name_doesnot_Contain_duplicate_Values -->
  <testcase name="TC43_SIT_PSC_User_Remember_Search_Employee_Selection" classname="app.psc.testcases.employeesearch.employeesearchtestcases">
    <skipped/>
  </testcase> <!-- TC43_SIT_PSC_User_Remember_Search_Employee_Selection -->
  <testcase name="TC029_Edit_Enrollment_And_Eligibility" classname="app.psc.testcases.employeesearch.employeesearchtestcases">
    <skipped/>
  </testcase> <!-- TC029_Edit_Enrollment_And_Eligibility -->
  <testcase name="TC38_SIT_PSC_Accountdetail_Fees_Reg" classname="app.psc.testcases.employeesearch.employeesearchtestcases">
    <skipped/>
  </testcase> <!-- TC38_SIT_PSC_Accountdetail_Fees_Reg -->
  <testcase name="TC32_Supress_Menu_Items_for_TRS_Flex" classname="app.psc.testcases.employeesearch.employeesearchtestcases">
    <skipped/>
  </testcase> <!-- TC32_Supress_Menu_Items_for_TRS_Flex -->
  <testcase name="TC026_Verify_Employee_Basic_Info" classname="app.psc.testcases.employeesearch.employeesearchtestcases">
    <skipped/>
  </testcase> <!-- TC026_Verify_Employee_Basic_Info -->
  <testcase name="TC_46_SIT_PSC_Add_Employee_Autosite_Plan_Display_Angular_Page" classname="app.psc.testcases.employeesearch.employeesearchtestcases">
    <skipped/>
  </testcase> <!-- TC_46_SIT_PSC_Add_Employee_Autosite_Plan_Display_Angular_Page -->
  <testcase name="TC_45_SIT_PSC_Add_Employee_Autosite_Plan_Display_Angular_Page" classname="app.psc.testcases.employeesearch.employeesearchtestcases">
    <skipped/>
  </testcase> <!-- TC_45_SIT_PSC_Add_Employee_Autosite_Plan_Display_Angular_Page -->
  <testcase name="TC37_SIT_PSC_Recentlyviewed_MouseOver" classname="app.psc.testcases.employeesearch.employeesearchtestcases">
    <skipped/>
  </testcase> <!-- TC37_SIT_PSC_Recentlyviewed_MouseOver -->
  <testcase name="TC022_Paycheck_contribution_View" classname="app.psc.testcases.employeesearch.employeesearchtestcases">
    <skipped/>
  </testcase> <!-- TC022_Paycheck_contribution_View -->
  <testcase name="TC013_Verify_the_Search_results_for_pptID_doesnot_Contain_duplicate_Values" classname="app.psc.testcases.employeesearch.employeesearchtestcases">
    <skipped/>
  </testcase> <!-- TC013_Verify_the_Search_results_for_pptID_doesnot_Contain_duplicate_Values -->
  <testcase name="TC001_Search_Employee_For_Valid_SSN" classname="app.psc.testcases.employeesearch.employeesearchtestcases">
    <skipped/>
  </testcase> <!-- TC001_Search_Employee_For_Valid_SSN -->
  <testcase name="TC_59_PSC_Employee_Information_RehireTerminate_ZeroDeferral_Scenario1" classname="app.psc.testcases.employeesearch.employeesearchtestcases">
    <skipped/>
  </testcase> <!-- TC_59_PSC_Employee_Information_RehireTerminate_ZeroDeferral_Scenario1 -->
  <testcase name="TC_59_PSC_Employee_Information_RehireTerminate_ZeroDeferral_Scenario2" classname="app.psc.testcases.employeesearch.employeesearchtestcases">
    <skipped/>
  </testcase> <!-- TC_59_PSC_Employee_Information_RehireTerminate_ZeroDeferral_Scenario2 -->
  <testcase name="TC_59_PSC_Employee_Information_RehireTerminate_ZeroDeferral_Scenario3" classname="app.psc.testcases.employeesearch.employeesearchtestcases">
    <skipped/>
  </testcase> <!-- TC_59_PSC_Employee_Information_RehireTerminate_ZeroDeferral_Scenario3 -->
  <testcase name="TC_59_PSC_Employee_Information_RehireTerminate_ZeroDeferral_Scenario4" classname="app.psc.testcases.employeesearch.employeesearchtestcases">
    <skipped/>
  </testcase> <!-- TC_59_PSC_Employee_Information_RehireTerminate_ZeroDeferral_Scenario4 -->
  <testcase name="TC012_Verify_the_Search_results_for_EmployeeID_doesnot_Contain_duplicate_Values" classname="app.psc.testcases.employeesearch.employeesearchtestcases">
    <skipped/>
  </testcase> <!-- TC012_Verify_the_Search_results_for_EmployeeID_doesnot_Contain_duplicate_Values -->
  <testcase name="TC09_Verify_employee_details_displayed_for_invalid_participant_id" classname="app.psc.testcases.employeesearch.employeesearchtestcases">
    <skipped/>
  </testcase> <!-- TC09_Verify_employee_details_displayed_for_invalid_participant_id -->
  <testcase name="TC004_Search_Employee_For_Invalid_Name_Input" classname="app.psc.testcases.employeesearch.employeesearchtestcases">
    <skipped/>
  </testcase> <!-- TC004_Search_Employee_For_Invalid_Name_Input -->
  <testcase name="TC023_EnrolmmentAndEligibility" classname="app.psc.testcases.employeesearch.employeesearchtestcases">
    <skipped/>
  </testcase> <!-- TC023_EnrolmmentAndEligibility -->
  <testcase name="TC018_Employee_Contact_Info_Verification" classname="app.psc.testcases.employeesearch.employeesearchtestcases">
    <skipped/>
  </testcase> <!-- TC018_Employee_Contact_Info_Verification -->
  <testcase name="TC40_SIT_PSC_Accountdetail_Loans_Reg" classname="app.psc.testcases.employeesearch.employeesearchtestcases">
    <skipped/>
  </testcase> <!-- TC40_SIT_PSC_Accountdetail_Loans_Reg -->
  <testcase name="TC_60_PSC_Employee_Information_Active_ChageHireInfo" classname="app.psc.testcases.employeesearch.employeesearchtestcases">
    <skipped/>
  </testcase> <!-- TC_60_PSC_Employee_Information_Active_ChageHireInfo -->
  <testcase name="TC39_SIT_PSC_Accountdetail_Vesting_Reg" classname="app.psc.testcases.employeesearch.employeesearchtestcases">
    <skipped/>
  </testcase> <!-- TC39_SIT_PSC_Accountdetail_Vesting_Reg -->
  <testcase name="TC30_Account_balance_Tab" classname="app.psc.testcases.employeesearch.employeesearchtestcases">
    <skipped/>
  </testcase> <!-- TC30_Account_balance_Tab -->
  <testcase name="TC_54_Employee_Overview_With_Active_Models" classname="app.psc.testcases.employeesearch.employeesearchtestcases">
    <skipped/>
  </testcase> <!-- TC_54_Employee_Overview_With_Active_Models -->
  <testcase name="TC021_Salary_View_And_Update" classname="app.psc.testcases.employeesearch.employeesearchtestcases">
    <skipped/>
  </testcase> <!-- TC021_Salary_View_And_Update -->
  <testcase name="TC42_Paycheck_Contribution_History" classname="app.psc.testcases.employeesearch.employeesearchtestcases">
    <skipped/>
  </testcase> <!-- TC42_Paycheck_Contribution_History -->
  <testcase name="TC_48_AccountDetail_Transacion_History_Reg" classname="app.psc.testcases.employeesearch.employeesearchtestcases">
    <skipped/>
  </testcase> <!-- TC_48_AccountDetail_Transacion_History_Reg -->
  <testcase name="TC025_Verify_Employee_Overview_PlanList_Balance_Section" classname="app.psc.testcases.employeesearch.employeesearchtestcases">
    <skipped/>
  </testcase> <!-- TC025_Verify_Employee_Overview_PlanList_Balance_Section -->
  <testcase name="TC35_SIT_PSC_Statements_Tab" classname="app.psc.testcases.employeesearch.employeesearchtestcases">
    <skipped/>
  </testcase> <!-- TC35_SIT_PSC_Statements_Tab -->
  <testcase name="TC015_Check_For_Plans_With_one_division" classname="app.psc.testcases.employeesearch.employeesearchtestcases">
    <skipped/>
  </testcase> <!-- TC015_Check_For_Plans_With_one_division -->
  <testcase name="TC027_Verify_Subset_History_Section" classname="app.psc.testcases.employeesearch.employeesearchtestcases">
    <skipped/>
  </testcase> <!-- TC027_Verify_Subset_History_Section -->
  <testcase name="TC07_Verify_employee_details_displayed_for_plans_with_divisions" classname="app.psc.testcases.employeesearch.employeesearchtestcases">
    <skipped/>
  </testcase> <!-- TC07_Verify_employee_details_displayed_for_plans_with_divisions -->
  <testcase name="TC003_Search_Employee_For_Valid_Name_Input" classname="app.psc.testcases.employeesearch.employeesearchtestcases">
    <skipped/>
  </testcase> <!-- TC003_Search_Employee_For_Valid_Name_Input -->
  <testcase name="TC019_Verify_Beneficiary_Info" classname="app.psc.testcases.employeesearch.employeesearchtestcases">
    <skipped/>
  </testcase> <!-- TC019_Verify_Beneficiary_Info -->
  <testcase name="TC_58_PSC_Employee_Information_RehireTerminate_NonZeroDeferral_Active" classname="app.psc.testcases.employeesearch.employeesearchtestcases">
    <skipped/>
  </testcase> <!-- TC_58_PSC_Employee_Information_RehireTerminate_NonZeroDeferral_Active -->
  <testcase name="TC005_Search_Employee_For_Valid_EmployeeID_Input" classname="app.psc.testcases.employeesearch.employeesearchtestcases">
    <skipped/>
  </testcase> <!-- TC005_Search_Employee_For_Valid_EmployeeID_Input -->
  <testcase name="TC_53_Participant_Investments_Tab" classname="app.psc.testcases.employeesearch.employeesearchtestcases">
    <skipped/>
  </testcase> <!-- TC_53_Participant_Investments_Tab -->
  <testcase name="TC_56_Info_Message_New_User" classname="app.psc.testcases.employeesearch.employeesearchtestcases">
    <skipped/>
  </testcase> <!-- TC_56_Info_Message_New_User -->
  <testcase name="TC014_Verify_the_Search_results_for_Plans_with_Div_doesnot_Contain_duplicate_Values" classname="app.psc.testcases.employeesearch.employeesearchtestcases">
    <skipped/>
  </testcase> <!-- TC014_Verify_the_Search_results_for_Plans_with_Div_doesnot_Contain_duplicate_Values -->
  <testcase name="TC010_Verify_the_Search_results_for_SSN_doesnot_Contain_duplicate_Values" classname="app.psc.testcases.employeesearch.employeesearchtestcases">
    <skipped/>
  </testcase> <!-- TC010_Verify_the_Search_results_for_SSN_doesnot_Contain_duplicate_Values -->
  <testcase name="TC016_Check_For_Plans_With_multiple_divisions" classname="app.psc.testcases.employeesearch.employeesearchtestcases">
    <skipped/>
  </testcase> <!-- TC016_Check_For_Plans_With_multiple_divisions -->
  <testcase name="TC41_SIT_PSC_Accountdetail_Paycheck_Contribution_YTD" classname="app.psc.testcases.employeesearch.employeesearchtestcases">
    <skipped/>
  </testcase> <!-- TC41_SIT_PSC_Accountdetail_Paycheck_Contribution_YTD -->
  <testcase name="TC006_Search_Employee_For_Invalid_EmployeeID_Input" classname="app.psc.testcases.employeesearch.employeesearchtestcases">
    <skipped/>
  </testcase> <!-- TC006_Search_Employee_For_Invalid_EmployeeID_Input -->
  <testcase name="TC_55_Loan_Summary_Table_External_Loan" classname="app.psc.testcases.employeesearch.employeesearchtestcases">
    <skipped/>
  </testcase> <!-- TC_55_Loan_Summary_Table_External_Loan -->
  <testcase name="TC08_Verify_employee_details_displayed_for_valid_participant_id" classname="app.psc.testcases.employeesearch.employeesearchtestcases">
    <skipped/>
  </testcase> <!-- TC08_Verify_employee_details_displayed_for_valid_participant_id -->
  <testcase name="TC024_Verify_Employee_Overview_Screen_Elements" classname="app.psc.testcases.employeesearch.employeesearchtestcases">
    <skipped/>
  </testcase> <!-- TC024_Verify_Employee_Overview_Screen_Elements -->
  <testcase name="TC006_01_Verify_Error_Message_For_Terminated_User" classname="app.psc.testcases.login.logintestcases">
    <skipped/>
  </testcase> <!-- TC006_01_Verify_Error_Message_For_Terminated_User -->
  <testcase name="TC003_UI_Validations_On_JumpPage" classname="app.psc.testcases.login.logintestcases">
    <skipped/>
  </testcase> <!-- TC003_UI_Validations_On_JumpPage -->
  <testcase name="TC05_01_SIT_PSC_HomePage_01_TC001_frame_on_Dashboard_Filesharing_and_Reports_pages" classname="app.psc.testcases.login.logintestcases">
    <skipped/>
  </testcase> <!-- TC05_01_SIT_PSC_HomePage_01_TC001_frame_on_Dashboard_Filesharing_and_Reports_pages -->
  <testcase name="TC002_Verify_Jump_Page_Displayed_When_AcessToPlansInAllSites" classname="app.psc.testcases.login.logintestcases">
    <skipped/>
  </testcase> <!-- TC002_Verify_Jump_Page_Displayed_When_AcessToPlansInAllSites -->
  <testcase name="TC004_Verify_PLUser_Login_With_No_Plna_Access" classname="app.psc.testcases.login.logintestcases">
    <skipped/>
  </testcase> <!-- TC004_Verify_PLUser_Login_With_No_Plna_Access -->
  <testcase name="TC007_01_display_correct_date_and_time_of_my_last_login" classname="app.psc.testcases.login.logintestcases">
    <skipped/>
  </testcase> <!-- TC007_01_display_correct_date_and_time_of_my_last_login -->
  <testcase name="TC008_01_Verify_Equality_Of_SessionID_From_Browser_And_DB" classname="app.psc.testcases.login.logintestcases">
    <skipped/>
  </testcase> <!-- TC008_01_Verify_Equality_Of_SessionID_From_Browser_And_DB -->
  <testcase name="TC005_01_Verify_User_Account_Locking_For_Max_Invalid_Attempt" classname="app.psc.testcases.login.logintestcases">
    <skipped/>
  </testcase> <!-- TC005_01_Verify_User_Account_Locking_For_Max_Invalid_Attempt -->
  <testcase name="TC009_01_Verify_To_Do_List_Site_Navigator" classname="app.psc.testcases.login.logintestcases">
    <skipped/>
  </testcase> <!-- TC009_01_Verify_To_Do_List_Site_Navigator -->
  <testcase name="TC01_SIT_PSC_HomePage_Transaction_Security" classname="app.psc.testcases.login.logintestcases">
    <skipped/>
  </testcase> <!-- TC01_SIT_PSC_HomePage_Transaction_Security -->
  <testcase name="TC001_09_Verify_Jump_Page_Not_Displayed_When_AcessToPlanInSingleSite" classname="app.psc.testcases.login.logintestcases">
    <skipped/>
  </testcase> <!-- TC001_09_Verify_Jump_Page_Not_Displayed_When_AcessToPlanInSingleSite -->
  <testcase name="TC011_01_SIT_PSC_Login_01_TC020_Unsuccessful_login_attempts" classname="app.psc.testcases.login.logintestcases">
    <skipped/>
  </testcase> <!-- TC011_01_SIT_PSC_Login_01_TC020_Unsuccessful_login_attempts -->
  <testcase name="TC001_02_SIT_PSC_Sitenavigation_SubMenutabs" classname="app.psc.testcases.login.logintestcases">
    <skipped/>
  </testcase> <!-- TC001_02_SIT_PSC_Sitenavigation_SubMenutabs -->
  <testcase name="TC010_01_Verify_Restyled_Button_Home_Page_For_Sentence_Case" classname="app.psc.testcases.login.logintestcases">
    <skipped/>
  </testcase> <!-- TC010_01_Verify_Restyled_Button_Home_Page_For_Sentence_Case -->
  <testcase name="TC001_01_SIT_PSC_Sitenavigation_Menutabs" classname="app.psc.testcases.login.logintestcases">
    <skipped/>
  </testcase> <!-- TC001_01_SIT_PSC_Sitenavigation_Menutabs -->
</testsuite> <!-- app.psc.testcases.login.logintestcases -->
