<?xml version="1.0" encoding="UTF-8"?>
<!-- Generated by org.testng.reporters.JUnitReportReporter -->
<testsuite hostname="XWJPMDD177" name="app.psc.testcases.accountverification.accountverificationtestcases" tests="4" failures="4" timestamp="14 Nov 2017 10:56:36 GMT" time="166.654" errors="0">
  <testcase name="TC008_01_Verify_Login_Flow_Security_Answer_Invalid_Input_New_PSC_User" time="39.758" classname="app.psc.testcases.accountverification.accountverificationtestcases"/>
  <testcase name="TC008_01_Verify_Login_Flow_Security_Answer_Invalid_Input_New_PSC_User" time="46.978" classname="app.psc.testcases.accountverification.accountverificationtestcases"/>
  <testcase name="TC008_01_Verify_Login_Flow_Security_Answer_Invalid_Input_New_PSC_User" time="40.061" classname="app.psc.testcases.accountverification.accountverificationtestcases"/>
  <testcase name="TC008_01_Verify_Login_Flow_Security_Answer_Invalid_Input_New_PSC_User" time="39.857" classname="app.psc.testcases.accountverification.accountverificationtestcases"/>
</testsuite> <!-- app.psc.testcases.accountverification.accountverificationtestcases -->
