<?xml version="1.0" encoding="UTF-8"?>
<!-- Generated by org.testng.reporters.JUnitReportReporter -->
<testsuite hostname="XWJPMDD415" name="app.psc.testcases.employeesearch.employeesearchtestcases" tests="1" failures="0" timestamp="3 Jul 2018 09:34:12 GMT" time="200.196" errors="0">
  <testcase name="TC029_Edit_Enrollment_And_Eligibility" time="200.196" classname="app.psc.testcases.employeesearch.employeesearchtestcases"/>
</testsuite> <!-- app.psc.testcases.employeesearch.employeesearchtestcases -->
