<?xml version="1.0" encoding="UTF-8"?>
<!-- Generated by org.testng.reporters.JUnitReportReporter -->
<testsuite hostname="XWJPMDD177" name="app.psc.testcases.employeesearch.employeesearchtestcases_db" tests="13" failures="13" timestamp="15 Nov 2017 03:08:48 GMT" time="48677.246" errors="0">
  <testcase name="TC017_Verify_the_dropdown_options_And_Screen_elements" time="48453.461" classname="app.psc.testcases.employeesearch.employeesearchtestcases_db"/>
  <testcase name="TC029_Verify_ssn_masking_for_external_users" time="8.543" classname="app.psc.testcases.employeesearch.employeesearchtestcases_db"/>
  <testcase name="TC021_Verify_Search_results_are_displayed_as_Hyperlinks" time="22.973" classname="app.psc.testcases.employeesearch.employeesearchtestcases_db"/>
  <testcase name="TC028_Verify_search_results_are_displayed_for_termed_employees" time="23.014" classname="app.psc.testcases.employeesearch.employeesearchtestcases_db"/>
  <testcase name="TC024_Verify_Filter_Functionality_Search_Results_Page" time="23.016" classname="app.psc.testcases.employeesearch.employeesearchtestcases_db"/>
  <testcase name="TC022_Verify_if_the_clicking_on_a_searchresults_redirects_to_employee_overview_page" time="22.986" classname="app.psc.testcases.employeesearch.employeesearchtestcases_db"/>
  <testcase name="TC018_Verify_the_sorting_in_search_results" time="23.164" classname="app.psc.testcases.employeesearch.employeesearchtestcases_db"/>
  <testcase name="TC023_Verify_the_limit_of_search_results_on_searchpage" time="22.839" classname="app.psc.testcases.employeesearch.employeesearchtestcases_db"/>
  <testcase name="TC026_Verify_search_results_are_not_displayed_for_employess_with_err_code" time="23.151" classname="app.psc.testcases.employeesearch.employeesearchtestcases_db"/>
  <testcase name="TC019_Verify_the_Pagination_on_search_results_page" time="22.785" classname="app.psc.testcases.employeesearch.employeesearchtestcases_db"/>
  <testcase name="TC020_Verify_the_Order_of_search_results" time="23.115" classname="app.psc.testcases.employeesearch.employeesearchtestcases_db"/>
  <testcase name="TC027_Verify_termed_employeedetails_are_displayed" time="0.067" classname="app.psc.testcases.employeesearch.employeesearchtestcases_db">
    <failure type="java.lang.NullPointerException">
      <![CDATA[java.lang.NullPointerException
	at lib.Reporter.logEvent(Reporter.java:253)
	at app.psc.testcases.employeesearch.employeesearchtestcases_db.TC027_Verify_termed_employeedetails_are_displayed(employeesearchtestcases_db.java:597)
	at sun.reflect.NativeMethodAccessorImpl.invoke0(Native Method)
	at sun.reflect.NativeMethodAccessorImpl.invoke(NativeMethodAccessorImpl.java:62)
	at sun.reflect.DelegatingMethodAccessorImpl.invoke(DelegatingMethodAccessorImpl.java:43)
	at java.lang.reflect.Method.invoke(Method.java:498)
	at org.testng.internal.MethodInvocationHelper.invokeMethod(MethodInvocationHelper.java:80)
	at org.testng.internal.Invoker.invokeMethod(Invoker.java:714)
	at org.testng.internal.Invoker.invokeTestMethod(Invoker.java:901)
	at org.testng.internal.Invoker.invokeTestMethods(Invoker.java:1231)
	at org.testng.internal.TestMethodWorker.invokeTestMethods(TestMethodWorker.java:127)
	at org.testng.internal.TestMethodWorker.run(TestMethodWorker.java:111)
	at java.util.concurrent.ThreadPoolExecutor.runWorker(ThreadPoolExecutor.java:1142)
	at java.util.concurrent.ThreadPoolExecutor$Worker.run(ThreadPoolExecutor.java:617)
	at java.lang.Thread.run(Thread.java:745)
]]>
    </failure>
  </testcase> <!-- TC027_Verify_termed_employeedetails_are_displayed -->
  <testcase name="TC025_Verify_search_results_for_ssn_with_extension" time="8.131" classname="app.psc.testcases.employeesearch.employeesearchtestcases_db"/>
</testsuite> <!-- app.psc.testcases.employeesearch.employeesearchtestcases_db -->
