<?xml version="1.0" encoding="UTF-8"?>
<!-- Generated by org.testng.reporters.JUnitReportReporter -->
<testsuite hostname="XWJPMDD177" name="app.psc.testcases.accountverification.accountverificationtest_plan" tests="2" failures="2" timestamp="14 Nov 2017 10:56:36 GMT" time="78.364" errors="0">
  <testcase name="TC012_02_Verify_User_Access_New_Plan_For_Valid_Input" time="35.911" classname="app.psc.testcases.accountverification.accountverificationtest_plan"/>
  <testcase name="TC012_01_Verify_User_Access_New_Plan_For_Invalid_Input" time="42.453" classname="app.psc.testcases.accountverification.accountverificationtest_plan"/>
</testsuite> <!-- app.psc.testcases.accountverification.accountverificationtest_plan -->
