<?xml version="1.0" encoding="UTF-8"?>
<!-- Generated by org.testng.reporters.JUnitReportReporter -->
<testsuite hostname="XWJPMDD177" name="app.psc.testcases.userverification.userverificationtestcases" tests="8" failures="1" timestamp="14 Dec 2017 10:25:46 GMT" time="317.292" errors="0">
  <testcase name="TC007_02_Verify_Login_Flow_Existing_User_New_Browser_Invalid_input" time="47.798" classname="app.psc.testcases.userverification.userverificationtestcases"/>
  <testcase name="TC007_02_Verify_Login_Flow_Existing_User_New_Browser_Invalid_input" time="6.162" classname="app.psc.testcases.userverification.userverificationtestcases"/>
  <testcase name="TC007_02_Verify_Login_Flow_Existing_User_New_Browser_Invalid_input" time="5.931" classname="app.psc.testcases.userverification.userverificationtestcases"/>
  <testcase name="TC007_02_Verify_Login_Flow_Existing_User_New_Browser_Invalid_input" time="5.899" classname="app.psc.testcases.userverification.userverificationtestcases"/>
  <testcase name="TC007_02_Verify_Login_Flow_Existing_User_New_Browser_Invalid_input" time="5.728" classname="app.psc.testcases.userverification.userverificationtestcases"/>
  <testcase name="TC007_03_Verify_Login_Flow_Existing_User_withing_same_browser_session" time="79.803" classname="app.psc.testcases.userverification.userverificationtestcases"/>
  <testcase name="TC007_03_Verify_Login_Flow_Existing_User_withing_same_browser_session" time="54.906" classname="app.psc.testcases.userverification.userverificationtestcases"/>
  <testcase name="TC007_01_Verify_Login_Flow_Existing_User_NewBrowser_Valid_Input" time="111.065" classname="app.psc.testcases.userverification.userverificationtestcases"/>
</testsuite> <!-- app.psc.testcases.userverification.userverificationtestcases -->
