<?xml version="1.0" encoding="UTF-8"?>
<!-- Generated by org.testng.reporters.JUnitReportReporter -->
<testsuite hostname="XWJPMDD177" name="app.psc.testcases.login.logintestcases" tests="6" failures="0" timestamp="29 Nov 2017 10:27:07 GMT" time="129.636" errors="0">
  <testcase name="TC004_01_Verify_Header_and_Footer_Links_PreLogin" time="36.761" classname="app.psc.testcases.login.logintestcases"/>
  <testcase name="TC004_02_Verify_Header_and_Footer_Links_PostLogin" time="29.891" classname="app.psc.testcases.login.logintestcases"/>
  <testcase name="TC002_01_Verify_Existing_User_Error_Messages_PreLogin" time="14.658" classname="app.psc.testcases.login.logintestcases"/>
  <testcase name="TC002_01_Verify_Existing_User_Error_Messages_PreLogin" time="19.432" classname="app.psc.testcases.login.logintestcases"/>
  <testcase name="TC002_01_Verify_Existing_User_Error_Messages_PreLogin" time="14.559" classname="app.psc.testcases.login.logintestcases"/>
  <testcase name="TC002_01_Verify_Existing_User_Error_Messages_PreLogin" time="14.335" classname="app.psc.testcases.login.logintestcases"/>
</testsuite> <!-- app.psc.testcases.login.logintestcases -->
