<?xml version="1.0" encoding="UTF-8"?>
<!-- Generated by org.testng.reporters.JUnitReportReporter -->
<testsuite name="app.psc.testcases.accountverification.accountverificationtest_plan" tests="2" time="13.872" ignored="6" failures="0" timestamp="03 Apr 2018 07:48:49 GMT" skipped="0" hostname="XWJPMDD035" errors="2">
  <testcase name="TC012_01_Verify_User_Access_New_Plan_For_Invalid_Input" time="6.928" classname="app.psc.testcases.accountverification.accountverificationtest_plan">
    <error/>
  </testcase> <!-- TC012_01_Verify_User_Access_New_Plan_For_Invalid_Input -->
  <testcase name="TC012_02_Verify_User_Access_New_Plan_For_Valid_Input" time="6.944" classname="app.psc.testcases.accountverification.accountverificationtest_plan">
    <error/>
  </testcase> <!-- TC012_02_Verify_User_Access_New_Plan_For_Valid_Input -->
  <testcase name="TC26_Terminate_User_ID" classname="app.psc.testcases.plan.plantestcases">
    <skipped/>
  </testcase> <!-- TC26_Terminate_User_ID -->
  <testcase name="TC25_Investment_Document_Page" classname="app.psc.testcases.plan.plantestcases">
    <skipped/>
  </testcase> <!-- TC25_Investment_Document_Page -->
  <testcase name="TC010_01_Verify_Restyled_Button_Home_Page_For_Sentence_Case" classname="app.psc.testcases.login.logintestcases">
    <skipped/>
  </testcase> <!-- TC010_01_Verify_Restyled_Button_Home_Page_For_Sentence_Case -->
  <testcase name="TC008_01_Verify_Equality_Of_SessionID_From_Browser_And_DB" classname="app.psc.testcases.login.logintestcases">
    <skipped/>
  </testcase> <!-- TC008_01_Verify_Equality_Of_SessionID_From_Browser_And_DB -->
  <testcase name="TC009_01_Verify_To_Do_List_Site_Navigator" classname="app.psc.testcases.login.logintestcases">
    <skipped/>
  </testcase> <!-- TC009_01_Verify_To_Do_List_Site_Navigator -->
  <testcase name="Verify_TUDS_table_for_Magic_login" classname="app.psc.testcases.userverification.userverificationtestcases">
    <skipped/>
  </testcase> <!-- Verify_TUDS_table_for_Magic_login -->
</testsuite> <!-- app.psc.testcases.accountverification.accountverificationtest_plan -->
