<?xml version="1.0" encoding="UTF-8"?>
<!-- Generated by org.testng.reporters.JUnitReportReporter -->
<testsuite hostname="XWJPMDD177" name="app.psc.testcases.employeesearch.employeesearchtestcases" tests="51" failures="37" timestamp="15 Nov 2017 03:08:48 GMT" time="6878.778" errors="0">
  <testcase name="TC_60_PSC_Employee_Information_Active_ChageHireInfo" time="208.707" classname="app.psc.testcases.employeesearch.employeesearchtestcases"/>
  <testcase name="TC_44_Enroll_And_Eligibility_Fields_Type_Validations" time="68.402" classname="app.psc.testcases.employeesearch.employeesearchtestcases"/>
  <testcase name="TC027_Verify_Subset_History_Section" time="136.186" classname="app.psc.testcases.employeesearch.employeesearchtestcases"/>
  <testcase name="TC021_Salary_View_And_Update" time="87.115" classname="app.psc.testcases.employeesearch.employeesearchtestcases"/>
  <testcase name="TC024_Verify_Employee_Overview_Screen_Elements" time="149.886" classname="app.psc.testcases.employeesearch.employeesearchtestcases"/>
  <testcase name="TC_57_PSC_Employee_Information_NonZeroDeferral_TerminatedLessThen_18Month" time="133.754" classname="app.psc.testcases.employeesearch.employeesearchtestcases"/>
  <testcase name="TC37_SIT_PSC_Recentlyviewed_MouseOver" time="84.527" classname="app.psc.testcases.employeesearch.employeesearchtestcases"/>
  <testcase name="TC_45_SIT_PSC_Add_Employee_Autosite_Plan_Display_Angular_Page" time="166.213" classname="app.psc.testcases.employeesearch.employeesearchtestcases"/>
  <testcase name="TC_48_AccountDetail_Transacion_History_Reg" time="163.819" classname="app.psc.testcases.employeesearch.employeesearchtestcases"/>
  <testcase name="TC31_Disable_PAE_then_renable_PAE" time="97.654" classname="app.psc.testcases.employeesearch.employeesearchtestcases"/>
  <testcase name="TC_63_Agecatchup" time="105.537" classname="app.psc.testcases.employeesearch.employeesearchtestcases"/>
  <testcase name="TC_61_SIT_PSC_Search_Employee_based_on_User_access" time="68.725" classname="app.psc.testcases.employeesearch.employeesearchtestcases"/>
  <testcase name="TC35_SIT_PSC_Statements_Tab" time="190.414" classname="app.psc.testcases.employeesearch.employeesearchtestcases"/>
  <testcase name="TC33_Suppress_Account_Detail_elements_TRS_NonTRS" time="23.145" classname="app.psc.testcases.employeesearch.employeesearchtestcases"/>
  <testcase name="TC_58_PSC_Employee_Information_RehireTerminate_NonZeroDeferral_Active" time="112.888" classname="app.psc.testcases.employeesearch.employeesearchtestcases">
    <failure type="java.lang.NullPointerException">
      <![CDATA[java.lang.NullPointerException
	at lib.Reporter.logEvent(Reporter.java:253)
	at app.psc.testcases.employeesearch.employeesearchtestcases.TC_58_PSC_Employee_Information_RehireTerminate_NonZeroDeferral_Active(employeesearchtestcases.java:3127)
	at sun.reflect.NativeMethodAccessorImpl.invoke0(Native Method)
	at sun.reflect.NativeMethodAccessorImpl.invoke(NativeMethodAccessorImpl.java:62)
	at sun.reflect.DelegatingMethodAccessorImpl.invoke(DelegatingMethodAccessorImpl.java:43)
	at java.lang.reflect.Method.invoke(Method.java:498)
	at org.testng.internal.MethodInvocationHelper.invokeMethod(MethodInvocationHelper.java:80)
	at org.testng.internal.Invoker.invokeMethod(Invoker.java:714)
	at org.testng.internal.Invoker.invokeTestMethod(Invoker.java:901)
	at org.testng.internal.Invoker.invokeTestMethods(Invoker.java:1231)
	at org.testng.internal.TestMethodWorker.invokeTestMethods(TestMethodWorker.java:127)
	at org.testng.internal.TestMethodWorker.run(TestMethodWorker.java:111)
	at java.util.concurrent.ThreadPoolExecutor.runWorker(ThreadPoolExecutor.java:1142)
	at java.util.concurrent.ThreadPoolExecutor$Worker.run(ThreadPoolExecutor.java:617)
	at java.lang.Thread.run(Thread.java:745)
]]>
    </failure>
  </testcase> <!-- TC_58_PSC_Employee_Information_RehireTerminate_NonZeroDeferral_Active -->
  <testcase name="TC_54_Employee_Overview_With_Active_Models" time="114.168" classname="app.psc.testcases.employeesearch.employeesearchtestcases"/>
  <testcase name="TC020_Recently_Viewed_Employee" time="91.329" classname="app.psc.testcases.employeesearch.employeesearchtestcases"/>
  <testcase name="TC_61_SIT_PSC_Search_Employee_based_on_User_access" time="38.097" classname="app.psc.testcases.employeesearch.employeesearchtestcases"/>
  <testcase name="TC028_Recently_Viewed_Switch_Participant_Reg" time="223.316" classname="app.psc.testcases.employeesearch.employeesearchtestcases"/>
  <testcase name="TC41_SIT_PSC_Accountdetail_Paycheck_Contribution_YTD" time="311.764" classname="app.psc.testcases.employeesearch.employeesearchtestcases"/>
  <testcase name="TC029_Edit_Enrollment_And_Eligibility" time="52.385" classname="app.psc.testcases.employeesearch.employeesearchtestcases"/>
  <testcase name="TC38_SIT_PSC_Accountdetail_Fees_Reg" time="101.149" classname="app.psc.testcases.employeesearch.employeesearchtestcases"/>
  <testcase name="TC_46_SIT_PSC_Add_Employee_Autosite_Plan_Display_Angular_Page" time="115.608" classname="app.psc.testcases.employeesearch.employeesearchtestcases"/>
  <testcase name="TC018_Employee_Contact_Info_Verification" time="176.975" classname="app.psc.testcases.employeesearch.employeesearchtestcases"/>
  <testcase name="TC_53_Participant_Investments_Tab" time="278.489" classname="app.psc.testcases.employeesearch.employeesearchtestcases"/>
  <testcase name="TC42_Paycheck_Contribution_History" time="78.529" classname="app.psc.testcases.employeesearch.employeesearchtestcases"/>
  <testcase name="TC019_Verify_Beneficiary_Info" time="86.255" classname="app.psc.testcases.employeesearch.employeesearchtestcases"/>
  <testcase name="TC36_SIT_PSC_Employee_Overview_DB_plans_Enrollment_Elligibility_Not_displayed" time="181.361" classname="app.psc.testcases.employeesearch.employeesearchtestcases"/>
  <testcase name="TC026_Verify_Employee_Basic_Info" time="110.148" classname="app.psc.testcases.employeesearch.employeesearchtestcases"/>
  <testcase name="TC_59_PSC_Employee_Information_RehireTerminate_ZeroDeferral_Scenario1" time="188.856" classname="app.psc.testcases.employeesearch.employeesearchtestcases"/>
  <testcase name="TC_50_SSN_Multiple_Plan_PAE" time="213.965" classname="app.psc.testcases.employeesearch.employeesearchtestcases"/>
  <testcase name="TC40_SIT_PSC_Accountdetail_Loans_Reg" time="128.580" classname="app.psc.testcases.employeesearch.employeesearchtestcases"/>
  <testcase name="TC_62_Stop_All_Deferrals" time="79.732" classname="app.psc.testcases.employeesearch.employeesearchtestcases"/>
  <testcase name="TC_63_Agecatchup" time="102.698" classname="app.psc.testcases.employeesearch.employeesearchtestcases"/>
  <testcase name="TC_56_Info_Message_New_User" time="51.735" classname="app.psc.testcases.employeesearch.employeesearchtestcases"/>
  <testcase name="TC025_Verify_Employee_Overview_PlanList_Balance_Section" time="125.325" classname="app.psc.testcases.employeesearch.employeesearchtestcases"/>
  <testcase name="TC_55_Loan_Summary_Table_External_Loan" time="293.985" classname="app.psc.testcases.employeesearch.employeesearchtestcases"/>
  <testcase name="TC_56_PSC_Employee_Information_NonZeroDeferral_Terminated_GreaterThan_18Month" time="283.812" classname="app.psc.testcases.employeesearch.employeesearchtestcases"/>
  <testcase name="TC_59_PSC_Employee_Information_RehireTerminate_ZeroDeferral_Scenario2" time="118.343" classname="app.psc.testcases.employeesearch.employeesearchtestcases"/>
  <testcase name="TC_57_PSC_Employee_Information_NonZeroDeferral_TerminatedLessThen_18Month" time="137.820" classname="app.psc.testcases.employeesearch.employeesearchtestcases"/>
  <testcase name="TC39_SIT_PSC_Accountdetail_Vesting_Reg" time="112.297" classname="app.psc.testcases.employeesearch.employeesearchtestcases"/>
  <testcase name="TC_51_Add_New_Employee_View_Page" time="85.373" classname="app.psc.testcases.employeesearch.employeesearchtestcases"/>
  <testcase name="TC_61_SIT_PSC_Search_Employee_based_on_User_access" time="125.278" classname="app.psc.testcases.employeesearch.employeesearchtestcases"/>
  <testcase name="TC34_SIT_PSC_Accountdetail_Allocations_Reg" time="184.720" classname="app.psc.testcases.employeesearch.employeesearchtestcases"/>
  <testcase name="TC32_Supress_Menu_Items_for_TRS_Flex" time="18.382" classname="app.psc.testcases.employeesearch.employeesearchtestcases"/>
  <testcase name="TC_59_PSC_Employee_Information_RehireTerminate_ZeroDeferral_Scenario3" time="181.754" classname="app.psc.testcases.employeesearch.employeesearchtestcases"/>
  <testcase name="TC023_EnrolmmentAndEligibility" time="176.506" classname="app.psc.testcases.employeesearch.employeesearchtestcases"/>
  <testcase name="TC_59_PSC_Employee_Information_RehireTerminate_ZeroDeferral_Scenario4" time="177.906" classname="app.psc.testcases.employeesearch.employeesearchtestcases"/>
  <testcase name="TC022_Paycheck_contribution_View" time="85.891" classname="app.psc.testcases.employeesearch.employeesearchtestcases"/>
  <testcase name="TC30_Account_balance_Tab" time="205.558" classname="app.psc.testcases.employeesearch.employeesearchtestcases"/>
  <testcase name="TC_47_Search_Emp_Locked_Plan" time="43.717" classname="app.psc.testcases.employeesearch.employeesearchtestcases"/>
</testsuite> <!-- app.psc.testcases.employeesearch.employeesearchtestcases -->
