<?xml version="1.0" encoding="UTF-8"?>
<!-- Generated by org.testng.reporters.JUnitReportReporter -->
<testsuite hostname="XWJPMDD177" name="app.psc.testcases.plan.plantestcases" tests="11" failures="10" timestamp="14 Nov 2017 13:07:29 GMT" time="520.677" errors="0">
  <testcase name="TC20_Complex_User" time="26.194" classname="app.psc.testcases.plan.plantestcases"/>
  <testcase name="TC26_Terminate_User_ID" time="15.408" classname="app.psc.testcases.plan.plantestcases"/>
  <testcase name="TC16_Plan_Provisions_page" time="46.450" classname="app.psc.testcases.plan.plantestcases"/>
  <testcase name="TC23_Find_Users_by_Name" time="14.873" classname="app.psc.testcases.plan.plantestcases"/>
  <testcase name="TC24_Investment_Charts_Page" time="81.673" classname="app.psc.testcases.plan.plantestcases">
    <failure type="java.lang.NullPointerException">
      <![CDATA[java.lang.NullPointerException
	at lib.Reporter.logEvent(Reporter.java:253)
	at app.psc.testcases.plan.plantestcases.TC24_Investment_Charts_Page(plantestcases.java:468)
	at sun.reflect.NativeMethodAccessorImpl.invoke0(Native Method)
	at sun.reflect.NativeMethodAccessorImpl.invoke(NativeMethodAccessorImpl.java:62)
	at sun.reflect.DelegatingMethodAccessorImpl.invoke(DelegatingMethodAccessorImpl.java:43)
	at java.lang.reflect.Method.invoke(Method.java:498)
	at org.testng.internal.MethodInvocationHelper.invokeMethod(MethodInvocationHelper.java:80)
	at org.testng.internal.Invoker.invokeMethod(Invoker.java:714)
	at org.testng.internal.Invoker.invokeTestMethod(Invoker.java:901)
	at org.testng.internal.Invoker.invokeTestMethods(Invoker.java:1231)
	at org.testng.internal.TestMethodWorker.invokeTestMethods(TestMethodWorker.java:127)
	at org.testng.internal.TestMethodWorker.run(TestMethodWorker.java:111)
	at java.util.concurrent.ThreadPoolExecutor.runWorker(ThreadPoolExecutor.java:1142)
	at java.util.concurrent.ThreadPoolExecutor$Worker.run(ThreadPoolExecutor.java:617)
	at java.lang.Thread.run(Thread.java:745)
]]>
    </failure>
  </testcase> <!-- TC24_Investment_Charts_Page -->
  <testcase name="TC23_Find_Users_by_Name" time="14.994" classname="app.psc.testcases.plan.plantestcases"/>
  <testcase name="TC23_Find_Users_by_Name" time="25.908" classname="app.psc.testcases.plan.plantestcases"/>
  <testcase name="TC25_Investment_Document_Page" time="71.818" classname="app.psc.testcases.plan.plantestcases"/>
  <testcase name="TC18_SIT_PSC_Investment_UnitShare_values_page" time="68.567" classname="app.psc.testcases.plan.plantestcases"/>
  <testcase name="TC26_Terminate_User_ID" time="20.089" classname="app.psc.testcases.plan.plantestcases"/>
  <testcase name="TC17_Add_PPT_And_SearchForPPT" time="134.703" classname="app.psc.testcases.plan.plantestcases"/>
</testsuite> <!-- app.psc.testcases.plan.plantestcases -->
