<?xml version="1.0" encoding="UTF-8"?>
<!-- Generated by org.testng.reporters.JUnitReportReporter -->
<testsuite name="app.psc.testcases.login.logintestcases" tests="9" time="195.041" ignored="77" failures="0" timestamp="05 Feb 2018 07:05:32 GMT" skipped="0" hostname="XWJPMDD035" errors="1">
  <testcase name="TC002_01_Verify_Existing_User_Error_Messages_PreLogin" time="13.355" classname="app.psc.testcases.login.logintestcases"/>
  <testcase name="TC017_01_Internal_Employee_External_Client_Login" time="12.155" classname="app.psc.testcases.login.logintestcases"/>
  <testcase name="TC004_02_Verify_Header_and_Footer_Links_PostLogin" time="61.275" classname="app.psc.testcases.login.logintestcases">
    <error/>
  </testcase> <!-- TC004_02_Verify_Header_and_Footer_Links_PostLogin -->
  <testcase name="TC004_01_Verify_Header_and_Footer_Links_PreLogin" time="37.411" classname="app.psc.testcases.login.logintestcases"/>
  <testcase name="TC006_01_Verify_Force_Login" time="18.703" classname="app.psc.testcases.login.logintestcases"/>
  <testcase name="TC017_01_Internal_Employee_External_Client_Login" time="11.337" classname="app.psc.testcases.login.logintestcases"/>
  <testcase name="TC002_01_Verify_Existing_User_Error_Messages_PreLogin" time="13.649" classname="app.psc.testcases.login.logintestcases"/>
  <testcase name="TC002_01_Verify_Existing_User_Error_Messages_PreLogin" time="13.690" classname="app.psc.testcases.login.logintestcases"/>
  <testcase name="TC002_01_Verify_Existing_User_Error_Messages_PreLogin" time="13.466" classname="app.psc.testcases.login.logintestcases"/>
  <testcase name="TC40_SIT_PSC_Accountdetail_Loans_Reg" classname="app.psc.testcases.employeesearch.employeesearchtestcases">
    <skipped/>
  </testcase> <!-- TC40_SIT_PSC_Accountdetail_Loans_Reg -->
  <testcase name="TC_57_PSC_Employee_Information_NonZeroDeferral_TerminatedLessThen_18Month" classname="app.psc.testcases.employeesearch.employeesearchtestcases">
    <skipped/>
  </testcase> <!-- TC_57_PSC_Employee_Information_NonZeroDeferral_TerminatedLessThen_18Month -->
  <testcase name="TC_60_PSC_Employee_Information_Active_ChageHireInfo" classname="app.psc.testcases.employeesearch.employeesearchtestcases">
    <skipped/>
  </testcase> <!-- TC_60_PSC_Employee_Information_Active_ChageHireInfo -->
  <testcase name="TC028_Recently_Viewed_Switch_Participant_Reg" classname="app.psc.testcases.employeesearch.employeesearchtestcases">
    <skipped/>
  </testcase> <!-- TC028_Recently_Viewed_Switch_Participant_Reg -->
  <testcase name="TC_47_Search_Emp_Locked_Plan" classname="app.psc.testcases.employeesearch.employeesearchtestcases">
    <skipped/>
  </testcase> <!-- TC_47_Search_Emp_Locked_Plan -->
  <testcase name="TC39_SIT_PSC_Accountdetail_Vesting_Reg" classname="app.psc.testcases.employeesearch.employeesearchtestcases">
    <skipped/>
  </testcase> <!-- TC39_SIT_PSC_Accountdetail_Vesting_Reg -->
  <testcase name="TC_63_Agecatchup" classname="app.psc.testcases.employeesearch.employeesearchtestcases">
    <skipped/>
  </testcase> <!-- TC_63_Agecatchup -->
  <testcase name="TC_50_SSN_Multiple_Plan_PAE" classname="app.psc.testcases.employeesearch.employeesearchtestcases">
    <skipped/>
  </testcase> <!-- TC_50_SSN_Multiple_Plan_PAE -->
  <testcase name="TC_56_PSC_Employee_Information_NonZeroDeferral_Terminated_GreaterThan_18Month" classname="app.psc.testcases.employeesearch.employeesearchtestcases">
    <skipped/>
  </testcase> <!-- TC_56_PSC_Employee_Information_NonZeroDeferral_Terminated_GreaterThan_18Month -->
  <testcase name="TC_61_SIT_PSC_Search_Employee_based_on_User_access" classname="app.psc.testcases.employeesearch.employeesearchtestcases">
    <skipped/>
  </testcase> <!-- TC_61_SIT_PSC_Search_Employee_based_on_User_access -->
  <testcase name="TC33_Suppress_Account_Detail_elements_TRS_NonTRS" classname="app.psc.testcases.employeesearch.employeesearchtestcases">
    <skipped/>
  </testcase> <!-- TC33_Suppress_Account_Detail_elements_TRS_NonTRS -->
  <testcase name="TC_54_Employee_Overview_With_Active_Models" classname="app.psc.testcases.employeesearch.employeesearchtestcases">
    <skipped/>
  </testcase> <!-- TC_54_Employee_Overview_With_Active_Models -->
  <testcase name="TC36_SIT_PSC_Employee_Overview_DB_plans_Enrollment_Elligibility_Not_displayed" classname="app.psc.testcases.employeesearch.employeesearchtestcases">
    <skipped/>
  </testcase> <!-- TC36_SIT_PSC_Employee_Overview_DB_plans_Enrollment_Elligibility_Not_displayed -->
  <testcase name="TC_48_AccountDetail_Transacion_History_Reg" classname="app.psc.testcases.employeesearch.employeesearchtestcases">
    <skipped/>
  </testcase> <!-- TC_48_AccountDetail_Transacion_History_Reg -->
  <testcase name="TC029_Edit_Enrollment_And_Eligibility" classname="app.psc.testcases.employeesearch.employeesearchtestcases">
    <skipped/>
  </testcase> <!-- TC029_Edit_Enrollment_And_Eligibility -->
  <testcase name="TC38_SIT_PSC_Accountdetail_Fees_Reg" classname="app.psc.testcases.employeesearch.employeesearchtestcases">
    <skipped/>
  </testcase> <!-- TC38_SIT_PSC_Accountdetail_Fees_Reg -->
  <testcase name="TC025_Verify_Employee_Overview_PlanList_Balance_Section" classname="app.psc.testcases.employeesearch.employeesearchtestcases">
    <skipped/>
  </testcase> <!-- TC025_Verify_Employee_Overview_PlanList_Balance_Section -->
  <testcase name="TC35_SIT_PSC_Statements_Tab" classname="app.psc.testcases.employeesearch.employeesearchtestcases">
    <skipped/>
  </testcase> <!-- TC35_SIT_PSC_Statements_Tab -->
  <testcase name="TC015_Check_For_Plans_With_one_division" classname="app.psc.testcases.employeesearch.employeesearchtestcases">
    <skipped/>
  </testcase> <!-- TC015_Check_For_Plans_With_one_division -->
  <testcase name="TC32_Supress_Menu_Items_for_TRS_Flex" classname="app.psc.testcases.employeesearch.employeesearchtestcases">
    <skipped/>
  </testcase> <!-- TC32_Supress_Menu_Items_for_TRS_Flex -->
  <testcase name="TC027_Verify_Subset_History_Section" classname="app.psc.testcases.employeesearch.employeesearchtestcases">
    <skipped/>
  </testcase> <!-- TC027_Verify_Subset_History_Section -->
  <testcase name="TC_46_SIT_PSC_Add_Employee_Autosite_Plan_Display_Angular_Page" classname="app.psc.testcases.employeesearch.employeesearchtestcases">
    <skipped/>
  </testcase> <!-- TC_46_SIT_PSC_Add_Employee_Autosite_Plan_Display_Angular_Page -->
  <testcase name="TC07_Verify_employee_details_displayed_for_plans_with_divisions" classname="app.psc.testcases.employeesearch.employeesearchtestcases">
    <skipped/>
  </testcase> <!-- TC07_Verify_employee_details_displayed_for_plans_with_divisions -->
  <testcase name="TC_64_OngoingDeferralUIValidation" classname="app.psc.testcases.employeesearch.employeesearchtestcases">
    <skipped/>
  </testcase> <!-- TC_64_OngoingDeferralUIValidation -->
  <testcase name="TC_45_SIT_PSC_Add_Employee_Autosite_Plan_Display_Angular_Page" classname="app.psc.testcases.employeesearch.employeesearchtestcases">
    <skipped/>
  </testcase> <!-- TC_45_SIT_PSC_Add_Employee_Autosite_Plan_Display_Angular_Page -->
  <testcase name="TC_58_PSC_Employee_Information_RehireTerminate_NonZeroDeferral_Active" classname="app.psc.testcases.employeesearch.employeesearchtestcases">
    <skipped/>
  </testcase> <!-- TC_58_PSC_Employee_Information_RehireTerminate_NonZeroDeferral_Active -->
  <testcase name="TC_53_Participant_Investments_Tab" classname="app.psc.testcases.employeesearch.employeesearchtestcases">
    <skipped/>
  </testcase> <!-- TC_53_Participant_Investments_Tab -->
  <testcase name="TC_59_PSC_Employee_Information_RehireTerminate_ZeroDeferral_Scenario1" classname="app.psc.testcases.employeesearch.employeesearchtestcases">
    <skipped/>
  </testcase> <!-- TC_59_PSC_Employee_Information_RehireTerminate_ZeroDeferral_Scenario1 -->
  <testcase name="TC_59_PSC_Employee_Information_RehireTerminate_ZeroDeferral_Scenario2" classname="app.psc.testcases.employeesearch.employeesearchtestcases">
    <skipped/>
  </testcase> <!-- TC_59_PSC_Employee_Information_RehireTerminate_ZeroDeferral_Scenario2 -->
  <testcase name="TC014_Verify_the_Search_results_for_Plans_with_Div_doesnot_Contain_duplicate_Values" classname="app.psc.testcases.employeesearch.employeesearchtestcases">
    <skipped/>
  </testcase> <!-- TC014_Verify_the_Search_results_for_Plans_with_Div_doesnot_Contain_duplicate_Values -->
  <testcase name="TC_59_PSC_Employee_Information_RehireTerminate_ZeroDeferral_Scenario3" classname="app.psc.testcases.employeesearch.employeesearchtestcases">
    <skipped/>
  </testcase> <!-- TC_59_PSC_Employee_Information_RehireTerminate_ZeroDeferral_Scenario3 -->
  <testcase name="TC_59_PSC_Employee_Information_RehireTerminate_ZeroDeferral_Scenario4" classname="app.psc.testcases.employeesearch.employeesearchtestcases">
    <skipped/>
  </testcase> <!-- TC_59_PSC_Employee_Information_RehireTerminate_ZeroDeferral_Scenario4 -->
  <testcase name="TC_62_Stop_All_Deferrals" classname="app.psc.testcases.employeesearch.employeesearchtestcases">
    <skipped/>
  </testcase> <!-- TC_62_Stop_All_Deferrals -->
  <testcase name="TC016_Check_For_Plans_With_multiple_divisions" classname="app.psc.testcases.employeesearch.employeesearchtestcases">
    <skipped/>
  </testcase> <!-- TC016_Check_For_Plans_With_multiple_divisions -->
  <testcase name="TC41_SIT_PSC_Accountdetail_Paycheck_Contribution_YTD" classname="app.psc.testcases.employeesearch.employeesearchtestcases">
    <skipped/>
  </testcase> <!-- TC41_SIT_PSC_Accountdetail_Paycheck_Contribution_YTD -->
  <testcase name="TC_55_Loan_Summary_Table_External_Loan" classname="app.psc.testcases.employeesearch.employeesearchtestcases">
    <skipped/>
  </testcase> <!-- TC_55_Loan_Summary_Table_External_Loan -->
  <testcase name="TC023_EnrolmmentAndEligibility" classname="app.psc.testcases.employeesearch.employeesearchtestcases">
    <skipped/>
  </testcase> <!-- TC023_EnrolmmentAndEligibility -->
  <testcase name="TC024_Verify_Employee_Overview_Screen_Elements" classname="app.psc.testcases.employeesearch.employeesearchtestcases">
    <skipped/>
  </testcase> <!-- TC024_Verify_Employee_Overview_Screen_Elements -->
  <testcase name="TC029_Verify_ssn_masking_for_external_users" classname="app.psc.testcases.employeesearch.employeesearchtestcases_db">
    <skipped/>
  </testcase> <!-- TC029_Verify_ssn_masking_for_external_users -->
  <testcase name="TC026_Verify_search_results_are_not_displayed_for_employess_with_err_code" classname="app.psc.testcases.employeesearch.employeesearchtestcases_db">
    <skipped/>
  </testcase> <!-- TC026_Verify_search_results_are_not_displayed_for_employess_with_err_code -->
  <testcase name="TC027_Verify_termed_employeedetails_are_displayed" classname="app.psc.testcases.employeesearch.employeesearchtestcases_db">
    <skipped/>
  </testcase> <!-- TC027_Verify_termed_employeedetails_are_displayed -->
  <testcase name="TC028_Verify_search_results_are_displayed_for_termed_employees" classname="app.psc.testcases.employeesearch.employeesearchtestcases_db">
    <skipped/>
  </testcase> <!-- TC028_Verify_search_results_are_displayed_for_termed_employees -->
  <testcase name="TC025_Verify_search_results_for_ssn_with_extension" classname="app.psc.testcases.employeesearch.employeesearchtestcases_db">
    <skipped/>
  </testcase> <!-- TC025_Verify_search_results_for_ssn_with_extension -->
  <testcase name="TC01_search_plan_for_valid_plan" classname="app.psc.testcases.plan.plansearchtestcases">
    <skipped/>
  </testcase> <!-- TC01_search_plan_for_valid_plan -->
  <testcase name="TC07_SIT_PSC_Investment_Asset_Allocations_page" classname="app.psc.testcases.plan.plansearchtestcases">
    <skipped/>
  </testcase> <!-- TC07_SIT_PSC_Investment_Asset_Allocations_page -->
  <testcase name="TC04_Validate_Plan_Page_When_PlanName_Entered" classname="app.psc.testcases.plan.plansearchtestcases">
    <skipped/>
  </testcase> <!-- TC04_Validate_Plan_Page_When_PlanName_Entered -->
  <testcase name="TC13_PLN_ADM_View_Change_Banking_Information_Regr" classname="app.psc.testcases.plan.plansearchtestcases">
    <skipped/>
  </testcase> <!-- TC13_PLN_ADM_View_Change_Banking_Information_Regr -->
  <testcase name="TC08_Disable_certain_user_edit_fields_for_SAW" classname="app.psc.testcases.plan.plansearchtestcases">
    <skipped/>
  </testcase> <!-- TC08_Disable_certain_user_edit_fields_for_SAW -->
  <testcase name="TC03_Validate_Error_Message_When_Invalid_Plan_Number_Entered" classname="app.psc.testcases.plan.plansearchtestcases">
    <skipped/>
  </testcase> <!-- TC03_Validate_Error_Message_When_Invalid_Plan_Number_Entered -->
  <testcase name="TC14_SIT_PSC_Investment_Options" classname="app.psc.testcases.plan.plansearchtestcases">
    <skipped/>
  </testcase> <!-- TC14_SIT_PSC_Investment_Options -->
  <testcase name="TC15_SIT_PSC_Investment_Fixed_Investment_FutureRates" classname="app.psc.testcases.plan.plansearchtestcases">
    <skipped/>
  </testcase> <!-- TC15_SIT_PSC_Investment_Fixed_Investment_FutureRates -->
  <testcase name="TC10_SIT_PSC_Fiduciary_Records_Plan_Documents_No_Part_grouping" classname="app.psc.testcases.plan.plansearchtestcases">
    <skipped/>
  </testcase> <!-- TC10_SIT_PSC_Fiduciary_Records_Plan_Documents_No_Part_grouping -->
  <testcase name="TC09_Order_Participant_QDIA_Notice_Listing" classname="app.psc.testcases.plan.plansearchtestcases">
    <skipped/>
  </testcase> <!-- TC09_Order_Participant_QDIA_Notice_Listing -->
  <testcase name="TC05_SIT_PSC_Plan_messaging_confirmation_page" classname="app.psc.testcases.plan.plansearchtestcases">
    <skipped/>
  </testcase> <!-- TC05_SIT_PSC_Plan_messaging_confirmation_page -->
  <testcase name="TC02_Validate_error_message_when_plan_field_is_left_blank" classname="app.psc.testcases.plan.plansearchtestcases">
    <skipped/>
  </testcase> <!-- TC02_Validate_error_message_when_plan_field_is_left_blank -->
  <testcase name="TC06_SIT_PSC_Investment_Fixed_Investment_Rates_Page" classname="app.psc.testcases.plan.plansearchtestcases">
    <skipped/>
  </testcase> <!-- TC06_SIT_PSC_Investment_Fixed_Investment_Rates_Page -->
  <testcase name="TC11_SIT_PSC_HomePage_Fiduciary_Records_Required_Notices_Part_grouping" classname="app.psc.testcases.plan.plansearchtestcases">
    <skipped/>
  </testcase> <!-- TC11_SIT_PSC_HomePage_Fiduciary_Records_Required_Notices_Part_grouping -->
  <testcase name="TC03_Verify_planDetails_Populated" classname="app.psc.testcases.plan.plansearchtestcases">
    <skipped/>
  </testcase> <!-- TC03_Verify_planDetails_Populated -->
  <testcase name="Verify_TUDS_table_for_Magic_login" classname="app.psc.testcases.userverification.userverificationtestcases">
    <skipped/>
  </testcase> <!-- Verify_TUDS_table_for_Magic_login -->
  <testcase name="TC007_03_Verify_Login_Flow_Existing_User_withing_same_browser_session" classname="app.psc.testcases.userverification.userverificationtestcases">
    <skipped/>
  </testcase> <!-- TC007_03_Verify_Login_Flow_Existing_User_withing_same_browser_session -->
  <testcase name="TC001_02_SIT_PSC_Update_My_profile_Default_Plan" classname="app.psc.testcases.myprofile.MyProfileTestCases">
    <skipped/>
  </testcase> <!-- TC001_02_SIT_PSC_Update_My_profile_Default_Plan -->
  <testcase name="TC001_01_SIT_PSC_Update_My_profile_Default_Plan" classname="app.psc.testcases.myprofile.MyProfileTestCases">
    <skipped/>
  </testcase> <!-- TC001_01_SIT_PSC_Update_My_profile_Default_Plan -->
  <testcase name="TC006_01_Verify_Error_Message_For_Terminated_User" classname="app.psc.testcases.login.logintestcases">
    <skipped/>
  </testcase> <!-- TC006_01_Verify_Error_Message_For_Terminated_User -->
  <testcase name="TC003_UI_Validations_On_JumpPage" classname="app.psc.testcases.login.logintestcases">
    <skipped/>
  </testcase> <!-- TC003_UI_Validations_On_JumpPage -->
  <testcase name="TC05_01_SIT_PSC_HomePage_01_TC001_frame_on_Dashboard_Filesharing_and_Reports_pages" classname="app.psc.testcases.login.logintestcases">
    <skipped/>
  </testcase> <!-- TC05_01_SIT_PSC_HomePage_01_TC001_frame_on_Dashboard_Filesharing_and_Reports_pages -->
  <testcase name="TC002_Verify_Jump_Page_Displayed_When_AcessToPlansInAllSites" classname="app.psc.testcases.login.logintestcases">
    <skipped/>
  </testcase> <!-- TC002_Verify_Jump_Page_Displayed_When_AcessToPlansInAllSites -->
  <testcase name="TC004_Verify_PLUser_Login_With_No_Plna_Access" classname="app.psc.testcases.login.logintestcases">
    <skipped/>
  </testcase> <!-- TC004_Verify_PLUser_Login_With_No_Plna_Access -->
  <testcase name="TC007_01_display_correct_date_and_time_of_my_last_login" classname="app.psc.testcases.login.logintestcases">
    <skipped/>
  </testcase> <!-- TC007_01_display_correct_date_and_time_of_my_last_login -->
  <testcase name="TC008_01_Verify_Equality_Of_SessionID_From_Browser_And_DB" classname="app.psc.testcases.login.logintestcases">
    <skipped/>
  </testcase> <!-- TC008_01_Verify_Equality_Of_SessionID_From_Browser_And_DB -->
  <testcase name="TC005_01_Verify_User_Account_Locking_For_Max_Invalid_Attempt" classname="app.psc.testcases.login.logintestcases">
    <skipped/>
  </testcase> <!-- TC005_01_Verify_User_Account_Locking_For_Max_Invalid_Attempt -->
  <testcase name="TC009_01_Verify_To_Do_List_Site_Navigator" classname="app.psc.testcases.login.logintestcases">
    <skipped/>
  </testcase> <!-- TC009_01_Verify_To_Do_List_Site_Navigator -->
  <testcase name="TC01_SIT_PSC_HomePage_Transaction_Security" classname="app.psc.testcases.login.logintestcases">
    <skipped/>
  </testcase> <!-- TC01_SIT_PSC_HomePage_Transaction_Security -->
  <testcase name="TC001_09_Verify_Jump_Page_Not_Displayed_When_AcessToPlanInSingleSite" classname="app.psc.testcases.login.logintestcases">
    <skipped/>
  </testcase> <!-- TC001_09_Verify_Jump_Page_Not_Displayed_When_AcessToPlanInSingleSite -->
  <testcase name="TC011_01_SIT_PSC_Login_01_TC020_Unsuccessful_login_attempts" classname="app.psc.testcases.login.logintestcases">
    <skipped/>
  </testcase> <!-- TC011_01_SIT_PSC_Login_01_TC020_Unsuccessful_login_attempts -->
  <testcase name="TC001_02_SIT_PSC_Sitenavigation_SubMenutabs" classname="app.psc.testcases.login.logintestcases">
    <skipped/>
  </testcase> <!-- TC001_02_SIT_PSC_Sitenavigation_SubMenutabs -->
  <testcase name="TC010_01_Verify_Restyled_Button_Home_Page_For_Sentence_Case" classname="app.psc.testcases.login.logintestcases">
    <skipped/>
  </testcase> <!-- TC010_01_Verify_Restyled_Button_Home_Page_For_Sentence_Case -->
  <testcase name="TC001_01_SIT_PSC_Sitenavigation_Menutabs" classname="app.psc.testcases.login.logintestcases">
    <skipped/>
  </testcase> <!-- TC001_01_SIT_PSC_Sitenavigation_Menutabs -->
</testsuite> <!-- app.psc.testcases.login.logintestcases -->
