<?xml version="1.0" encoding="UTF-8"?>
<!-- Generated by org.testng.reporters.JUnitReportReporter -->
<testsuite name="app.psc.testcases.accountverification.accountverification_existingusr" tests="11" time="297.458" ignored="5" failures="0" timestamp="27 Sep 2017 06:23:07 GMT" skipped="0" hostname="XWJPMDD177" errors="10">
  <testcase name="TC019_Verify_Default_Plan_Prompting" time="56.035" classname="app.psc.testcases.accountverification.accountverification_existingusr"/>
  <testcase name="TC004_02_Verify_Changepasword_When_Password_Expired_Positive_Flow" time="30.753" classname="app.psc.testcases.accountverification.accountverification_existingusr">
    <error type="java.lang.NullPointerException">
      <![CDATA[java.lang.NullPointerException
	at app.psc.testcases.accountverification.accountverification_existingusr.TC004_02_Verify_Changepasword_When_Password_Expired_Positive_Flow(accountverification_existingusr.java:172)
	at sun.reflect.NativeMethodAccessorImpl.invoke0(Native Method)
	at sun.reflect.NativeMethodAccessorImpl.invoke(NativeMethodAccessorImpl.java:62)
	at sun.reflect.DelegatingMethodAccessorImpl.invoke(DelegatingMethodAccessorImpl.java:43)
	at java.lang.reflect.Method.invoke(Method.java:498)
	at org.testng.internal.MethodInvocationHelper.invokeMethod(MethodInvocationHelper.java:104)
	at org.testng.internal.Invoker.invokeMethod(Invoker.java:645)
	at org.testng.internal.Invoker.invokeTestMethod(Invoker.java:851)
	at org.testng.internal.Invoker.invokeTestMethods(Invoker.java:1177)
	at org.testng.internal.TestMethodWorker.invokeTestMethods(TestMethodWorker.java:129)
	at org.testng.internal.TestMethodWorker.run(TestMethodWorker.java:112)
	at java.util.concurrent.ThreadPoolExecutor.runWorker(ThreadPoolExecutor.java:1142)
	at java.util.concurrent.ThreadPoolExecutor$Worker.run(ThreadPoolExecutor.java:617)
	at java.lang.Thread.run(Thread.java:745)
]]>
    </error>
  </testcase> <!-- TC004_02_Verify_Changepasword_When_Password_Expired_Positive_Flow -->
  <testcase name="TC006_01_Verify_Display_Of_Notification_On_HomePage" time="16.463" classname="app.psc.testcases.accountverification.accountverification_existingusr">
    <error/>
  </testcase> <!-- TC006_01_Verify_Display_Of_Notification_On_HomePage -->
  <testcase name="DriverQuite" time="0.000" classname="app.psc.testcases.accountverification.accountverification_existingusr">
    <error type="java.lang.NullPointerException">
      <![CDATA[java.lang.NullPointerException
	at app.psc.testcases.accountverification.accountverification_existingusr.DriverQuite(accountverification_existingusr.java:859)
	at sun.reflect.NativeMethodAccessorImpl.invoke0(Native Method)
	at sun.reflect.NativeMethodAccessorImpl.invoke(NativeMethodAccessorImpl.java:62)
	at sun.reflect.DelegatingMethodAccessorImpl.invoke(DelegatingMethodAccessorImpl.java:43)
	at java.lang.reflect.Method.invoke(Method.java:498)
	at org.testng.internal.MethodInvocationHelper.invokeMethod(MethodInvocationHelper.java:104)
	at org.testng.internal.Invoker.invokeConfigurationMethod(Invoker.java:515)
	at org.testng.internal.Invoker.invokeConfigurations(Invoker.java:217)
	at org.testng.internal.Invoker.invokeConfigurations(Invoker.java:144)
	at org.testng.SuiteRunner.privateRun(SuiteRunner.java:357)
	at org.testng.SuiteRunner.run(SuiteRunner.java:289)
	at org.testng.SuiteRunnerWorker.runSuite(SuiteRunnerWorker.java:52)
	at org.testng.SuiteRunnerWorker.run(SuiteRunnerWorker.java:86)
	at org.testng.TestNG.runSuitesSequentially(TestNG.java:1293)
	at org.testng.TestNG.runSuitesLocally(TestNG.java:1218)
	at org.testng.TestNG.runSuites(TestNG.java:1133)
	at org.testng.TestNG.run(TestNG.java:1104)
	at org.testng.remote.AbstractRemoteTestNG.run(AbstractRemoteTestNG.java:132)
	at org.testng.remote.RemoteTestNG.initAndRun(RemoteTestNG.java:236)
	at org.testng.remote.RemoteTestNG.main(RemoteTestNG.java:81)
]]>
    </error>
  </testcase> <!-- DriverQuite -->
  <testcase name="TC013_SIT_PSC_HomePage_01_TC010_Regression_Testing_New_Pages" time="34.279" classname="app.psc.testcases.accountverification.accountverification_existingusr">
    <error/>
  </testcase> <!-- TC013_SIT_PSC_HomePage_01_TC010_Regression_Testing_New_Pages -->
  <testcase name="TC018_Security_Question_Validation_Existing_User" time="5.747" classname="app.psc.testcases.accountverification.accountverification_existingusr">
    <error/>
  </testcase> <!-- TC018_Security_Question_Validation_Existing_User -->
  <testcase name="TC012_SIT_PSC_HomePage_02_TC003_Compliance_Security" time="5.589" classname="app.psc.testcases.accountverification.accountverification_existingusr">
    <error/>
  </testcase> <!-- TC012_SIT_PSC_HomePage_02_TC003_Compliance_Security -->
  <testcase name="TC005_01_Verify_PSC_Users_Are_Unbale_To_Reuse_Last_Ten_Passwords" time="5.712" classname="app.psc.testcases.accountverification.accountverification_existingusr">
    <error/>
  </testcase> <!-- TC005_01_Verify_PSC_Users_Are_Unbale_To_Reuse_Last_Ten_Passwords -->
  <testcase name="TC006_01_Verify_Display_Of_Compliance_On_HomePage" time="11.683" classname="app.psc.testcases.accountverification.accountverification_existingusr">
    <error/>
  </testcase> <!-- TC006_01_Verify_Display_Of_Compliance_On_HomePage -->
  <testcase name="TC004_01_Verify_Changepasword_When_Password_Expired_Negative_Scenario" time="5.861" classname="app.psc.testcases.accountverification.accountverification_existingusr">
    <error/>
  </testcase> <!-- TC004_01_Verify_Changepasword_When_Password_Expired_Negative_Scenario -->
  <testcase name="TC009_01_Verify_Multifactoring" time="125.336" classname="app.psc.testcases.accountverification.accountverification_existingusr">
    <error/>
  </testcase> <!-- TC009_01_Verify_Multifactoring -->
  <testcase name="TC20_Complex_User" classname="app.psc.testcases.plan.plantestcases">
    <skipped/>
  </testcase> <!-- TC20_Complex_User -->
  <testcase name="Verify_TUDS_table_for_Magic_login" classname="app.psc.testcases.userverification.userverificationtestcases">
    <skipped/>
  </testcase> <!-- Verify_TUDS_table_for_Magic_login -->
  <testcase name="TC010_01_Verify_Restyled_Button_Home_Page_For_Sentence_Case" classname="app.psc.testcases.login.logintestcases">
    <skipped/>
  </testcase> <!-- TC010_01_Verify_Restyled_Button_Home_Page_For_Sentence_Case -->
  <testcase name="TC008_01_Verify_Equality_Of_SessionID_From_Browser_And_DB" classname="app.psc.testcases.login.logintestcases">
    <skipped/>
  </testcase> <!-- TC008_01_Verify_Equality_Of_SessionID_From_Browser_And_DB -->
  <testcase name="TC009_01_Verify_To_Do_List_Site_Navigator" classname="app.psc.testcases.login.logintestcases">
    <skipped/>
  </testcase> <!-- TC009_01_Verify_To_Do_List_Site_Navigator -->
</testsuite> <!-- app.psc.testcases.accountverification.accountverification_existingusr -->
