<?xml version="1.0" encoding="UTF-8"?>
<!-- Generated by org.testng.reporters.JUnitReportReporter -->
<testsuite hostname="XWJPMDD177" name="app.psc.testcases.plan.plansearchtestcases" tests="16" failures="16" timestamp="21 Nov 2017 10:41:39 GMT" time="1110.534" errors="0">
  <testcase name="TC15_SIT_PSC_Investment_Fixed_Investment_FutureRates" time="37.277" classname="app.psc.testcases.plan.plansearchtestcases"/>
  <testcase name="TC01_search_plan_for_valid_plan" time="6.959" classname="app.psc.testcases.plan.plansearchtestcases"/>
  <testcase name="TC09_Order_Participant_QDIA_Notice_Listing" time="66.824" classname="app.psc.testcases.plan.plansearchtestcases"/>
  <testcase name="TC05_SIT_PSC_Plan_messaging_confirmation_page" time="95.632" classname="app.psc.testcases.plan.plansearchtestcases"/>
  <testcase name="TC14_SIT_PSC_Investment_Options" time="87.442" classname="app.psc.testcases.plan.plansearchtestcases"/>
  <testcase name="TC10_SIT_PSC_Fiduciary_Records_Plan_Documents_No_Part_grouping" time="125.573" classname="app.psc.testcases.plan.plansearchtestcases"/>
  <testcase name="TC12_3rd_Level_Links" time="89.540" classname="app.psc.testcases.plan.plansearchtestcases"/>
  <testcase name="TC06_SIT_PSC_Investment_Fixed_Investment_Rates_Page" time="38.115" classname="app.psc.testcases.plan.plansearchtestcases"/>
  <testcase name="TC11_SIT_PSC_HomePage_Fiduciary_Records_Required_Notices_Part_grouping" time="319.935" classname="app.psc.testcases.plan.plansearchtestcases"/>
  <testcase name="TC07_SIT_PSC_Investment_Asset_Allocations_page" time="90.443" classname="app.psc.testcases.plan.plansearchtestcases"/>
  <testcase name="TC02_Validate_error_message_when_plan_field_is_left_blank" time="29.273" classname="app.psc.testcases.plan.plansearchtestcases"/>
  <testcase name="TC08_Disable_certain_user_edit_fields_for_SAW" time="41.835" classname="app.psc.testcases.plan.plansearchtestcases"/>
  <testcase name="TC03_Verify_planDetails_Populated" time="6.897" classname="app.psc.testcases.plan.plansearchtestcases"/>
  <testcase name="TC03_Validate_Error_Message_When_Invalid_Plan_Number_Entered" time="30.480" classname="app.psc.testcases.plan.plansearchtestcases"/>
  <testcase name="TC13_PLN_ADM_View_Change_Banking_Information_Regr" time="37.342" classname="app.psc.testcases.plan.plansearchtestcases"/>
  <testcase name="TC04_Validate_Plan_Page_When_PlanName_Entered" time="6.967" classname="app.psc.testcases.plan.plansearchtestcases"/>
</testsuite> <!-- app.psc.testcases.plan.plansearchtestcases -->
