<?xml version="1.0" encoding="UTF-8"?>
<!-- Generated by org.testng.reporters.JUnitReportReporter -->
<testsuite hostname="XWJPMDD177" name="app.psc.testcases.accountverification.accountverification_existingusr" tests="10" failures="3" timestamp="14 Nov 2017 10:56:36 GMT" time="429.395" errors="0">
  <testcase name="TC004_01_Verify_Changepasword_When_Password_Expired_Negative_Scenario" time="21.048" classname="app.psc.testcases.accountverification.accountverification_existingusr"/>
  <testcase name="TC009_01_Verify_Multifactoring" time="28.655" classname="app.psc.testcases.accountverification.accountverification_existingusr"/>
  <testcase name="TC005_01_Verify_PSC_Users_Are_Unbale_To_Reuse_Last_Ten_Passwords" time="24.402" classname="app.psc.testcases.accountverification.accountverification_existingusr"/>
  <testcase name="TC012_SIT_PSC_HomePage_02_TC003_Compliance_Security" time="32.683" classname="app.psc.testcases.accountverification.accountverification_existingusr"/>
  <testcase name="TC006_01_Verify_Display_Of_Notification_On_HomePage" time="90.087" classname="app.psc.testcases.accountverification.accountverification_existingusr"/>
  <testcase name="TC004_01_Verify_Changepasword_When_Password_Expired_Negative_Scenario" time="21.497" classname="app.psc.testcases.accountverification.accountverification_existingusr"/>
  <testcase name="TC004_01_Verify_Changepasword_When_Password_Expired_Negative_Scenario" time="35.047" classname="app.psc.testcases.accountverification.accountverification_existingusr"/>
  <testcase name="TC004_01_Verify_Changepasword_When_Password_Expired_Negative_Scenario" time="16.737" classname="app.psc.testcases.accountverification.accountverification_existingusr"/>
  <testcase name="TC006_01_Verify_Display_Of_Notification_On_HomePage" time="77.332" classname="app.psc.testcases.accountverification.accountverification_existingusr"/>
  <testcase name="TC012_SIT_PSC_HomePage_02_TC003_Compliance_Security" time="81.907" classname="app.psc.testcases.accountverification.accountverification_existingusr"/>
</testsuite> <!-- app.psc.testcases.accountverification.accountverification_existingusr -->
