<?xml version="1.0" encoding="UTF-8"?>
<!-- Generated by org.testng.reporters.JUnitReportReporter -->
<testsuite name="app.psc.testcases.employeesearch.employeesearchtestcases" tests="62" time="2024.726" ignored="5" failures="0" timestamp="27 Sep 2017 06:23:07 GMT" skipped="0" hostname="XWJPMDD177" errors="53">
  <testcase name="TC08_Verify_employee_details_displayed_for_valid_participant_id" time="18.607" classname="app.psc.testcases.employeesearch.employeesearchtestcases"/>
  <testcase name="TC_55_Loan_Summary_Table_External_Loan" time="20.138" classname="app.psc.testcases.employeesearch.employeesearchtestcases">
    <error/>
  </testcase> <!-- TC_55_Loan_Summary_Table_External_Loan -->
  <testcase name="TC43_SIT_PSC_User_Remember_Search_Employee_Selection" time="217.462" classname="app.psc.testcases.employeesearch.employeesearchtestcases">
    <error/>
  </testcase> <!-- TC43_SIT_PSC_User_Remember_Search_Employee_Selection -->
  <testcase name="TC_60_PSC_Employee_Information_Active_ChageHireInfo" time="136.341" classname="app.psc.testcases.employeesearch.employeesearchtestcases">
    <error/>
  </testcase> <!-- TC_60_PSC_Employee_Information_Active_ChageHireInfo -->
  <testcase name="TC016_Check_For_Plans_With_multiple_divisions" time="19.987" classname="app.psc.testcases.employeesearch.employeesearchtestcases">
    <error/>
  </testcase> <!-- TC016_Check_For_Plans_With_multiple_divisions -->
  <testcase name="TC39_SIT_PSC_Accountdetail_Vesting_Reg" time="20.741" classname="app.psc.testcases.employeesearch.employeesearchtestcases">
    <error/>
  </testcase> <!-- TC39_SIT_PSC_Accountdetail_Vesting_Reg -->
  <testcase name="TC40_SIT_PSC_Accountdetail_Loans_Reg" time="22.506" classname="app.psc.testcases.employeesearch.employeesearchtestcases">
    <error/>
  </testcase> <!-- TC40_SIT_PSC_Accountdetail_Loans_Reg -->
  <testcase name="TC_48_AccountDetail_Transacion_History_Reg" time="27.043" classname="app.psc.testcases.employeesearch.employeesearchtestcases">
    <error/>
  </testcase> <!-- TC_48_AccountDetail_Transacion_History_Reg -->
  <testcase name="TC002_Search_Employee_For_Invalid_SSN" time="31.696" classname="app.psc.testcases.employeesearch.employeesearchtestcases"/>
  <testcase name="TC_53_Participant_Investments_Tab" time="34.435" classname="app.psc.testcases.employeesearch.employeesearchtestcases">
    <error/>
  </testcase> <!-- TC_53_Participant_Investments_Tab -->
  <testcase name="TC_46_SIT_PSC_Add_Employee_Autosite_Plan_Display_Angular_Page" time="25.755" classname="app.psc.testcases.employeesearch.employeesearchtestcases">
    <error/>
  </testcase> <!-- TC_46_SIT_PSC_Add_Employee_Autosite_Plan_Display_Angular_Page -->
  <testcase name="TC001_Search_Employee_For_Valid_SSN" time="89.651" classname="app.psc.testcases.employeesearch.employeesearchtestcases"/>
  <testcase name="TC_56_PSC_Employee_Information_NonZeroDeferral_Terminated_GreaterThan_18Month" time="5.883" classname="app.psc.testcases.employeesearch.employeesearchtestcases">
    <error/>
  </testcase> <!-- TC_56_PSC_Employee_Information_NonZeroDeferral_Terminated_GreaterThan_18Month -->
  <testcase name="TC09_Verify_employee_details_displayed_for_invalid_participant_id" time="30.226" classname="app.psc.testcases.employeesearch.employeesearchtestcases"/>
  <testcase name="TC32_Supress_Menu_Items_for_TRS_Flex" time="20.660" classname="app.psc.testcases.employeesearch.employeesearchtestcases">
    <error/>
  </testcase> <!-- TC32_Supress_Menu_Items_for_TRS_Flex -->
  <testcase name="TC_47_Search_Emp_Locked_Plan" time="20.684" classname="app.psc.testcases.employeesearch.employeesearchtestcases">
    <error/>
  </testcase> <!-- TC_47_Search_Emp_Locked_Plan -->
  <testcase name="TC028_Recently_Viewed_Switch_Participant_Reg" time="20.999" classname="app.psc.testcases.employeesearch.employeesearchtestcases">
    <error/>
  </testcase> <!-- TC028_Recently_Viewed_Switch_Participant_Reg -->
  <testcase name="TC_51_Add_New_Employee_View_Page" time="21.729" classname="app.psc.testcases.employeesearch.employeesearchtestcases">
    <error/>
  </testcase> <!-- TC_51_Add_New_Employee_View_Page -->
  <testcase name="TC004_Search_Employee_For_Invalid_Name_Input" time="43.041" classname="app.psc.testcases.employeesearch.employeesearchtestcases"/>
  <testcase name="TC34_SIT_PSC_Accountdetail_Allocations_Reg" time="23.696" classname="app.psc.testcases.employeesearch.employeesearchtestcases">
    <error/>
  </testcase> <!-- TC34_SIT_PSC_Accountdetail_Allocations_Reg -->
  <testcase name="TC_59_PSC_Employee_Information_RehireTerminate_ZeroDeferral_Scenario2" time="5.555" classname="app.psc.testcases.employeesearch.employeesearchtestcases">
    <error/>
  </testcase> <!-- TC_59_PSC_Employee_Information_RehireTerminate_ZeroDeferral_Scenario2 -->
  <testcase name="TC36_SIT_PSC_Employee_Overview_DB_plans_Enrollment_Elligibility_Not_displayed" time="27.779" classname="app.psc.testcases.employeesearch.employeesearchtestcases">
    <error/>
  </testcase> <!-- TC36_SIT_PSC_Employee_Overview_DB_plans_Enrollment_Elligibility_Not_displayed -->
  <testcase name="TC_57_PSC_Employee_Information_NonZeroDeferral_TerminatedLessThen_18Month" time="5.537" classname="app.psc.testcases.employeesearch.employeesearchtestcases">
    <error/>
  </testcase> <!-- TC_57_PSC_Employee_Information_NonZeroDeferral_TerminatedLessThen_18Month -->
  <testcase name="TC024_Verify_Employee_Overview_Screen_Elements" time="20.928" classname="app.psc.testcases.employeesearch.employeesearchtestcases">
    <error/>
  </testcase> <!-- TC024_Verify_Employee_Overview_Screen_Elements -->
  <testcase name="TC30_Account_balance_Tab" time="20.852" classname="app.psc.testcases.employeesearch.employeesearchtestcases">
    <error/>
  </testcase> <!-- TC30_Account_balance_Tab -->
  <testcase name="TC33_Suppress_Account_Detail_elements_TRS_NonTRS" time="20.209" classname="app.psc.testcases.employeesearch.employeesearchtestcases">
    <error/>
  </testcase> <!-- TC33_Suppress_Account_Detail_elements_TRS_NonTRS -->
  <testcase name="TC_44_Enroll_And_Eligibility_Fields_Type_Validations" time="21.662" classname="app.psc.testcases.employeesearch.employeesearchtestcases">
    <error/>
  </testcase> <!-- TC_44_Enroll_And_Eligibility_Fields_Type_Validations -->
  <testcase name="TC019_Verify_Beneficiary_Info" time="20.216" classname="app.psc.testcases.employeesearch.employeesearchtestcases">
    <error/>
  </testcase> <!-- TC019_Verify_Beneficiary_Info -->
  <testcase name="TC013_Verify_the_Search_results_for_pptID_doesnot_Contain_duplicate_Values" time="20.656" classname="app.psc.testcases.employeesearch.employeesearchtestcases">
    <error/>
  </testcase> <!-- TC013_Verify_the_Search_results_for_pptID_doesnot_Contain_duplicate_Values -->
  <testcase name="TC025_Verify_Employee_Overview_PlanList_Balance_Section" time="20.220" classname="app.psc.testcases.employeesearch.employeesearchtestcases">
    <error/>
  </testcase> <!-- TC025_Verify_Employee_Overview_PlanList_Balance_Section -->
  <testcase name="TC07_Verify_employee_details_displayed_for_plans_with_divisions" time="64.624" classname="app.psc.testcases.employeesearch.employeesearchtestcases"/>
  <testcase name="TC_58_PSC_Employee_Information_RehireTerminate_NonZeroDeferral_Active" time="20.765" classname="app.psc.testcases.employeesearch.employeesearchtestcases">
    <error/>
  </testcase> <!-- TC_58_PSC_Employee_Information_RehireTerminate_NonZeroDeferral_Active -->
  <testcase name="TC026_Verify_Employee_Basic_Info" time="21.300" classname="app.psc.testcases.employeesearch.employeesearchtestcases">
    <error/>
  </testcase> <!-- TC026_Verify_Employee_Basic_Info -->
  <testcase name="TC003_Search_Employee_For_Valid_Name_Input" time="29.458" classname="app.psc.testcases.employeesearch.employeesearchtestcases"/>
  <testcase name="TC005_Search_Employee_For_Valid_EmployeeID_Input" time="21.739" classname="app.psc.testcases.employeesearch.employeesearchtestcases"/>
  <testcase name="TC011_Verify_the_Search_results_for_Name_doesnot_Contain_duplicate_Values" time="18.905" classname="app.psc.testcases.employeesearch.employeesearchtestcases">
    <error/>
  </testcase> <!-- TC011_Verify_the_Search_results_for_Name_doesnot_Contain_duplicate_Values -->
  <testcase name="TC41_SIT_PSC_Accountdetail_Paycheck_Contribution_YTD" time="28.521" classname="app.psc.testcases.employeesearch.employeesearchtestcases">
    <error/>
  </testcase> <!-- TC41_SIT_PSC_Accountdetail_Paycheck_Contribution_YTD -->
  <testcase name="TC006_Search_Employee_For_Invalid_EmployeeID_Input" time="34.689" classname="app.psc.testcases.employeesearch.employeesearchtestcases">
    <error/>
  </testcase> <!-- TC006_Search_Employee_For_Invalid_EmployeeID_Input -->
  <testcase name="TC35_SIT_PSC_Statements_Tab" time="27.820" classname="app.psc.testcases.employeesearch.employeesearchtestcases">
    <error/>
  </testcase> <!-- TC35_SIT_PSC_Statements_Tab -->
  <testcase name="TC_59_PSC_Employee_Information_RehireTerminate_ZeroDeferral_Scenario3" time="26.411" classname="app.psc.testcases.employeesearch.employeesearchtestcases">
    <error/>
  </testcase> <!-- TC_59_PSC_Employee_Information_RehireTerminate_ZeroDeferral_Scenario3 -->
  <testcase name="TC010_Verify_the_Search_results_for_SSN_doesnot_Contain_duplicate_Values" time="26.858" classname="app.psc.testcases.employeesearch.employeesearchtestcases"/>
  <testcase name="TC_59_PSC_Employee_Information_RehireTerminate_ZeroDeferral_Scenario4" time="79.971" classname="app.psc.testcases.employeesearch.employeesearchtestcases">
    <error/>
  </testcase> <!-- TC_59_PSC_Employee_Information_RehireTerminate_ZeroDeferral_Scenario4 -->
  <testcase name="TC012_Verify_the_Search_results_for_EmployeeID_doesnot_Contain_duplicate_Values" time="79.426" classname="app.psc.testcases.employeesearch.employeesearchtestcases">
    <error/>
  </testcase> <!-- TC012_Verify_the_Search_results_for_EmployeeID_doesnot_Contain_duplicate_Values -->
  <testcase name="TC38_SIT_PSC_Accountdetail_Fees_Reg" time="38.669" classname="app.psc.testcases.employeesearch.employeesearchtestcases">
    <error/>
  </testcase> <!-- TC38_SIT_PSC_Accountdetail_Fees_Reg -->
  <testcase name="TC_45_SIT_PSC_Add_Employee_Autosite_Plan_Display_Angular_Page" time="20.936" classname="app.psc.testcases.employeesearch.employeesearchtestcases">
    <error/>
  </testcase> <!-- TC_45_SIT_PSC_Add_Employee_Autosite_Plan_Display_Angular_Page -->
  <testcase name="TC015_Check_For_Plans_With_one_division" time="20.846" classname="app.psc.testcases.employeesearch.employeesearchtestcases">
    <error/>
  </testcase> <!-- TC015_Check_For_Plans_With_one_division -->
  <testcase name="TC023_EnrolmmentAndEligibility" time="20.814" classname="app.psc.testcases.employeesearch.employeesearchtestcases">
    <error/>
  </testcase> <!-- TC023_EnrolmmentAndEligibility -->
  <testcase name="TC37_SIT_PSC_Recentlyviewed_MouseOver" time="25.396" classname="app.psc.testcases.employeesearch.employeesearchtestcases">
    <error/>
  </testcase> <!-- TC37_SIT_PSC_Recentlyviewed_MouseOver -->
  <testcase name="TC_56_Info_Message_New_User" time="25.376" classname="app.psc.testcases.employeesearch.employeesearchtestcases">
    <error/>
  </testcase> <!-- TC_56_Info_Message_New_User -->
  <testcase name="TC022_Paycheck_contribution_View" time="20.311" classname="app.psc.testcases.employeesearch.employeesearchtestcases">
    <error/>
  </testcase> <!-- TC022_Paycheck_contribution_View -->
  <testcase name="TC027_Verify_Subset_History_Section" time="21.088" classname="app.psc.testcases.employeesearch.employeesearchtestcases">
    <error/>
  </testcase> <!-- TC027_Verify_Subset_History_Section -->
  <testcase name="TC31_Disable_PAE_then_renable_PAE" time="19.896" classname="app.psc.testcases.employeesearch.employeesearchtestcases">
    <error/>
  </testcase> <!-- TC31_Disable_PAE_then_renable_PAE -->
  <testcase name="TC_59_PSC_Employee_Information_RehireTerminate_ZeroDeferral_Scenario1" time="22.973" classname="app.psc.testcases.employeesearch.employeesearchtestcases">
    <error/>
  </testcase> <!-- TC_59_PSC_Employee_Information_RehireTerminate_ZeroDeferral_Scenario1 -->
  <testcase name="TC020_Recently_Viewed_Employee" time="22.371" classname="app.psc.testcases.employeesearch.employeesearchtestcases">
    <error/>
  </testcase> <!-- TC020_Recently_Viewed_Employee -->
  <testcase name="TC42_Paycheck_Contribution_History" time="76.130" classname="app.psc.testcases.employeesearch.employeesearchtestcases">
    <error/>
  </testcase> <!-- TC42_Paycheck_Contribution_History -->
  <testcase name="TC029_Edit_Enrollment_And_Eligibility" time="33.460" classname="app.psc.testcases.employeesearch.employeesearchtestcases">
    <error/>
  </testcase> <!-- TC029_Edit_Enrollment_And_Eligibility -->
  <testcase name="TC_54_Employee_Overview_With_Active_Models" time="29.461" classname="app.psc.testcases.employeesearch.employeesearchtestcases">
    <error/>
  </testcase> <!-- TC_54_Employee_Overview_With_Active_Models -->
  <testcase name="TC_50_SSN_Multiple_Plan_PAE" time="29.137" classname="app.psc.testcases.employeesearch.employeesearchtestcases">
    <error/>
  </testcase> <!-- TC_50_SSN_Multiple_Plan_PAE -->
  <testcase name="TC014_Verify_the_Search_results_for_Plans_with_Div_doesnot_Contain_duplicate_Values" time="20.458" classname="app.psc.testcases.employeesearch.employeesearchtestcases">
    <error/>
  </testcase> <!-- TC014_Verify_the_Search_results_for_Plans_with_Div_doesnot_Contain_duplicate_Values -->
  <testcase name="TC018_Employee_Contact_Info_Verification" time="25.086" classname="app.psc.testcases.employeesearch.employeesearchtestcases">
    <error/>
  </testcase> <!-- TC018_Employee_Contact_Info_Verification -->
  <testcase name="TC021_Salary_View_And_Update" time="25.655" classname="app.psc.testcases.employeesearch.employeesearchtestcases">
    <error/>
  </testcase> <!-- TC021_Salary_View_And_Update -->
  <testcase name="TC_61_SIT_PSC_Search_Employee_based_on_User_access" time="11.282" classname="app.psc.testcases.employeesearch.employeesearchtestcases">
    <error/>
  </testcase> <!-- TC_61_SIT_PSC_Search_Employee_based_on_User_access -->
  <testcase name="TC20_Complex_User" classname="app.psc.testcases.plan.plantestcases">
    <skipped/>
  </testcase> <!-- TC20_Complex_User -->
  <testcase name="Verify_TUDS_table_for_Magic_login" classname="app.psc.testcases.userverification.userverificationtestcases">
    <skipped/>
  </testcase> <!-- Verify_TUDS_table_for_Magic_login -->
  <testcase name="TC010_01_Verify_Restyled_Button_Home_Page_For_Sentence_Case" classname="app.psc.testcases.login.logintestcases">
    <skipped/>
  </testcase> <!-- TC010_01_Verify_Restyled_Button_Home_Page_For_Sentence_Case -->
  <testcase name="TC008_01_Verify_Equality_Of_SessionID_From_Browser_And_DB" classname="app.psc.testcases.login.logintestcases">
    <skipped/>
  </testcase> <!-- TC008_01_Verify_Equality_Of_SessionID_From_Browser_And_DB -->
  <testcase name="TC009_01_Verify_To_Do_List_Site_Navigator" classname="app.psc.testcases.login.logintestcases">
    <skipped/>
  </testcase> <!-- TC009_01_Verify_To_Do_List_Site_Navigator -->
</testsuite> <!-- app.psc.testcases.employeesearch.employeesearchtestcases -->
