<?xml version="1.0" encoding="UTF-8"?>
<!-- Generated by org.testng.reporters.JUnitReportReporter -->
<testsuite name="app.psc.testcases.plan.plansearchtestcases" tests="4" time="476.863" ignored="92" failures="0" timestamp="03 Oct 2017 14:33:43 GMT" skipped="0" hostname="XWJPMDD177" errors="4">
  <testcase name="TC11_SIT_PSC_HomePage_Fiduciary_Records_Required_Notices_Part_grouping" time="152.482" classname="app.psc.testcases.plan.plansearchtestcases">
    <error/>
  </testcase> <!-- TC11_SIT_PSC_HomePage_Fiduciary_Records_Required_Notices_Part_grouping -->
  <testcase name="TC09_Order_Participant_QDIA_Notice_Listing" time="68.915" classname="app.psc.testcases.plan.plansearchtestcases">
    <error/>
  </testcase> <!-- TC09_Order_Participant_QDIA_Notice_Listing -->
  <testcase name="TC15_SIT_PSC_Investment_Fixed_Investment_FutureRates" time="142.713" classname="app.psc.testcases.plan.plansearchtestcases">
    <error/>
  </testcase> <!-- TC15_SIT_PSC_Investment_Fixed_Investment_FutureRates -->
  <testcase name="TC05_SIT_PSC_Plan_messaging_confirmation_page" time="112.753" classname="app.psc.testcases.plan.plansearchtestcases">
    <error/>
  </testcase> <!-- TC05_SIT_PSC_Plan_messaging_confirmation_page -->
  <testcase name="TC008_00_Verify_new_user_flow_positive" classname="app.psc.testcases.accountverification.accountverificationtestcases">
    <skipped/>
  </testcase> <!-- TC008_00_Verify_new_user_flow_positive -->
  <testcase name="TC008_02_Verify_Login_Flow_Security_Answer_Select_Security_Questions_Same" classname="app.psc.testcases.accountverification.accountverificationtestcases">
    <skipped/>
  </testcase> <!-- TC008_02_Verify_Login_Flow_Security_Answer_Select_Security_Questions_Same -->
  <testcase name="TC028_Recently_Viewed_Switch_Participant_Reg" classname="app.psc.testcases.employeesearch.employeesearchtestcases">
    <skipped/>
  </testcase> <!-- TC028_Recently_Viewed_Switch_Participant_Reg -->
  <testcase name="TC39_SIT_PSC_Accountdetail_Vesting_Reg" classname="app.psc.testcases.employeesearch.employeesearchtestcases">
    <skipped/>
  </testcase> <!-- TC39_SIT_PSC_Accountdetail_Vesting_Reg -->
  <testcase name="TC31_Disable_PAE_then_renable_PAE" classname="app.psc.testcases.employeesearch.employeesearchtestcases">
    <skipped/>
  </testcase> <!-- TC31_Disable_PAE_then_renable_PAE -->
  <testcase name="TC_51_Add_New_Employee_View_Page" classname="app.psc.testcases.employeesearch.employeesearchtestcases">
    <skipped/>
  </testcase> <!-- TC_51_Add_New_Employee_View_Page -->
  <testcase name="TC020_Recently_Viewed_Employee" classname="app.psc.testcases.employeesearch.employeesearchtestcases">
    <skipped/>
  </testcase> <!-- TC020_Recently_Viewed_Employee -->
  <testcase name="TC_50_SSN_Multiple_Plan_PAE" classname="app.psc.testcases.employeesearch.employeesearchtestcases">
    <skipped/>
  </testcase> <!-- TC_50_SSN_Multiple_Plan_PAE -->
  <testcase name="TC30_Account_balance_Tab" classname="app.psc.testcases.employeesearch.employeesearchtestcases">
    <skipped/>
  </testcase> <!-- TC30_Account_balance_Tab -->
  <testcase name="TC_54_Employee_Overview_With_Active_Models" classname="app.psc.testcases.employeesearch.employeesearchtestcases">
    <skipped/>
  </testcase> <!-- TC_54_Employee_Overview_With_Active_Models -->
  <testcase name="TC002_Search_Employee_For_Invalid_SSN" classname="app.psc.testcases.employeesearch.employeesearchtestcases">
    <skipped/>
  </testcase> <!-- TC002_Search_Employee_For_Invalid_SSN -->
  <testcase name="TC36_SIT_PSC_Employee_Overview_DB_plans_Enrollment_Elligibility_Not_displayed" classname="app.psc.testcases.employeesearch.employeesearchtestcases">
    <skipped/>
  </testcase> <!-- TC36_SIT_PSC_Employee_Overview_DB_plans_Enrollment_Elligibility_Not_displayed -->
  <testcase name="TC011_Verify_the_Search_results_for_Name_doesnot_Contain_duplicate_Values" classname="app.psc.testcases.employeesearch.employeesearchtestcases">
    <skipped/>
  </testcase> <!-- TC011_Verify_the_Search_results_for_Name_doesnot_Contain_duplicate_Values -->
  <testcase name="TC021_Salary_View_And_Update" classname="app.psc.testcases.employeesearch.employeesearchtestcases">
    <skipped/>
  </testcase> <!-- TC021_Salary_View_And_Update -->
  <testcase name="TC43_SIT_PSC_User_Remember_Search_Employee_Selection" classname="app.psc.testcases.employeesearch.employeesearchtestcases">
    <skipped/>
  </testcase> <!-- TC43_SIT_PSC_User_Remember_Search_Employee_Selection -->
  <testcase name="TC42_Paycheck_Contribution_History" classname="app.psc.testcases.employeesearch.employeesearchtestcases">
    <skipped/>
  </testcase> <!-- TC42_Paycheck_Contribution_History -->
  <testcase name="TC_48_AccountDetail_Transacion_History_Reg" classname="app.psc.testcases.employeesearch.employeesearchtestcases">
    <skipped/>
  </testcase> <!-- TC_48_AccountDetail_Transacion_History_Reg -->
  <testcase name="TC025_Verify_Employee_Overview_PlanList_Balance_Section" classname="app.psc.testcases.employeesearch.employeesearchtestcases">
    <skipped/>
  </testcase> <!-- TC025_Verify_Employee_Overview_PlanList_Balance_Section -->
  <testcase name="TC35_SIT_PSC_Statements_Tab" classname="app.psc.testcases.employeesearch.employeesearchtestcases">
    <skipped/>
  </testcase> <!-- TC35_SIT_PSC_Statements_Tab -->
  <testcase name="TC015_Check_For_Plans_With_one_division" classname="app.psc.testcases.employeesearch.employeesearchtestcases">
    <skipped/>
  </testcase> <!-- TC015_Check_For_Plans_With_one_division -->
  <testcase name="TC026_Verify_Employee_Basic_Info" classname="app.psc.testcases.employeesearch.employeesearchtestcases">
    <skipped/>
  </testcase> <!-- TC026_Verify_Employee_Basic_Info -->
  <testcase name="TC_46_SIT_PSC_Add_Employee_Autosite_Plan_Display_Angular_Page" classname="app.psc.testcases.employeesearch.employeesearchtestcases">
    <skipped/>
  </testcase> <!-- TC_46_SIT_PSC_Add_Employee_Autosite_Plan_Display_Angular_Page -->
  <testcase name="TC07_Verify_employee_details_displayed_for_plans_with_divisions" classname="app.psc.testcases.employeesearch.employeesearchtestcases">
    <skipped/>
  </testcase> <!-- TC07_Verify_employee_details_displayed_for_plans_with_divisions -->
  <testcase name="TC003_Search_Employee_For_Valid_Name_Input" classname="app.psc.testcases.employeesearch.employeesearchtestcases">
    <skipped/>
  </testcase> <!-- TC003_Search_Employee_For_Valid_Name_Input -->
  <testcase name="TC_45_SIT_PSC_Add_Employee_Autosite_Plan_Display_Angular_Page" classname="app.psc.testcases.employeesearch.employeesearchtestcases">
    <skipped/>
  </testcase> <!-- TC_45_SIT_PSC_Add_Employee_Autosite_Plan_Display_Angular_Page -->
  <testcase name="TC37_SIT_PSC_Recentlyviewed_MouseOver" classname="app.psc.testcases.employeesearch.employeesearchtestcases">
    <skipped/>
  </testcase> <!-- TC37_SIT_PSC_Recentlyviewed_MouseOver -->
  <testcase name="TC019_Verify_Beneficiary_Info" classname="app.psc.testcases.employeesearch.employeesearchtestcases">
    <skipped/>
  </testcase> <!-- TC019_Verify_Beneficiary_Info -->
  <testcase name="TC022_Paycheck_contribution_View" classname="app.psc.testcases.employeesearch.employeesearchtestcases">
    <skipped/>
  </testcase> <!-- TC022_Paycheck_contribution_View -->
  <testcase name="TC013_Verify_the_Search_results_for_pptID_doesnot_Contain_duplicate_Values" classname="app.psc.testcases.employeesearch.employeesearchtestcases">
    <skipped/>
  </testcase> <!-- TC013_Verify_the_Search_results_for_pptID_doesnot_Contain_duplicate_Values -->
  <testcase name="TC001_Search_Employee_For_Valid_SSN" classname="app.psc.testcases.employeesearch.employeesearchtestcases">
    <skipped/>
  </testcase> <!-- TC001_Search_Employee_For_Valid_SSN -->
  <testcase name="TC005_Search_Employee_For_Valid_EmployeeID_Input" classname="app.psc.testcases.employeesearch.employeesearchtestcases">
    <skipped/>
  </testcase> <!-- TC005_Search_Employee_For_Valid_EmployeeID_Input -->
  <testcase name="TC_53_Participant_Investments_Tab" classname="app.psc.testcases.employeesearch.employeesearchtestcases">
    <skipped/>
  </testcase> <!-- TC_53_Participant_Investments_Tab -->
  <testcase name="TC_56_Info_Message_New_User" classname="app.psc.testcases.employeesearch.employeesearchtestcases">
    <skipped/>
  </testcase> <!-- TC_56_Info_Message_New_User -->
  <testcase name="TC014_Verify_the_Search_results_for_Plans_with_Div_doesnot_Contain_duplicate_Values" classname="app.psc.testcases.employeesearch.employeesearchtestcases">
    <skipped/>
  </testcase> <!-- TC014_Verify_the_Search_results_for_Plans_with_Div_doesnot_Contain_duplicate_Values -->
  <testcase name="TC010_Verify_the_Search_results_for_SSN_doesnot_Contain_duplicate_Values" classname="app.psc.testcases.employeesearch.employeesearchtestcases">
    <skipped/>
  </testcase> <!-- TC010_Verify_the_Search_results_for_SSN_doesnot_Contain_duplicate_Values -->
  <testcase name="TC012_Verify_the_Search_results_for_EmployeeID_doesnot_Contain_duplicate_Values" classname="app.psc.testcases.employeesearch.employeesearchtestcases">
    <skipped/>
  </testcase> <!-- TC012_Verify_the_Search_results_for_EmployeeID_doesnot_Contain_duplicate_Values -->
  <testcase name="TC016_Check_For_Plans_With_multiple_divisions" classname="app.psc.testcases.employeesearch.employeesearchtestcases">
    <skipped/>
  </testcase> <!-- TC016_Check_For_Plans_With_multiple_divisions -->
  <testcase name="TC09_Verify_employee_details_displayed_for_invalid_participant_id" classname="app.psc.testcases.employeesearch.employeesearchtestcases">
    <skipped/>
  </testcase> <!-- TC09_Verify_employee_details_displayed_for_invalid_participant_id -->
  <testcase name="TC41_SIT_PSC_Accountdetail_Paycheck_Contribution_YTD" classname="app.psc.testcases.employeesearch.employeesearchtestcases">
    <skipped/>
  </testcase> <!-- TC41_SIT_PSC_Accountdetail_Paycheck_Contribution_YTD -->
  <testcase name="TC004_Search_Employee_For_Invalid_Name_Input" classname="app.psc.testcases.employeesearch.employeesearchtestcases">
    <skipped/>
  </testcase> <!-- TC004_Search_Employee_For_Invalid_Name_Input -->
  <testcase name="TC006_Search_Employee_For_Invalid_EmployeeID_Input" classname="app.psc.testcases.employeesearch.employeesearchtestcases">
    <skipped/>
  </testcase> <!-- TC006_Search_Employee_For_Invalid_EmployeeID_Input -->
  <testcase name="TC_55_Loan_Summary_Table_External_Loan" classname="app.psc.testcases.employeesearch.employeesearchtestcases">
    <skipped/>
  </testcase> <!-- TC_55_Loan_Summary_Table_External_Loan -->
  <testcase name="TC08_Verify_employee_details_displayed_for_valid_participant_id" classname="app.psc.testcases.employeesearch.employeesearchtestcases">
    <skipped/>
  </testcase> <!-- TC08_Verify_employee_details_displayed_for_valid_participant_id -->
  <testcase name="TC023_EnrolmmentAndEligibility" classname="app.psc.testcases.employeesearch.employeesearchtestcases">
    <skipped/>
  </testcase> <!-- TC023_EnrolmmentAndEligibility -->
  <testcase name="TC018_Employee_Contact_Info_Verification" classname="app.psc.testcases.employeesearch.employeesearchtestcases">
    <skipped/>
  </testcase> <!-- TC018_Employee_Contact_Info_Verification -->
  <testcase name="TC024_Verify_Employee_Overview_Screen_Elements" classname="app.psc.testcases.employeesearch.employeesearchtestcases">
    <skipped/>
  </testcase> <!-- TC024_Verify_Employee_Overview_Screen_Elements -->
  <testcase name="TC006_01_Verify_Error_Message_For_Terminated_User" classname="app.psc.testcases.login.logintestcases">
    <skipped/>
  </testcase> <!-- TC006_01_Verify_Error_Message_For_Terminated_User -->
  <testcase name="TC003_UI_Validations_On_JumpPage" classname="app.psc.testcases.login.logintestcases">
    <skipped/>
  </testcase> <!-- TC003_UI_Validations_On_JumpPage -->
  <testcase name="TC05_01_SIT_PSC_HomePage_01_TC001_frame_on_Dashboard_Filesharing_and_Reports_pages" classname="app.psc.testcases.login.logintestcases">
    <skipped/>
  </testcase> <!-- TC05_01_SIT_PSC_HomePage_01_TC001_frame_on_Dashboard_Filesharing_and_Reports_pages -->
  <testcase name="TC002_Verify_Jump_Page_Displayed_When_AcessToPlansInAllSites" classname="app.psc.testcases.login.logintestcases">
    <skipped/>
  </testcase> <!-- TC002_Verify_Jump_Page_Displayed_When_AcessToPlansInAllSites -->
  <testcase name="TC004_Verify_PLUser_Login_With_No_Plna_Access" classname="app.psc.testcases.login.logintestcases">
    <skipped/>
  </testcase> <!-- TC004_Verify_PLUser_Login_With_No_Plna_Access -->
  <testcase name="TC007_01_display_correct_date_and_time_of_my_last_login" classname="app.psc.testcases.login.logintestcases">
    <skipped/>
  </testcase> <!-- TC007_01_display_correct_date_and_time_of_my_last_login -->
  <testcase name="TC008_01_Verify_Equality_Of_SessionID_From_Browser_And_DB" classname="app.psc.testcases.login.logintestcases">
    <skipped/>
  </testcase> <!-- TC008_01_Verify_Equality_Of_SessionID_From_Browser_And_DB -->
  <testcase name="TC006_01_Verify_Force_Login" classname="app.psc.testcases.login.logintestcases">
    <skipped/>
  </testcase> <!-- TC006_01_Verify_Force_Login -->
  <testcase name="TC005_01_Verify_User_Account_Locking_For_Max_Invalid_Attempt" classname="app.psc.testcases.login.logintestcases">
    <skipped/>
  </testcase> <!-- TC005_01_Verify_User_Account_Locking_For_Max_Invalid_Attempt -->
  <testcase name="TC009_01_Verify_To_Do_List_Site_Navigator" classname="app.psc.testcases.login.logintestcases">
    <skipped/>
  </testcase> <!-- TC009_01_Verify_To_Do_List_Site_Navigator -->
  <testcase name="TC001_09_Verify_Jump_Page_Not_Displayed_When_AcessToPlanInSingleSite" classname="app.psc.testcases.login.logintestcases">
    <skipped/>
  </testcase> <!-- TC001_09_Verify_Jump_Page_Not_Displayed_When_AcessToPlanInSingleSite -->
  <testcase name="TC017_01_Internal_Employee_External_Client_Login" classname="app.psc.testcases.login.logintestcases">
    <skipped/>
  </testcase> <!-- TC017_01_Internal_Employee_External_Client_Login -->
  <testcase name="TC002_01_Verify_Existing_User_Error_Messages_PreLogin" classname="app.psc.testcases.login.logintestcases">
    <skipped/>
  </testcase> <!-- TC002_01_Verify_Existing_User_Error_Messages_PreLogin -->
  <testcase name="TC001_02_SIT_PSC_Sitenavigation_SubMenutabs" classname="app.psc.testcases.login.logintestcases">
    <skipped/>
  </testcase> <!-- TC001_02_SIT_PSC_Sitenavigation_SubMenutabs -->
  <testcase name="TC004_01_Verify_Header_and_Footer_Links_PreLogin" classname="app.psc.testcases.login.logintestcases">
    <skipped/>
  </testcase> <!-- TC004_01_Verify_Header_and_Footer_Links_PreLogin -->
  <testcase name="TC010_01_Verify_Restyled_Button_Home_Page_For_Sentence_Case" classname="app.psc.testcases.login.logintestcases">
    <skipped/>
  </testcase> <!-- TC010_01_Verify_Restyled_Button_Home_Page_For_Sentence_Case -->
  <testcase name="TC001_01_SIT_PSC_Sitenavigation_Menutabs" classname="app.psc.testcases.login.logintestcases">
    <skipped/>
  </testcase> <!-- TC001_01_SIT_PSC_Sitenavigation_Menutabs -->
  <testcase name="Verify_TUDS_table_for_Magic_login" classname="app.psc.testcases.userverification.userverificationtestcases">
    <skipped/>
  </testcase> <!-- Verify_TUDS_table_for_Magic_login -->
  <testcase name="TC007_02_Verify_Login_Flow_Existing_User_New_Browser_Invalid_input" classname="app.psc.testcases.userverification.userverificationtestcases">
    <skipped/>
  </testcase> <!-- TC007_02_Verify_Login_Flow_Existing_User_New_Browser_Invalid_input -->
  <testcase name="TC01_search_plan_for_valid_plan" classname="app.psc.testcases.plan.plansearchtestcases">
    <skipped/>
  </testcase> <!-- TC01_search_plan_for_valid_plan -->
  <testcase name="TC07_SIT_PSC_Investment_Asset_Allocations_page" classname="app.psc.testcases.plan.plansearchtestcases">
    <skipped/>
  </testcase> <!-- TC07_SIT_PSC_Investment_Asset_Allocations_page -->
  <testcase name="TC04_Validate_Plan_Page_When_PlanName_Entered" classname="app.psc.testcases.plan.plansearchtestcases">
    <skipped/>
  </testcase> <!-- TC04_Validate_Plan_Page_When_PlanName_Entered -->
  <testcase name="TC13_PLN_ADM_View_Change_Banking_Information_Regr" classname="app.psc.testcases.plan.plansearchtestcases">
    <skipped/>
  </testcase> <!-- TC13_PLN_ADM_View_Change_Banking_Information_Regr -->
  <testcase name="TC02_Validate_error_message_when_plan_field_is_left_blank" classname="app.psc.testcases.plan.plansearchtestcases">
    <skipped/>
  </testcase> <!-- TC02_Validate_error_message_when_plan_field_is_left_blank -->
  <testcase name="TC06_SIT_PSC_Investment_Fixed_Investment_Rates_Page" classname="app.psc.testcases.plan.plansearchtestcases">
    <skipped/>
  </testcase> <!-- TC06_SIT_PSC_Investment_Fixed_Investment_Rates_Page -->
  <testcase name="TC08_Disable_certain_user_edit_fields_for_SAW" classname="app.psc.testcases.plan.plansearchtestcases">
    <skipped/>
  </testcase> <!-- TC08_Disable_certain_user_edit_fields_for_SAW -->
  <testcase name="TC03_Validate_Error_Message_When_Invalid_Plan_Number_Entered" classname="app.psc.testcases.plan.plansearchtestcases">
    <skipped/>
  </testcase> <!-- TC03_Validate_Error_Message_When_Invalid_Plan_Number_Entered -->
  <testcase name="TC14_SIT_PSC_Investment_Options" classname="app.psc.testcases.plan.plansearchtestcases">
    <skipped/>
  </testcase> <!-- TC14_SIT_PSC_Investment_Options -->
  <testcase name="TC12_3rd_Level_Links" classname="app.psc.testcases.plan.plansearchtestcases">
    <skipped/>
  </testcase> <!-- TC12_3rd_Level_Links -->
  <testcase name="TC03_Verify_planDetails_Populated" classname="app.psc.testcases.plan.plansearchtestcases">
    <skipped/>
  </testcase> <!-- TC03_Verify_planDetails_Populated -->
  <testcase name="TC10_SIT_PSC_Fiduciary_Records_Plan_Documents_No_Part_grouping" classname="app.psc.testcases.plan.plansearchtestcases">
    <skipped/>
  </testcase> <!-- TC10_SIT_PSC_Fiduciary_Records_Plan_Documents_No_Part_grouping -->
  <testcase name="TC022_Verify_if_the_clicking_on_a_searchresults_redirects_to_employee_overview_page" classname="app.psc.testcases.employeesearch.employeesearchtestcases_db">
    <skipped/>
  </testcase> <!-- TC022_Verify_if_the_clicking_on_a_searchresults_redirects_to_employee_overview_page -->
  <testcase name="TC023_Verify_the_limit_of_search_results_on_searchpage" classname="app.psc.testcases.employeesearch.employeesearchtestcases_db">
    <skipped/>
  </testcase> <!-- TC023_Verify_the_limit_of_search_results_on_searchpage -->
  <testcase name="TC024_Verify_Filter_Functionality_Search_Results_Page" classname="app.psc.testcases.employeesearch.employeesearchtestcases_db">
    <skipped/>
  </testcase> <!-- TC024_Verify_Filter_Functionality_Search_Results_Page -->
  <testcase name="TC018_Verify_the_sorting_in_search_results" classname="app.psc.testcases.employeesearch.employeesearchtestcases_db">
    <skipped/>
  </testcase> <!-- TC018_Verify_the_sorting_in_search_results -->
  <testcase name="TC021_Verify_Search_results_are_displayed_as_Hyperlinks" classname="app.psc.testcases.employeesearch.employeesearchtestcases_db">
    <skipped/>
  </testcase> <!-- TC021_Verify_Search_results_are_displayed_as_Hyperlinks -->
  <testcase name="TC017_Verify_the_dropdown_options_And_Screen_elements" classname="app.psc.testcases.employeesearch.employeesearchtestcases_db">
    <skipped/>
  </testcase> <!-- TC017_Verify_the_dropdown_options_And_Screen_elements -->
  <testcase name="TC019_Verify_the_Pagination_on_search_results_page" classname="app.psc.testcases.employeesearch.employeesearchtestcases_db">
    <skipped/>
  </testcase> <!-- TC019_Verify_the_Pagination_on_search_results_page -->
  <testcase name="TC020_Verify_the_Order_of_search_results" classname="app.psc.testcases.employeesearch.employeesearchtestcases_db">
    <skipped/>
  </testcase> <!-- TC020_Verify_the_Order_of_search_results -->
  <testcase name="TC028_Verify_search_results_are_displayed_for_termed_employees" classname="app.psc.testcases.employeesearch.employeesearchtestcases_db">
    <skipped/>
  </testcase> <!-- TC028_Verify_search_results_are_displayed_for_termed_employees -->
  <testcase name="TC025_Verify_search_results_for_ssn_with_extension" classname="app.psc.testcases.employeesearch.employeesearchtestcases_db">
    <skipped/>
  </testcase> <!-- TC025_Verify_search_results_for_ssn_with_extension -->
  <testcase name="TC24_Investment_Charts_Page" classname="app.psc.testcases.plan.plantestcases">
    <skipped/>
  </testcase> <!-- TC24_Investment_Charts_Page -->
  <testcase name="TC25_Investment_Document_Page" classname="app.psc.testcases.plan.plantestcases">
    <skipped/>
  </testcase> <!-- TC25_Investment_Document_Page -->
  <testcase name="TC009_01_Verify_Multifactoring" classname="app.psc.testcases.accountverification.accountverification_existingusr">
    <skipped/>
  </testcase> <!-- TC009_01_Verify_Multifactoring -->
  <testcase name="TC018_Security_Question_Validation_Existing_User" classname="app.psc.testcases.accountverification.accountverification_existingusr">
    <skipped/>
  </testcase> <!-- TC018_Security_Question_Validation_Existing_User -->
  <testcase name="TC013_SIT_PSC_HomePage_01_TC010_Regression_Testing_New_Pages" classname="app.psc.testcases.accountverification.accountverification_existingusr">
    <skipped/>
  </testcase> <!-- TC013_SIT_PSC_HomePage_01_TC010_Regression_Testing_New_Pages -->
</testsuite> <!-- app.psc.testcases.plan.plansearchtestcases -->
