<?xml version="1.0" encoding="UTF-8"?>
<!-- Generated by org.testng.reporters.JUnitReportReporter -->
<testsuite hostname="XWJPMDD177" name="app.psc.testcases.plan.plansearchtestcases" tests="16" failures="10" timestamp="14 Nov 2017 13:07:29 GMT" time="1199.159" errors="0">
  <testcase name="TC05_SIT_PSC_Plan_messaging_confirmation_page" time="31.062" classname="app.psc.testcases.plan.plansearchtestcases"/>
  <testcase name="TC03_Verify_planDetails_Populated" time="8.042" classname="app.psc.testcases.plan.plansearchtestcases"/>
  <testcase name="TC09_Order_Participant_QDIA_Notice_Listing" time="45.099" classname="app.psc.testcases.plan.plansearchtestcases"/>
  <testcase name="TC06_SIT_PSC_Investment_Fixed_Investment_Rates_Page" time="66.480" classname="app.psc.testcases.plan.plansearchtestcases"/>
  <testcase name="TC07_SIT_PSC_Investment_Asset_Allocations_page" time="27.999" classname="app.psc.testcases.plan.plansearchtestcases"/>
  <testcase name="TC08_Disable_certain_user_edit_fields_for_SAW" time="165.270" classname="app.psc.testcases.plan.plansearchtestcases"/>
  <testcase name="TC10_SIT_PSC_Fiduciary_Records_Plan_Documents_No_Part_grouping" time="52.235" classname="app.psc.testcases.plan.plansearchtestcases"/>
  <testcase name="TC12_3rd_Level_Links" time="89.573" classname="app.psc.testcases.plan.plansearchtestcases"/>
  <testcase name="TC03_Validate_Error_Message_When_Invalid_Plan_Number_Entered" time="24.469" classname="app.psc.testcases.plan.plansearchtestcases"/>
  <testcase name="TC14_SIT_PSC_Investment_Options" time="186.785" classname="app.psc.testcases.plan.plansearchtestcases">
    <failure type="java.lang.NullPointerException">
      <![CDATA[java.lang.NullPointerException
	at lib.Reporter.logEvent(Reporter.java:253)
	at app.psc.testcases.plan.plansearchtestcases.TC14_SIT_PSC_Investment_Options(plansearchtestcases.java:872)
	at sun.reflect.NativeMethodAccessorImpl.invoke0(Native Method)
	at sun.reflect.NativeMethodAccessorImpl.invoke(NativeMethodAccessorImpl.java:62)
	at sun.reflect.DelegatingMethodAccessorImpl.invoke(DelegatingMethodAccessorImpl.java:43)
	at java.lang.reflect.Method.invoke(Method.java:498)
	at org.testng.internal.MethodInvocationHelper.invokeMethod(MethodInvocationHelper.java:80)
	at org.testng.internal.Invoker.invokeMethod(Invoker.java:714)
	at org.testng.internal.Invoker.invokeTestMethod(Invoker.java:901)
	at org.testng.internal.Invoker.invokeTestMethods(Invoker.java:1231)
	at org.testng.internal.TestMethodWorker.invokeTestMethods(TestMethodWorker.java:127)
	at org.testng.internal.TestMethodWorker.run(TestMethodWorker.java:111)
	at java.util.concurrent.ThreadPoolExecutor.runWorker(ThreadPoolExecutor.java:1142)
	at java.util.concurrent.ThreadPoolExecutor$Worker.run(ThreadPoolExecutor.java:617)
	at java.lang.Thread.run(Thread.java:745)
]]>
    </failure>
  </testcase> <!-- TC14_SIT_PSC_Investment_Options -->
  <testcase name="TC04_Validate_Plan_Page_When_PlanName_Entered" time="43.569" classname="app.psc.testcases.plan.plansearchtestcases"/>
  <testcase name="TC15_SIT_PSC_Investment_Fixed_Investment_FutureRates" time="116.687" classname="app.psc.testcases.plan.plansearchtestcases"/>
  <testcase name="TC13_PLN_ADM_View_Change_Banking_Information_Regr" time="59.422" classname="app.psc.testcases.plan.plansearchtestcases"/>
  <testcase name="TC01_search_plan_for_valid_plan" time="88.414" classname="app.psc.testcases.plan.plansearchtestcases"/>
  <testcase name="TC11_SIT_PSC_HomePage_Fiduciary_Records_Required_Notices_Part_grouping" time="187.772" classname="app.psc.testcases.plan.plansearchtestcases"/>
  <testcase name="TC02_Validate_error_message_when_plan_field_is_left_blank" time="6.281" classname="app.psc.testcases.plan.plansearchtestcases"/>
</testsuite> <!-- app.psc.testcases.plan.plansearchtestcases -->
