<?xml version="1.0" encoding="UTF-8"?>
<!-- Generated by org.testng.reporters.JUnitReportReporter -->
<testsuite name="app.psc.testcases.plan.plantestcases" tests="1" time="102.058" ignored="7" failures="0" timestamp="06 Oct 2017 13:33:37 GMT" skipped="0" hostname="XWJPMDD177" errors="0">
  <testcase name="TC26_Terminate_User_ID" time="102.058" classname="app.psc.testcases.plan.plantestcases"/>
  <testcase name="TC17_Add_PPT_And_SearchForPPT" classname="app.psc.testcases.plan.plantestcases">
    <skipped/>
  </testcase> <!-- TC17_Add_PPT_And_SearchForPPT -->
  <testcase name="TC23_Find_Users_by_Name" classname="app.psc.testcases.plan.plantestcases">
    <skipped/>
  </testcase> <!-- TC23_Find_Users_by_Name -->
  <testcase name="TC24_Investment_Charts_Page" classname="app.psc.testcases.plan.plantestcases">
    <skipped/>
  </testcase> <!-- TC24_Investment_Charts_Page -->
  <testcase name="TC25_Investment_Document_Page" classname="app.psc.testcases.plan.plantestcases">
    <skipped/>
  </testcase> <!-- TC25_Investment_Document_Page -->
  <testcase name="TC18_SIT_PSC_Investment_UnitShare_values_page" classname="app.psc.testcases.plan.plantestcases">
    <skipped/>
  </testcase> <!-- TC18_SIT_PSC_Investment_UnitShare_values_page -->
  <testcase name="TC20_Complex_User" classname="app.psc.testcases.plan.plantestcases">
    <skipped/>
  </testcase> <!-- TC20_Complex_User -->
  <testcase name="TC16_Plan_Provisions_page" classname="app.psc.testcases.plan.plantestcases">
    <skipped/>
  </testcase> <!-- TC16_Plan_Provisions_page -->
</testsuite> <!-- app.psc.testcases.plan.plantestcases -->
