<?xml version="1.0" encoding="UTF-8"?>
<!-- Generated by org.testng.reporters.JUnitReportReporter -->
<testsuite hostname="XWJPMDD177" name="app.psc.testcases.myprofile.MyProfileTestCases" tests="1" failures="1" timestamp="14 Nov 2017 12:11:03 GMT" time="53.899" errors="0">
  <testcase name="TC002_03_SIT_PSC_Update_Email_Address_Invalid_Password" time="53.899" classname="app.psc.testcases.myprofile.MyProfileTestCases"/>
</testsuite> <!-- app.psc.testcases.myprofile.MyProfileTestCases -->
