<?xml version="1.0" encoding="UTF-8"?>
<!-- Generated by org.testng.reporters.JUnitReportReporter -->
<testsuite name="app.psc.testcases.accountverification.accountverificationtestcases" tests="9" time="527.544" ignored="6" failures="0" timestamp="03 Apr 2018 07:48:49 GMT" skipped="0" hostname="XWJPMDD035" errors="1">
  <testcase name="TC008_00_Verify_new_user_flow_negative" time="20.205" classname="app.psc.testcases.accountverification.accountverificationtestcases">
    <error/>
  </testcase> <!-- TC008_00_Verify_new_user_flow_negative -->
  <testcase name="TC008_03_Verify_New_User_loginFlow_register_username_invalid_input" time="115.170" classname="app.psc.testcases.accountverification.accountverificationtestcases"/>
  <testcase name="TC008_03_Verify_New_User_loginFlow_register_username_invalid_input" time="115.899" classname="app.psc.testcases.accountverification.accountverificationtestcases"/>
  <testcase name="TC008_00_Verify_new_user_flow_positive" time="104.416" classname="app.psc.testcases.accountverification.accountverificationtestcases"/>
  <testcase name="TC008_01_Verify_Login_Flow_Security_Answer_Invalid_Input_New_PSC_User" time="34.041" classname="app.psc.testcases.accountverification.accountverificationtestcases"/>
  <testcase name="TC008_01_Verify_Login_Flow_Security_Answer_Invalid_Input_New_PSC_User" time="29.454" classname="app.psc.testcases.accountverification.accountverificationtestcases"/>
  <testcase name="TC008_01_Verify_Login_Flow_Security_Answer_Invalid_Input_New_PSC_User" time="30.623" classname="app.psc.testcases.accountverification.accountverificationtestcases"/>
  <testcase name="TC008_01_Verify_Login_Flow_Security_Answer_Invalid_Input_New_PSC_User" time="29.459" classname="app.psc.testcases.accountverification.accountverificationtestcases"/>
  <testcase name="TC008_02_Verify_Login_Flow_Security_Answer_Select_Security_Questions_Same" time="48.277" classname="app.psc.testcases.accountverification.accountverificationtestcases"/>
  <testcase name="TC26_Terminate_User_ID" classname="app.psc.testcases.plan.plantestcases">
    <skipped/>
  </testcase> <!-- TC26_Terminate_User_ID -->
  <testcase name="TC25_Investment_Document_Page" classname="app.psc.testcases.plan.plantestcases">
    <skipped/>
  </testcase> <!-- TC25_Investment_Document_Page -->
  <testcase name="TC010_01_Verify_Restyled_Button_Home_Page_For_Sentence_Case" classname="app.psc.testcases.login.logintestcases">
    <skipped/>
  </testcase> <!-- TC010_01_Verify_Restyled_Button_Home_Page_For_Sentence_Case -->
  <testcase name="TC008_01_Verify_Equality_Of_SessionID_From_Browser_And_DB" classname="app.psc.testcases.login.logintestcases">
    <skipped/>
  </testcase> <!-- TC008_01_Verify_Equality_Of_SessionID_From_Browser_And_DB -->
  <testcase name="TC009_01_Verify_To_Do_List_Site_Navigator" classname="app.psc.testcases.login.logintestcases">
    <skipped/>
  </testcase> <!-- TC009_01_Verify_To_Do_List_Site_Navigator -->
  <testcase name="Verify_TUDS_table_for_Magic_login" classname="app.psc.testcases.userverification.userverificationtestcases">
    <skipped/>
  </testcase> <!-- Verify_TUDS_table_for_Magic_login -->
</testsuite> <!-- app.psc.testcases.accountverification.accountverificationtestcases -->
