<?xml version="1.0" encoding="UTF-8"?>
<!-- Generated by org.testng.reporters.JUnitReportReporter -->
<testsuite name="app.psc.testcases.login.logintestcases" tests="21" time="852.187" ignored="5" failures="0" timestamp="27 Sep 2017 06:23:07 GMT" skipped="0" hostname="XWJPMDD177" errors="5">
  <testcase name="TC002_01_Verify_Existing_User_Error_Messages_PreLogin" time="20.061" classname="app.psc.testcases.login.logintestcases"/>
  <testcase name="TC007_01_display_correct_date_and_time_of_my_last_login" time="5.811" classname="app.psc.testcases.login.logintestcases">
    <error/>
  </testcase> <!-- TC007_01_display_correct_date_and_time_of_my_last_login -->
  <testcase name="TC006_01_Verify_Force_Login" time="18.320" classname="app.psc.testcases.login.logintestcases"/>
  <testcase name="TC001_02_SIT_PSC_Sitenavigation_SubMenutabs" time="83.281" classname="app.psc.testcases.login.logintestcases"/>
  <testcase name="TC002_01_Verify_Existing_User_Error_Messages_PreLogin" time="13.956" classname="app.psc.testcases.login.logintestcases"/>
  <testcase name="TC004_Verify_PLUser_Login_With_No_Plna_Access" time="33.576" classname="app.psc.testcases.login.logintestcases">
    <error/>
  </testcase> <!-- TC004_Verify_PLUser_Login_With_No_Plna_Access -->
  <testcase name="TC004_01_Verify_Header_and_Footer_Links_PreLogin" time="39.226" classname="app.psc.testcases.login.logintestcases"/>
  <testcase name="TC005_01_Verify_User_Account_Locking_For_Max_Invalid_Attempt" time="14.128" classname="app.psc.testcases.login.logintestcases"/>
  <testcase name="TC001_01_SIT_PSC_Sitenavigation_Menutabs" time="54.698" classname="app.psc.testcases.login.logintestcases"/>
  <testcase name="TC001_09_Verify_Jump_Page_Not_Displayed_When_AcessToPlanInSingleSite" time="40.970" classname="app.psc.testcases.login.logintestcases"/>
  <testcase name="TC01_SIT_PSC_HomePage_Transaction_Security" time="237.675" classname="app.psc.testcases.login.logintestcases">
    <error/>
  </testcase> <!-- TC01_SIT_PSC_HomePage_Transaction_Security -->
  <testcase name="TC017_01_Internal_Employee_External_Client_Login" time="11.117" classname="app.psc.testcases.login.logintestcases"/>
  <testcase name="TC006_01_Verify_Error_Message_For_Terminated_User" time="15.633" classname="app.psc.testcases.login.logintestcases"/>
  <testcase name="TC004_02_Verify_Header_and_Footer_Links_PostLogin" time="63.479" classname="app.psc.testcases.login.logintestcases"/>
  <testcase name="TC002_01_Verify_Existing_User_Error_Messages_PreLogin" time="13.542" classname="app.psc.testcases.login.logintestcases"/>
  <testcase name="TC017_01_Internal_Employee_External_Client_Login" time="12.191" classname="app.psc.testcases.login.logintestcases"/>
  <testcase name="TC006_01_Verify_Error_Message_For_Terminated_User" time="25.619" classname="app.psc.testcases.login.logintestcases"/>
  <testcase name="TC05_01_SIT_PSC_HomePage_01_TC001_frame_on_Dashboard_Filesharing_and_Reports_pages" time="70.192" classname="app.psc.testcases.login.logintestcases"/>
  <testcase name="TC011_01_SIT_PSC_Login_01_TC020_Unsuccessful_login_attempts" time="42.027" classname="app.psc.testcases.login.logintestcases">
    <error/>
  </testcase> <!-- TC011_01_SIT_PSC_Login_01_TC020_Unsuccessful_login_attempts -->
  <testcase name="TC002_Verify_Jump_Page_Displayed_When_AcessToPlansInAllSites" time="17.907" classname="app.psc.testcases.login.logintestcases"/>
  <testcase name="TC003_UI_Validations_On_JumpPage" time="18.778" classname="app.psc.testcases.login.logintestcases">
    <error/>
  </testcase> <!-- TC003_UI_Validations_On_JumpPage -->
  <testcase name="TC20_Complex_User" classname="app.psc.testcases.plan.plantestcases">
    <skipped/>
  </testcase> <!-- TC20_Complex_User -->
  <testcase name="Verify_TUDS_table_for_Magic_login" classname="app.psc.testcases.userverification.userverificationtestcases">
    <skipped/>
  </testcase> <!-- Verify_TUDS_table_for_Magic_login -->
  <testcase name="TC010_01_Verify_Restyled_Button_Home_Page_For_Sentence_Case" classname="app.psc.testcases.login.logintestcases">
    <skipped/>
  </testcase> <!-- TC010_01_Verify_Restyled_Button_Home_Page_For_Sentence_Case -->
  <testcase name="TC008_01_Verify_Equality_Of_SessionID_From_Browser_And_DB" classname="app.psc.testcases.login.logintestcases">
    <skipped/>
  </testcase> <!-- TC008_01_Verify_Equality_Of_SessionID_From_Browser_And_DB -->
  <testcase name="TC009_01_Verify_To_Do_List_Site_Navigator" classname="app.psc.testcases.login.logintestcases">
    <skipped/>
  </testcase> <!-- TC009_01_Verify_To_Do_List_Site_Navigator -->
</testsuite> <!-- app.psc.testcases.login.logintestcases -->
