<?xml version="1.0" encoding="UTF-8"?>
<!-- Generated by org.testng.reporters.JUnitReportReporter -->
<testsuite hostname="XWJPMDD177" name="app.psc.testcases.employeesearch.employeesearchtestcases_db" tests="3" failures="1" timestamp="13 Dec 2017 08:54:24 GMT" time="259.334" errors="0">
  <testcase name="TC026_Verify_search_results_are_not_displayed_for_employess_with_err_code" time="91.452" classname="app.psc.testcases.employeesearch.employeesearchtestcases_db"/>
  <testcase name="TC028_Verify_search_results_are_displayed_for_termed_employees" time="68.007" classname="app.psc.testcases.employeesearch.employeesearchtestcases_db"/>
  <testcase name="TC024_Verify_Filter_Functionality_Search_Results_Page" time="99.875" classname="app.psc.testcases.employeesearch.employeesearchtestcases_db"/>
</testsuite> <!-- app.psc.testcases.employeesearch.employeesearchtestcases_db -->
