<?xml version="1.0" encoding="UTF-8"?>
<!-- Generated by org.testng.reporters.JUnitReportReporter -->
<testsuite hostname="XWJPMDD177" name="app.psc.testcases.userverification.userverificationtestcases" tests="6" failures="0" timestamp="16 Nov 2017 10:50:13 GMT" time="181.179" errors="0">
  <testcase name="TC007_02_Verify_Login_Flow_Existing_User_New_Browser_Invalid_input" time="10.196" classname="app.psc.testcases.userverification.userverificationtestcases"/>
  <testcase name="TC007_02_Verify_Login_Flow_Existing_User_New_Browser_Invalid_input" time="8.458" classname="app.psc.testcases.userverification.userverificationtestcases"/>
  <testcase name="TC007_02_Verify_Login_Flow_Existing_User_New_Browser_Invalid_input" time="8.396" classname="app.psc.testcases.userverification.userverificationtestcases"/>
  <testcase name="TC007_02_Verify_Login_Flow_Existing_User_New_Browser_Invalid_input" time="53.866" classname="app.psc.testcases.userverification.userverificationtestcases"/>
  <testcase name="TC007_01_Verify_Login_Flow_Existing_User_NewBrowser_Valid_Input" time="91.929" classname="app.psc.testcases.userverification.userverificationtestcases"/>
  <testcase name="TC007_02_Verify_Login_Flow_Existing_User_New_Browser_Invalid_input" time="8.334" classname="app.psc.testcases.userverification.userverificationtestcases"/>
</testsuite> <!-- app.psc.testcases.userverification.userverificationtestcases -->
