<?xml version="1.0" encoding="UTF-8"?>
<!-- Generated by org.testng.reporters.JUnitReportReporter -->
<testsuite name="app.psc.testcases.employeesearch.employeesearchtestcases" tests="1" time="130.814" ignored="64" failures="0" timestamp="27 Mar 2018 04:31:37 GMT" skipped="0" hostname="XWJPMDD035" errors="1">
  <testcase name="TC025_Verify_Employee_Overview_PlanList_Balance_Section" time="130.814" classname="app.psc.testcases.employeesearch.employeesearchtestcases">
    <error/>
  </testcase> <!-- TC025_Verify_Employee_Overview_PlanList_Balance_Section -->
  <testcase name="TC_57_PSC_Employee_Information_NonZeroDeferral_TerminatedLessThen_18Month" classname="app.psc.testcases.employeesearch.employeesearchtestcases">
    <skipped/>
  </testcase> <!-- TC_57_PSC_Employee_Information_NonZeroDeferral_TerminatedLessThen_18Month -->
  <testcase name="TC028_Recently_Viewed_Switch_Participant_Reg" classname="app.psc.testcases.employeesearch.employeesearchtestcases">
    <skipped/>
  </testcase> <!-- TC028_Recently_Viewed_Switch_Participant_Reg -->
  <testcase name="TC_47_Search_Emp_Locked_Plan" classname="app.psc.testcases.employeesearch.employeesearchtestcases">
    <skipped/>
  </testcase> <!-- TC_47_Search_Emp_Locked_Plan -->
  <testcase name="TC31_Disable_PAE_then_renable_PAE" classname="app.psc.testcases.employeesearch.employeesearchtestcases">
    <skipped/>
  </testcase> <!-- TC31_Disable_PAE_then_renable_PAE -->
  <testcase name="TC_63_Agecatchup" classname="app.psc.testcases.employeesearch.employeesearchtestcases">
    <skipped/>
  </testcase> <!-- TC_63_Agecatchup -->
  <testcase name="TC_51_Add_New_Employee_View_Page" classname="app.psc.testcases.employeesearch.employeesearchtestcases">
    <skipped/>
  </testcase> <!-- TC_51_Add_New_Employee_View_Page -->
  <testcase name="TC020_Recently_Viewed_Employee" classname="app.psc.testcases.employeesearch.employeesearchtestcases">
    <skipped/>
  </testcase> <!-- TC020_Recently_Viewed_Employee -->
  <testcase name="TC_50_SSN_Multiple_Plan_PAE" classname="app.psc.testcases.employeesearch.employeesearchtestcases">
    <skipped/>
  </testcase> <!-- TC_50_SSN_Multiple_Plan_PAE -->
  <testcase name="TC_56_PSC_Employee_Information_NonZeroDeferral_Terminated_GreaterThan_18Month" classname="app.psc.testcases.employeesearch.employeesearchtestcases">
    <skipped/>
  </testcase> <!-- TC_56_PSC_Employee_Information_NonZeroDeferral_Terminated_GreaterThan_18Month -->
  <testcase name="TC_61_SIT_PSC_Search_Employee_based_on_User_access" classname="app.psc.testcases.employeesearch.employeesearchtestcases">
    <skipped/>
  </testcase> <!-- TC_61_SIT_PSC_Search_Employee_based_on_User_access -->
  <testcase name="TC33_Suppress_Account_Detail_elements_TRS_NonTRS" classname="app.psc.testcases.employeesearch.employeesearchtestcases">
    <skipped/>
  </testcase> <!-- TC33_Suppress_Account_Detail_elements_TRS_NonTRS -->
  <testcase name="TC002_Search_Employee_For_Invalid_SSN" classname="app.psc.testcases.employeesearch.employeesearchtestcases">
    <skipped/>
  </testcase> <!-- TC002_Search_Employee_For_Invalid_SSN -->
  <testcase name="TC36_SIT_PSC_Employee_Overview_DB_plans_Enrollment_Elligibility_Not_displayed" classname="app.psc.testcases.employeesearch.employeesearchtestcases">
    <skipped/>
  </testcase> <!-- TC36_SIT_PSC_Employee_Overview_DB_plans_Enrollment_Elligibility_Not_displayed -->
  <testcase name="TC011_Verify_the_Search_results_for_Name_doesnot_Contain_duplicate_Values" classname="app.psc.testcases.employeesearch.employeesearchtestcases">
    <skipped/>
  </testcase> <!-- TC011_Verify_the_Search_results_for_Name_doesnot_Contain_duplicate_Values -->
  <testcase name="TC43_SIT_PSC_User_Remember_Search_Employee_Selection" classname="app.psc.testcases.employeesearch.employeesearchtestcases">
    <skipped/>
  </testcase> <!-- TC43_SIT_PSC_User_Remember_Search_Employee_Selection -->
  <testcase name="TC029_Edit_Enrollment_And_Eligibility" classname="app.psc.testcases.employeesearch.employeesearchtestcases">
    <skipped/>
  </testcase> <!-- TC029_Edit_Enrollment_And_Eligibility -->
  <testcase name="TC38_SIT_PSC_Accountdetail_Fees_Reg" classname="app.psc.testcases.employeesearch.employeesearchtestcases">
    <skipped/>
  </testcase> <!-- TC38_SIT_PSC_Accountdetail_Fees_Reg -->
  <testcase name="TC32_Supress_Menu_Items_for_TRS_Flex" classname="app.psc.testcases.employeesearch.employeesearchtestcases">
    <skipped/>
  </testcase> <!-- TC32_Supress_Menu_Items_for_TRS_Flex -->
  <testcase name="TC026_Verify_Employee_Basic_Info" classname="app.psc.testcases.employeesearch.employeesearchtestcases">
    <skipped/>
  </testcase> <!-- TC026_Verify_Employee_Basic_Info -->
  <testcase name="TC_46_SIT_PSC_Add_Employee_Autosite_Plan_Display_Angular_Page" classname="app.psc.testcases.employeesearch.employeesearchtestcases">
    <skipped/>
  </testcase> <!-- TC_46_SIT_PSC_Add_Employee_Autosite_Plan_Display_Angular_Page -->
  <testcase name="TC_64_OngoingDeferralUIValidation" classname="app.psc.testcases.employeesearch.employeesearchtestcases">
    <skipped/>
  </testcase> <!-- TC_64_OngoingDeferralUIValidation -->
  <testcase name="TC_45_SIT_PSC_Add_Employee_Autosite_Plan_Display_Angular_Page" classname="app.psc.testcases.employeesearch.employeesearchtestcases">
    <skipped/>
  </testcase> <!-- TC_45_SIT_PSC_Add_Employee_Autosite_Plan_Display_Angular_Page -->
  <testcase name="TC37_SIT_PSC_Recentlyviewed_MouseOver" classname="app.psc.testcases.employeesearch.employeesearchtestcases">
    <skipped/>
  </testcase> <!-- TC37_SIT_PSC_Recentlyviewed_MouseOver -->
  <testcase name="TC022_Paycheck_contribution_View" classname="app.psc.testcases.employeesearch.employeesearchtestcases">
    <skipped/>
  </testcase> <!-- TC022_Paycheck_contribution_View -->
  <testcase name="TC013_Verify_the_Search_results_for_pptID_doesnot_Contain_duplicate_Values" classname="app.psc.testcases.employeesearch.employeesearchtestcases">
    <skipped/>
  </testcase> <!-- TC013_Verify_the_Search_results_for_pptID_doesnot_Contain_duplicate_Values -->
  <testcase name="TC001_Search_Employee_For_Valid_SSN" classname="app.psc.testcases.employeesearch.employeesearchtestcases">
    <skipped/>
  </testcase> <!-- TC001_Search_Employee_For_Valid_SSN -->
  <testcase name="TC_59_PSC_Employee_Information_RehireTerminate_ZeroDeferral_Scenario1" classname="app.psc.testcases.employeesearch.employeesearchtestcases">
    <skipped/>
  </testcase> <!-- TC_59_PSC_Employee_Information_RehireTerminate_ZeroDeferral_Scenario1 -->
  <testcase name="TC_59_PSC_Employee_Information_RehireTerminate_ZeroDeferral_Scenario2" classname="app.psc.testcases.employeesearch.employeesearchtestcases">
    <skipped/>
  </testcase> <!-- TC_59_PSC_Employee_Information_RehireTerminate_ZeroDeferral_Scenario2 -->
  <testcase name="TC_59_PSC_Employee_Information_RehireTerminate_ZeroDeferral_Scenario3" classname="app.psc.testcases.employeesearch.employeesearchtestcases">
    <skipped/>
  </testcase> <!-- TC_59_PSC_Employee_Information_RehireTerminate_ZeroDeferral_Scenario3 -->
  <testcase name="TC_59_PSC_Employee_Information_RehireTerminate_ZeroDeferral_Scenario4" classname="app.psc.testcases.employeesearch.employeesearchtestcases">
    <skipped/>
  </testcase> <!-- TC_59_PSC_Employee_Information_RehireTerminate_ZeroDeferral_Scenario4 -->
  <testcase name="TC012_Verify_the_Search_results_for_EmployeeID_doesnot_Contain_duplicate_Values" classname="app.psc.testcases.employeesearch.employeesearchtestcases">
    <skipped/>
  </testcase> <!-- TC012_Verify_the_Search_results_for_EmployeeID_doesnot_Contain_duplicate_Values -->
  <testcase name="TC_62_Stop_All_Deferrals" classname="app.psc.testcases.employeesearch.employeesearchtestcases">
    <skipped/>
  </testcase> <!-- TC_62_Stop_All_Deferrals -->
  <testcase name="TC09_Verify_employee_details_displayed_for_invalid_participant_id" classname="app.psc.testcases.employeesearch.employeesearchtestcases">
    <skipped/>
  </testcase> <!-- TC09_Verify_employee_details_displayed_for_invalid_participant_id -->
  <testcase name="TC004_Search_Employee_For_Invalid_Name_Input" classname="app.psc.testcases.employeesearch.employeesearchtestcases">
    <skipped/>
  </testcase> <!-- TC004_Search_Employee_For_Invalid_Name_Input -->
  <testcase name="TC023_EnrolmmentAndEligibility" classname="app.psc.testcases.employeesearch.employeesearchtestcases">
    <skipped/>
  </testcase> <!-- TC023_EnrolmmentAndEligibility -->
  <testcase name="TC018_Employee_Contact_Info_Verification" classname="app.psc.testcases.employeesearch.employeesearchtestcases">
    <skipped/>
  </testcase> <!-- TC018_Employee_Contact_Info_Verification -->
  <testcase name="TC34_SIT_PSC_Accountdetail_Allocations_Reg" classname="app.psc.testcases.employeesearch.employeesearchtestcases">
    <skipped/>
  </testcase> <!-- TC34_SIT_PSC_Accountdetail_Allocations_Reg -->
  <testcase name="TC40_SIT_PSC_Accountdetail_Loans_Reg" classname="app.psc.testcases.employeesearch.employeesearchtestcases">
    <skipped/>
  </testcase> <!-- TC40_SIT_PSC_Accountdetail_Loans_Reg -->
  <testcase name="TC_60_PSC_Employee_Information_Active_ChageHireInfo" classname="app.psc.testcases.employeesearch.employeesearchtestcases">
    <skipped/>
  </testcase> <!-- TC_60_PSC_Employee_Information_Active_ChageHireInfo -->
  <testcase name="TC39_SIT_PSC_Accountdetail_Vesting_Reg" classname="app.psc.testcases.employeesearch.employeesearchtestcases">
    <skipped/>
  </testcase> <!-- TC39_SIT_PSC_Accountdetail_Vesting_Reg -->
  <testcase name="TC30_Account_balance_Tab" classname="app.psc.testcases.employeesearch.employeesearchtestcases">
    <skipped/>
  </testcase> <!-- TC30_Account_balance_Tab -->
  <testcase name="TC_54_Employee_Overview_With_Active_Models" classname="app.psc.testcases.employeesearch.employeesearchtestcases">
    <skipped/>
  </testcase> <!-- TC_54_Employee_Overview_With_Active_Models -->
  <testcase name="TC021_Salary_View_And_Update" classname="app.psc.testcases.employeesearch.employeesearchtestcases">
    <skipped/>
  </testcase> <!-- TC021_Salary_View_And_Update -->
  <testcase name="TC42_Paycheck_Contribution_History" classname="app.psc.testcases.employeesearch.employeesearchtestcases">
    <skipped/>
  </testcase> <!-- TC42_Paycheck_Contribution_History -->
  <testcase name="TC_48_AccountDetail_Transacion_History_Reg" classname="app.psc.testcases.employeesearch.employeesearchtestcases">
    <skipped/>
  </testcase> <!-- TC_48_AccountDetail_Transacion_History_Reg -->
  <testcase name="TC35_SIT_PSC_Statements_Tab" classname="app.psc.testcases.employeesearch.employeesearchtestcases">
    <skipped/>
  </testcase> <!-- TC35_SIT_PSC_Statements_Tab -->
  <testcase name="TC015_Check_For_Plans_With_one_division" classname="app.psc.testcases.employeesearch.employeesearchtestcases">
    <skipped/>
  </testcase> <!-- TC015_Check_For_Plans_With_one_division -->
  <testcase name="TC027_Verify_Subset_History_Section" classname="app.psc.testcases.employeesearch.employeesearchtestcases">
    <skipped/>
  </testcase> <!-- TC027_Verify_Subset_History_Section -->
  <testcase name="TC07_Verify_employee_details_displayed_for_plans_with_divisions" classname="app.psc.testcases.employeesearch.employeesearchtestcases">
    <skipped/>
  </testcase> <!-- TC07_Verify_employee_details_displayed_for_plans_with_divisions -->
  <testcase name="TC003_Search_Employee_For_Valid_Name_Input" classname="app.psc.testcases.employeesearch.employeesearchtestcases">
    <skipped/>
  </testcase> <!-- TC003_Search_Employee_For_Valid_Name_Input -->
  <testcase name="TC019_Verify_Beneficiary_Info" classname="app.psc.testcases.employeesearch.employeesearchtestcases">
    <skipped/>
  </testcase> <!-- TC019_Verify_Beneficiary_Info -->
  <testcase name="TC_58_PSC_Employee_Information_RehireTerminate_NonZeroDeferral_Active" classname="app.psc.testcases.employeesearch.employeesearchtestcases">
    <skipped/>
  </testcase> <!-- TC_58_PSC_Employee_Information_RehireTerminate_NonZeroDeferral_Active -->
  <testcase name="TC005_Search_Employee_For_Valid_EmployeeID_Input" classname="app.psc.testcases.employeesearch.employeesearchtestcases">
    <skipped/>
  </testcase> <!-- TC005_Search_Employee_For_Valid_EmployeeID_Input -->
  <testcase name="TC_53_Participant_Investments_Tab" classname="app.psc.testcases.employeesearch.employeesearchtestcases">
    <skipped/>
  </testcase> <!-- TC_53_Participant_Investments_Tab -->
  <testcase name="TC_56_Info_Message_New_User" classname="app.psc.testcases.employeesearch.employeesearchtestcases">
    <skipped/>
  </testcase> <!-- TC_56_Info_Message_New_User -->
  <testcase name="TC014_Verify_the_Search_results_for_Plans_with_Div_doesnot_Contain_duplicate_Values" classname="app.psc.testcases.employeesearch.employeesearchtestcases">
    <skipped/>
  </testcase> <!-- TC014_Verify_the_Search_results_for_Plans_with_Div_doesnot_Contain_duplicate_Values -->
  <testcase name="TC_44_Enroll_And_Eligibility_Fields_Type_Validations" classname="app.psc.testcases.employeesearch.employeesearchtestcases">
    <skipped/>
  </testcase> <!-- TC_44_Enroll_And_Eligibility_Fields_Type_Validations -->
  <testcase name="TC010_Verify_the_Search_results_for_SSN_doesnot_Contain_duplicate_Values" classname="app.psc.testcases.employeesearch.employeesearchtestcases">
    <skipped/>
  </testcase> <!-- TC010_Verify_the_Search_results_for_SSN_doesnot_Contain_duplicate_Values -->
  <testcase name="TC016_Check_For_Plans_With_multiple_divisions" classname="app.psc.testcases.employeesearch.employeesearchtestcases">
    <skipped/>
  </testcase> <!-- TC016_Check_For_Plans_With_multiple_divisions -->
  <testcase name="TC41_SIT_PSC_Accountdetail_Paycheck_Contribution_YTD" classname="app.psc.testcases.employeesearch.employeesearchtestcases">
    <skipped/>
  </testcase> <!-- TC41_SIT_PSC_Accountdetail_Paycheck_Contribution_YTD -->
  <testcase name="TC006_Search_Employee_For_Invalid_EmployeeID_Input" classname="app.psc.testcases.employeesearch.employeesearchtestcases">
    <skipped/>
  </testcase> <!-- TC006_Search_Employee_For_Invalid_EmployeeID_Input -->
  <testcase name="TC_55_Loan_Summary_Table_External_Loan" classname="app.psc.testcases.employeesearch.employeesearchtestcases">
    <skipped/>
  </testcase> <!-- TC_55_Loan_Summary_Table_External_Loan -->
  <testcase name="TC08_Verify_employee_details_displayed_for_valid_participant_id" classname="app.psc.testcases.employeesearch.employeesearchtestcases">
    <skipped/>
  </testcase> <!-- TC08_Verify_employee_details_displayed_for_valid_participant_id -->
  <testcase name="TC024_Verify_Employee_Overview_Screen_Elements" classname="app.psc.testcases.employeesearch.employeesearchtestcases">
    <skipped/>
  </testcase> <!-- TC024_Verify_Employee_Overview_Screen_Elements -->
</testsuite> <!-- app.psc.testcases.employeesearch.employeesearchtestcases -->
