<?xml version="1.0" encoding="UTF-8"?>
<!-- Generated by org.testng.reporters.JUnitReportReporter -->
<testsuite name="app.psc.testcases.employeesearch.employeesearchtestcases_db" tests="1" time="200.082" ignored="16" failures="0" timestamp="15 Jun 2017 10:25:38 GMT" skipped="0" hostname="XWJPMDD035" errors="0">
  <testcase name="TC024_Verify_Filter_Functionality_Search_Results_Page" time="200.082" classname="app.psc.testcases.employeesearch.employeesearchtestcases_db"/>
  <testcase name="TC008_03_Verify_New_User_loginFlow_register_username_invalid_input" classname="app.psc.testcases.accountverification.accountverificationtestcases">
    <skipped/>
  </testcase> <!-- TC008_03_Verify_New_User_loginFlow_register_username_invalid_input -->
  <testcase name="TC008_01_Verify_Login_Flow_Security_Answer_Invalid_Input_New_PSC_User" classname="app.psc.testcases.accountverification.accountverificationtestcases">
    <skipped/>
  </testcase> <!-- TC008_01_Verify_Login_Flow_Security_Answer_Invalid_Input_New_PSC_User -->
  <testcase name="TC008_00_Verify_new_user_flow_negative" classname="app.psc.testcases.accountverification.accountverificationtestcases">
    <skipped/>
  </testcase> <!-- TC008_00_Verify_new_user_flow_negative -->
  <testcase name="TC008_02_Verify_Login_Flow_Security_Answer_Select_Security_Questions_Same" classname="app.psc.testcases.accountverification.accountverificationtestcases">
    <skipped/>
  </testcase> <!-- TC008_02_Verify_Login_Flow_Security_Answer_Select_Security_Questions_Same -->
  <testcase name="TC022_Verify_if_the_clicking_on_a_searchresults_redirects_to_employee_overview_page" classname="app.psc.testcases.employeesearch.employeesearchtestcases_db">
    <skipped/>
  </testcase> <!-- TC022_Verify_if_the_clicking_on_a_searchresults_redirects_to_employee_overview_page -->
  <testcase name="TC023_Verify_the_limit_of_search_results_on_searchpage" classname="app.psc.testcases.employeesearch.employeesearchtestcases_db">
    <skipped/>
  </testcase> <!-- TC023_Verify_the_limit_of_search_results_on_searchpage -->
  <testcase name="TC029_Verify_ssn_masking_for_external_users" classname="app.psc.testcases.employeesearch.employeesearchtestcases_db">
    <skipped/>
  </testcase> <!-- TC029_Verify_ssn_masking_for_external_users -->
  <testcase name="TC018_Verify_the_sorting_in_search_results" classname="app.psc.testcases.employeesearch.employeesearchtestcases_db">
    <skipped/>
  </testcase> <!-- TC018_Verify_the_sorting_in_search_results -->
  <testcase name="TC021_Verify_Search_results_are_displayed_as_Hyperlinks" classname="app.psc.testcases.employeesearch.employeesearchtestcases_db">
    <skipped/>
  </testcase> <!-- TC021_Verify_Search_results_are_displayed_as_Hyperlinks -->
  <testcase name="TC026_Verify_search_results_are_not_displayed_for_employess_with_err_code" classname="app.psc.testcases.employeesearch.employeesearchtestcases_db">
    <skipped/>
  </testcase> <!-- TC026_Verify_search_results_are_not_displayed_for_employess_with_err_code -->
  <testcase name="TC017_Verify_the_dropdown_options_And_Screen_elements" classname="app.psc.testcases.employeesearch.employeesearchtestcases_db">
    <skipped/>
  </testcase> <!-- TC017_Verify_the_dropdown_options_And_Screen_elements -->
  <testcase name="TC019_Verify_the_Pagination_on_search_results_page" classname="app.psc.testcases.employeesearch.employeesearchtestcases_db">
    <skipped/>
  </testcase> <!-- TC019_Verify_the_Pagination_on_search_results_page -->
  <testcase name="TC027_Verify_termed_employeedetails_are_displayed" classname="app.psc.testcases.employeesearch.employeesearchtestcases_db">
    <skipped/>
  </testcase> <!-- TC027_Verify_termed_employeedetails_are_displayed -->
  <testcase name="TC020_Verify_the_Order_of_search_results" classname="app.psc.testcases.employeesearch.employeesearchtestcases_db">
    <skipped/>
  </testcase> <!-- TC020_Verify_the_Order_of_search_results -->
  <testcase name="TC028_Verify_search_results_are_displayed_for_termed_employees" classname="app.psc.testcases.employeesearch.employeesearchtestcases_db">
    <skipped/>
  </testcase> <!-- TC028_Verify_search_results_are_displayed_for_termed_employees -->
  <testcase name="TC025_Verify_search_results_for_ssn_with_extension" classname="app.psc.testcases.employeesearch.employeesearchtestcases_db">
    <skipped/>
  </testcase> <!-- TC025_Verify_search_results_for_ssn_with_extension -->
</testsuite> <!-- app.psc.testcases.employeesearch.employeesearchtestcases_db -->
