<?xml version="1.0" encoding="UTF-8"?>
<!-- Generated by org.testng.reporters.JUnitReportReporter -->
<testsuite name="app.psc.testcases.plan.plansearchtestcases" tests="1" time="111.502" ignored="16" failures="0" timestamp="15 Jun 2017 06:14:42 GMT" skipped="0" hostname="XWJPMDD035" errors="0">
  <testcase name="TC01_search_plan_for_valid_plan" time="111.502" classname="app.psc.testcases.plan.plansearchtestcases"/>
  <testcase name="TC04_Validate_Plan_Page_When_PlanName_Entered" classname="app.psc.testcases.plan.plansearchtestcases">
    <skipped/>
  </testcase> <!-- TC04_Validate_Plan_Page_When_PlanName_Entered -->
  <testcase name="TC02_Validate_error_message_when_plan_field_is_left_blank" classname="app.psc.testcases.plan.plansearchtestcases">
    <skipped/>
  </testcase> <!-- TC02_Validate_error_message_when_plan_field_is_left_blank -->
  <testcase name="TC03_Validate_Error_Message_When_Invalid_Plan_Number_Entered" classname="app.psc.testcases.plan.plansearchtestcases">
    <skipped/>
  </testcase> <!-- TC03_Validate_Error_Message_When_Invalid_Plan_Number_Entered -->
  <testcase name="TC03_Verify_planDetails_Populated" classname="app.psc.testcases.plan.plansearchtestcases">
    <skipped/>
  </testcase> <!-- TC03_Verify_planDetails_Populated -->
  <testcase name="TC022_Verify_if_the_clicking_on_a_searchresults_redirects_to_employee_overview_page" classname="app.psc.testcases.employeesearch.employeesearchtestcases_db">
    <skipped/>
  </testcase> <!-- TC022_Verify_if_the_clicking_on_a_searchresults_redirects_to_employee_overview_page -->
  <testcase name="TC023_Verify_the_limit_of_search_results_on_searchpage" classname="app.psc.testcases.employeesearch.employeesearchtestcases_db">
    <skipped/>
  </testcase> <!-- TC023_Verify_the_limit_of_search_results_on_searchpage -->
  <testcase name="TC029_Verify_ssn_masking_for_external_users" classname="app.psc.testcases.employeesearch.employeesearchtestcases_db">
    <skipped/>
  </testcase> <!-- TC029_Verify_ssn_masking_for_external_users -->
  <testcase name="TC024_Verify_Filter_Functionality_Search_Results_Page" classname="app.psc.testcases.employeesearch.employeesearchtestcases_db">
    <skipped/>
  </testcase> <!-- TC024_Verify_Filter_Functionality_Search_Results_Page -->
  <testcase name="TC018_Verify_the_sorting_in_search_results" classname="app.psc.testcases.employeesearch.employeesearchtestcases_db">
    <skipped/>
  </testcase> <!-- TC018_Verify_the_sorting_in_search_results -->
  <testcase name="TC021_Verify_Search_results_are_displayed_as_Hyperlinks" classname="app.psc.testcases.employeesearch.employeesearchtestcases_db">
    <skipped/>
  </testcase> <!-- TC021_Verify_Search_results_are_displayed_as_Hyperlinks -->
  <testcase name="TC026_Verify_search_results_are_not_displayed_for_employess_with_err_code" classname="app.psc.testcases.employeesearch.employeesearchtestcases_db">
    <skipped/>
  </testcase> <!-- TC026_Verify_search_results_are_not_displayed_for_employess_with_err_code -->
  <testcase name="TC019_Verify_the_Pagination_on_search_results_page" classname="app.psc.testcases.employeesearch.employeesearchtestcases_db">
    <skipped/>
  </testcase> <!-- TC019_Verify_the_Pagination_on_search_results_page -->
  <testcase name="TC027_Verify_termed_employeedetails_are_displayed" classname="app.psc.testcases.employeesearch.employeesearchtestcases_db">
    <skipped/>
  </testcase> <!-- TC027_Verify_termed_employeedetails_are_displayed -->
  <testcase name="TC020_Verify_the_Order_of_search_results" classname="app.psc.testcases.employeesearch.employeesearchtestcases_db">
    <skipped/>
  </testcase> <!-- TC020_Verify_the_Order_of_search_results -->
  <testcase name="TC028_Verify_search_results_are_displayed_for_termed_employees" classname="app.psc.testcases.employeesearch.employeesearchtestcases_db">
    <skipped/>
  </testcase> <!-- TC028_Verify_search_results_are_displayed_for_termed_employees -->
  <testcase name="TC025_Verify_search_results_for_ssn_with_extension" classname="app.psc.testcases.employeesearch.employeesearchtestcases_db">
    <skipped/>
  </testcase> <!-- TC025_Verify_search_results_for_ssn_with_extension -->
</testsuite> <!-- app.psc.testcases.plan.plansearchtestcases -->
