<?xml version="1.0" encoding="UTF-8"?>
<!-- Generated by org.testng.reporters.JUnitReportReporter -->
<testsuite hostname="XWJPMDD177" name="app.psc.testcases.plan.plantestcases" tests="11" failures="10" timestamp="21 Nov 2017 10:41:39 GMT" time="11129.740" errors="0">
  <testcase name="TC25_Investment_Document_Page" time="241.917" classname="app.psc.testcases.plan.plantestcases"/>
  <testcase name="TC17_Add_PPT_And_SearchForPPT" time="67.653" classname="app.psc.testcases.plan.plantestcases"/>
  <testcase name="TC26_Terminate_User_ID" time="47.390" classname="app.psc.testcases.plan.plantestcases"/>
  <testcase name="TC24_Investment_Charts_Page" time="117.425" classname="app.psc.testcases.plan.plantestcases">
    <failure type="java.lang.NullPointerException">
      <![CDATA[java.lang.NullPointerException
	at lib.Reporter.logEvent(Reporter.java:253)
	at app.psc.testcases.plan.plantestcases.TC24_Investment_Charts_Page(plantestcases.java:468)
	at sun.reflect.NativeMethodAccessorImpl.invoke0(Native Method)
	at sun.reflect.NativeMethodAccessorImpl.invoke(NativeMethodAccessorImpl.java:62)
	at sun.reflect.DelegatingMethodAccessorImpl.invoke(DelegatingMethodAccessorImpl.java:43)
	at java.lang.reflect.Method.invoke(Method.java:498)
	at org.testng.internal.MethodInvocationHelper.invokeMethod(MethodInvocationHelper.java:80)
	at org.testng.internal.Invoker.invokeMethod(Invoker.java:714)
	at org.testng.internal.Invoker.invokeTestMethod(Invoker.java:901)
	at org.testng.internal.Invoker.invokeTestMethods(Invoker.java:1231)
	at org.testng.internal.TestMethodWorker.invokeTestMethods(TestMethodWorker.java:127)
	at org.testng.internal.TestMethodWorker.run(TestMethodWorker.java:111)
	at java.util.concurrent.ThreadPoolExecutor.runWorker(ThreadPoolExecutor.java:1142)
	at java.util.concurrent.ThreadPoolExecutor$Worker.run(ThreadPoolExecutor.java:617)
	at java.lang.Thread.run(Thread.java:745)
]]>
    </failure>
  </testcase> <!-- TC24_Investment_Charts_Page -->
  <testcase name="TC26_Terminate_User_ID" time="47.290" classname="app.psc.testcases.plan.plantestcases"/>
  <testcase name="TC16_Plan_Provisions_page" time="156.768" classname="app.psc.testcases.plan.plantestcases"/>
  <testcase name="TC23_Find_Users_by_Name" time="93.424" classname="app.psc.testcases.plan.plantestcases"/>
  <testcase name="TC23_Find_Users_by_Name" time="126.666" classname="app.psc.testcases.plan.plantestcases"/>
  <testcase name="TC23_Find_Users_by_Name" time="130.068" classname="app.psc.testcases.plan.plantestcases"/>
  <testcase name="TC20_Complex_User" time="100.958" classname="app.psc.testcases.plan.plantestcases"/>
  <testcase name="TC18_SIT_PSC_Investment_UnitShare_values_page" time="10000.181" classname="app.psc.testcases.plan.plantestcases"/>
</testsuite> <!-- app.psc.testcases.plan.plantestcases -->
