<?xml version="1.0" encoding="UTF-8"?>
<!-- Generated by org.testng.reporters.JUnitReportReporter -->
<testsuite name="app.psc.testcases.userverification.userverificationtestcases" tests="4" time="81.985" ignored="2" failures="0" timestamp="05 Oct 2017 09:49:18 GMT" skipped="0" hostname="XWJPMDD177" errors="0">
  <testcase name="TC007_02_Verify_Login_Flow_Existing_User_New_Browser_Invalid_input" time="6.381" classname="app.psc.testcases.userverification.userverificationtestcases"/>
  <testcase name="TC007_01_Verify_Login_Flow_Existing_User_NewBrowser_Valid_Input" time="62.904" classname="app.psc.testcases.userverification.userverificationtestcases"/>
  <testcase name="TC007_02_Verify_Login_Flow_Existing_User_New_Browser_Invalid_input" time="6.350" classname="app.psc.testcases.userverification.userverificationtestcases"/>
  <testcase name="TC007_02_Verify_Login_Flow_Existing_User_New_Browser_Invalid_input" time="6.350" classname="app.psc.testcases.userverification.userverificationtestcases"/>
  <testcase name="Verify_TUDS_table_for_Magic_login" classname="app.psc.testcases.userverification.userverificationtestcases">
    <skipped/>
  </testcase> <!-- Verify_TUDS_table_for_Magic_login -->
  <testcase name="TC007_03_Verify_Login_Flow_Existing_User_withing_same_browser_session" classname="app.psc.testcases.userverification.userverificationtestcases">
    <skipped/>
  </testcase> <!-- TC007_03_Verify_Login_Flow_Existing_User_withing_same_browser_session -->
</testsuite> <!-- app.psc.testcases.userverification.userverificationtestcases -->
