<?xml version="1.0" encoding="UTF-8"?>
<!-- Generated by org.testng.reporters.JUnitReportReporter -->
<testsuite hostname="XWJPMDD177" name="app.psc.testcases.employeesearch.employeesearchtestcases_db" tests="13" failures="13" timestamp="21 Nov 2017 10:41:39 GMT" time="243.721" errors="0">
  <testcase name="TC019_Verify_the_Pagination_on_search_results_page" time="30.279" classname="app.psc.testcases.employeesearch.employeesearchtestcases_db"/>
  <testcase name="TC021_Verify_Search_results_are_displayed_as_Hyperlinks" time="30.074" classname="app.psc.testcases.employeesearch.employeesearchtestcases_db"/>
  <testcase name="TC018_Verify_the_sorting_in_search_results" time="6.675" classname="app.psc.testcases.employeesearch.employeesearchtestcases_db"/>
  <testcase name="TC017_Verify_the_dropdown_options_And_Screen_elements" time="27.114" classname="app.psc.testcases.employeesearch.employeesearchtestcases_db"/>
  <testcase name="TC025_Verify_search_results_for_ssn_with_extension" time="28.433" classname="app.psc.testcases.employeesearch.employeesearchtestcases_db"/>
  <testcase name="TC026_Verify_search_results_are_not_displayed_for_employess_with_err_code" time="9.012" classname="app.psc.testcases.employeesearch.employeesearchtestcases_db"/>
  <testcase name="TC029_Verify_ssn_masking_for_external_users" time="28.265" classname="app.psc.testcases.employeesearch.employeesearchtestcases_db"/>
  <testcase name="TC028_Verify_search_results_are_displayed_for_termed_employees" time="7.040" classname="app.psc.testcases.employeesearch.employeesearchtestcases_db"/>
  <testcase name="TC020_Verify_the_Order_of_search_results" time="6.882" classname="app.psc.testcases.employeesearch.employeesearchtestcases_db"/>
  <testcase name="TC023_Verify_the_limit_of_search_results_on_searchpage" time="27.145" classname="app.psc.testcases.employeesearch.employeesearchtestcases_db"/>
  <testcase name="TC022_Verify_if_the_clicking_on_a_searchresults_redirects_to_employee_overview_page" time="6.820" classname="app.psc.testcases.employeesearch.employeesearchtestcases_db"/>
  <testcase name="TC024_Verify_Filter_Functionality_Search_Results_Page" time="6.701" classname="app.psc.testcases.employeesearch.employeesearchtestcases_db"/>
  <testcase name="TC027_Verify_termed_employeedetails_are_displayed" time="29.281" classname="app.psc.testcases.employeesearch.employeesearchtestcases_db"/>
</testsuite> <!-- app.psc.testcases.employeesearch.employeesearchtestcases_db -->
