<?xml version="1.0" encoding="UTF-8"?>
<!-- Generated by org.testng.reporters.JUnitReportReporter -->
<testsuite hostname="XWJPMDD085" name="app.csas.testcases.loaninfopage.validate_loaninfopage" tests="6" failures="0" timestamp="2 Apr 2018 06:03:53 GMT" time="299.736" errors="0">
  <testcase name="Validate_LoanStatus_PaymentFrequency" time="36.706" classname="app.csas.testcases.loaninfopage.validate_loaninfopage"/>
  <testcase name="Validate_LoanStatus_PaymentFrequencyMethod" time="35.297" classname="app.csas.testcases.loaninfopage.validate_loaninfopage"/>
  <testcase name="Validate_PaymentHistory_UnPaid" time="77.717" classname="app.csas.testcases.loaninfopage.validate_loaninfopage"/>
  <testcase name="Validate_LoanStatus_DefaultIndicator" time="35.496" classname="app.csas.testcases.loaninfopage.validate_loaninfopage"/>
  <testcase name="Validate_PaymentHistory_Paid" time="73.767" classname="app.csas.testcases.loaninfopage.validate_loaninfopage"/>
  <testcase name="Validate_LoanStatus_TotalOutstandingBal" time="40.753" classname="app.csas.testcases.loaninfopage.validate_loaninfopage"/>
</testsuite> <!-- app.csas.testcases.loaninfopage.validate_loaninfopage -->
