<?xml version="1.0" encoding="UTF-8"?>
<!-- Generated by org.testng.reporters.JUnitReportReporter -->
<testsuite hostname="XWJPMDD255" name="app.csas.testcases.fundtofund.validate_fundtofundtransfer" tests="7" failures="0" timestamp="3 Aug 2017 06:37:21 GMT" time="148.358" errors="5">
  <testcase name="Validate_Fund2Fund_Transfer_Restriction_Type_No" time="24.263" classname="app.csas.testcases.fundtofund.validate_fundtofundtransfer"/>
  <testcase name="Validate_Fund2Fund_Transfer_Restriction_Type_Yes" time="24.588" classname="app.csas.testcases.fundtofund.validate_fundtofundtransfer"/>
  <testcase name="Validate_Fund2Fund_Transfer_Restriction_Type_grtPriorDayBal" time="24.485" classname="app.csas.testcases.fundtofund.validate_fundtofundtransfer"/>
  <testcase name="Validate_Fund2Fund_Transfer_Restriction_Type_grt100Per" time="24.676" classname="app.csas.testcases.fundtofund.validate_fundtofundtransfer"/>
  <testcase name="Validate_Fund_to_Fund_Transfer" time="31.380" classname="app.csas.testcases.fundtofund.validate_fundtofundtransfer"/>
  <testcase name="Validate_Fund_to_Fund_Basic_Transfer" time="9.090" classname="app.csas.testcases.fundtofund.validate_fundtofundtransfer"/>
  <testcase name="Validate_Fund_to_Fund_Cancel_Transfer" time="9.876" classname="app.csas.testcases.fundtofund.validate_fundtofundtransfer"/>
</testsuite> <!-- app.csas.testcases.fundtofund.validate_fundtofundtransfer -->
