<?xml version="1.0" encoding="UTF-8"?>
<!-- Generated by org.testng.reporters.JUnitReportReporter -->
<testsuite hostname="XWJPMDD085" name="app.csas.testcases.onlineenrollment.OnlineEnrollmentTestCases" tests="1" failures="0" timestamp="6 Apr 2018 05:10:34 GMT" time="20.796" errors="0">
  <testcase name="validateIndicativeData_State" time="20.796" classname="app.csas.testcases.onlineenrollment.OnlineEnrollmentTestCases"/>
</testsuite> <!-- app.csas.testcases.onlineenrollment.OnlineEnrollmentTestCases -->
