<?xml version="1.0" encoding="UTF-8"?>
<!-- Generated by org.testng.reporters.JUnitReportReporter -->
<testsuite hostname="XWJPMDD255" name="app.csas.testcases.loaninfopage.validate_loaninfopage" tests="6" failures="0" timestamp="20 Jul 2017 12:44:12 GMT" time="110.179" errors="1">
  <testcase name="Validate_LoanStatus_PaymentFrequency" time="9.722" classname="app.csas.testcases.loaninfopage.validate_loaninfopage"/>
  <testcase name="Validate_PaymentHistory_UnPaid" time="37.130" classname="app.csas.testcases.loaninfopage.validate_loaninfopage"/>
  <testcase name="Validate_LoanStatus_TotalOutstandingBal" time="12.736" classname="app.csas.testcases.loaninfopage.validate_loaninfopage"/>
  <testcase name="Validate_LoanStatus_PaymentFrequencyMethod" time="9.364" classname="app.csas.testcases.loaninfopage.validate_loaninfopage"/>
  <testcase name="Validate_PaymentHistory_Paid" time="31.910" classname="app.csas.testcases.loaninfopage.validate_loaninfopage"/>
  <testcase name="Validate_LoanStatus_DefaultIndicator" time="9.317" classname="app.csas.testcases.loaninfopage.validate_loaninfopage"/>
</testsuite> <!-- app.csas.testcases.loaninfopage.validate_loaninfopage -->
