<?xml version="1.0" encoding="UTF-8"?>
<!-- Generated by org.testng.reporters.JUnitReportReporter -->
<testsuite hostname="XWJPMDD255" name="app.csas.testcases.contributionallocationchange.validate_contributionallocationchange" tests="2" failures="0" timestamp="5 Oct 2017 06:06:18 GMT" time="95.896" errors="2">
  <testcase name="Validate_Current_Deposite_Allocation_Details" time="48.614" classname="app.csas.testcases.contributionallocationchange.validate_contributionallocationchange"/>
  <testcase name="Validate_Default_Investment_Option_Details" time="47.282" classname="app.csas.testcases.contributionallocationchange.validate_contributionallocationchange"/>
</testsuite> <!-- app.csas.testcases.contributionallocationchange.validate_contributionallocationchange -->
