<?xml version="1.0" encoding="UTF-8"?>
<!-- Generated by org.testng.reporters.JUnitReportReporter -->
<testsuite hostname="XWJPMDD255" name="app.csas.testcases.moneytypebalance.validate_moneytypebalance" tests="5" failures="0" timestamp="3 Aug 2017 06:37:21 GMT" time="74.910" errors="1">
  <testcase name="Verify_Variable_Invstment_Balance" time="8.706" classname="app.csas.testcases.moneytypebalance.validate_moneytypebalance"/>
  <testcase name="Verify_Money_Type_Totals" time="8.251" classname="app.csas.testcases.moneytypebalance.validate_moneytypebalance"/>
  <testcase name="Validate_Active_Allocation_Percentage" time="42.245" classname="app.csas.testcases.moneytypebalance.validate_moneytypebalance"/>
  <testcase name="Validate_Variable_Investment_Money_Type_Link" time="8.344" classname="app.csas.testcases.moneytypebalance.validate_moneytypebalance"/>
  <testcase name="Verify_Fixed_Invstment_Balance" time="7.364" classname="app.csas.testcases.moneytypebalance.validate_moneytypebalance"/>
</testsuite> <!-- app.csas.testcases.moneytypebalance.validate_moneytypebalance -->
