<?xml version="1.0" encoding="UTF-8"?>
<!-- Generated by org.testng.reporters.JUnitReportReporter -->
<testsuite hostname="XWJPMDD085" name="app.csas.testcases.fundtofund.validate_fundtofundtransfer" tests="7" failures="0" timestamp="4 Apr 2018 05:15:16 GMT" time="498.764" errors="5">
  <testcase name="Validate_Fund2Fund_Transfer_Restriction_Type_No" time="99.228" classname="app.csas.testcases.fundtofund.validate_fundtofundtransfer"/>
  <testcase name="Validate_Fund2Fund_Transfer_Restriction_Type_grt100Per" time="83.322" classname="app.csas.testcases.fundtofund.validate_fundtofundtransfer"/>
  <testcase name="Validate_Fund2Fund_Transfer_Restriction_Type_Yes" time="83.222" classname="app.csas.testcases.fundtofund.validate_fundtofundtransfer"/>
  <testcase name="Validate_Fund_to_Fund_Transfer" time="34.574" classname="app.csas.testcases.fundtofund.validate_fundtofundtransfer"/>
  <testcase name="Validate_Fund2Fund_Transfer_Restriction_Type_grtPriorDayBal" time="82.320" classname="app.csas.testcases.fundtofund.validate_fundtofundtransfer"/>
  <testcase name="Validate_Fund_to_Fund_Basic_Transfer" time="74.046" classname="app.csas.testcases.fundtofund.validate_fundtofundtransfer"/>
  <testcase name="Validate_Fund_to_Fund_Cancel_Transfer" time="42.052" classname="app.csas.testcases.fundtofund.validate_fundtofundtransfer"/>
</testsuite> <!-- app.csas.testcases.fundtofund.validate_fundtofundtransfer -->
