<?xml version="1.0" encoding="UTF-8"?>
<!-- Generated by org.testng.reporters.JUnitReportReporter -->
<testsuite hostname="XWJPMDD255" name="app.csas.testcases.moneytypebalance.validate_moneytypebalance" tests="5" failures="0" timestamp="5 Oct 2017 06:06:18 GMT" time="225.285" errors="1">
  <testcase name="Verify_Variable_Invstment_Balance" time="36.239" classname="app.csas.testcases.moneytypebalance.validate_moneytypebalance"/>
  <testcase name="Validate_Active_Allocation_Percentage" time="80.014" classname="app.csas.testcases.moneytypebalance.validate_moneytypebalance"/>
  <testcase name="Verify_Fixed_Invstment_Balance" time="36.597" classname="app.csas.testcases.moneytypebalance.validate_moneytypebalance"/>
  <testcase name="Validate_Variable_Investment_Money_Type_Link" time="37.038" classname="app.csas.testcases.moneytypebalance.validate_moneytypebalance"/>
  <testcase name="Verify_Money_Type_Totals" time="35.397" classname="app.csas.testcases.moneytypebalance.validate_moneytypebalance"/>
</testsuite> <!-- app.csas.testcases.moneytypebalance.validate_moneytypebalance -->
