<?xml version="1.0" encoding="UTF-8"?>
<!-- Generated by org.testng.reporters.JUnitReportReporter -->
<testsuite hostname="XWJPMDD255" name="app.csas.testcases.disbursementhistory.validate_disbursementhistory" tests="3" failures="0" timestamp="5 Oct 2017 06:06:18 GMT" time="179.124" errors="1">
  <testcase name="Verify_DIH_PaymentHistory" time="70.823" classname="app.csas.testcases.disbursementhistory.validate_disbursementhistory"/>
  <testcase name="Verify_DIH_Vesting" time="57.013" classname="app.csas.testcases.disbursementhistory.validate_disbursementhistory"/>
  <testcase name="Verify_DIH_ProcessingDetails" time="51.288" classname="app.csas.testcases.disbursementhistory.validate_disbursementhistory"/>
</testsuite> <!-- app.csas.testcases.disbursementhistory.validate_disbursementhistory -->
