<?xml version="1.0" encoding="UTF-8"?>
<!-- Generated by org.testng.reporters.JUnitReportReporter -->
<testsuite hostname="XWJPMDD085" name="app.csas.testcases.moneytypebalance.validate_moneytypebalance" tests="5" failures="0" timestamp="2 Apr 2018 06:03:52 GMT" time="208.045" errors="1">
  <testcase name="Verify_Variable_Invstment_Balance" time="39.888" classname="app.csas.testcases.moneytypebalance.validate_moneytypebalance"/>
  <testcase name="Validate_Active_Allocation_Percentage" time="46.654" classname="app.csas.testcases.moneytypebalance.validate_moneytypebalance"/>
  <testcase name="Verify_Money_Type_Totals" time="39.197" classname="app.csas.testcases.moneytypebalance.validate_moneytypebalance"/>
  <testcase name="Verify_Fixed_Invstment_Balance" time="38.700" classname="app.csas.testcases.moneytypebalance.validate_moneytypebalance"/>
  <testcase name="Validate_Variable_Investment_Money_Type_Link" time="43.606" classname="app.csas.testcases.moneytypebalance.validate_moneytypebalance"/>
</testsuite> <!-- app.csas.testcases.moneytypebalance.validate_moneytypebalance -->
