<?xml version="1.0" encoding="UTF-8"?>
<!-- Generated by org.testng.reporters.JUnitReportReporter -->
<testsuite hostname="XWJPMDD255" name="app.csas.testcases.loanRequest.LoanRequestTestCases" tests="1" failures="0" timestamp="11 Aug 2017 06:04:32 GMT" time="164.788" errors="0">
  <testcase name="CSAS_Paperless_Loan_LoanRequest_TC34_DDTC_24266" time="164.788" classname="app.csas.testcases.loanRequest.LoanRequestTestCases"/>
</testsuite> <!-- app.csas.testcases.loanRequest.LoanRequestTestCases -->
