<?xml version="1.0" encoding="UTF-8"?>
<!-- Generated by org.testng.reporters.JUnitReportReporter -->
<testsuite hostname="XWJPMDD255" name="app.csas.testcases.fundtofund.validate_fundtofundtransfer" tests="7" failures="0" timestamp="5 Oct 2017 06:06:18 GMT" time="267.654" errors="5">
  <testcase name="Validate_Fund_to_Fund_Basic_Transfer" time="35.646" classname="app.csas.testcases.fundtofund.validate_fundtofundtransfer"/>
  <testcase name="Validate_Fund_to_Fund_Cancel_Transfer" time="37.441" classname="app.csas.testcases.fundtofund.validate_fundtofundtransfer"/>
  <testcase name="Validate_Fund2Fund_Transfer_Restriction_Type_grt100Per" time="40.531" classname="app.csas.testcases.fundtofund.validate_fundtofundtransfer"/>
  <testcase name="Validate_Fund2Fund_Transfer_Restriction_Type_Yes" time="40.464" classname="app.csas.testcases.fundtofund.validate_fundtofundtransfer"/>
  <testcase name="Validate_Fund2Fund_Transfer_Restriction_Type_grtPriorDayBal" time="40.825" classname="app.csas.testcases.fundtofund.validate_fundtofundtransfer"/>
  <testcase name="Validate_Fund_to_Fund_Transfer" time="32.468" classname="app.csas.testcases.fundtofund.validate_fundtofundtransfer"/>
  <testcase name="Validate_Fund2Fund_Transfer_Restriction_Type_No" time="40.279" classname="app.csas.testcases.fundtofund.validate_fundtofundtransfer"/>
</testsuite> <!-- app.csas.testcases.fundtofund.validate_fundtofundtransfer -->
