<?xml version="1.0" encoding="UTF-8"?>
<!-- Generated by org.testng.reporters.JUnitReportReporter -->
<testsuite hostname="XWJPMDD255" name="app.csas.testcases.loanRequest.LoanRequestTestCases" tests="4" failures="0" timestamp="5 Oct 2017 06:58:23 GMT" time="299.681" errors="1">
  <testcase name="CSAS_Paperless_Loan_TC06_DDTC_26083" time="112.591" classname="app.csas.testcases.loanRequest.LoanRequestTestCases"/>
  <testcase name="CSAS_Paperless_Loan_TC04_DDTC_26942" time="55.586" classname="app.csas.testcases.loanRequest.LoanRequestTestCases"/>
  <testcase name="CSAS_Paperless_Loan_TC08_DDTC_26084" time="51.664" classname="app.csas.testcases.loanRequest.LoanRequestTestCases"/>
  <testcase name="CSAS_Paperless_Loan_LoanRequest_TC28_DDTC_26080" time="79.840" classname="app.csas.testcases.loanRequest.LoanRequestTestCases"/>
</testsuite> <!-- app.csas.testcases.loanRequest.LoanRequestTestCases -->
