<?xml version="1.0" encoding="UTF-8"?>
<!-- Generated by org.testng.reporters.JUnitReportReporter -->
<testsuite hostname="XWJPMDD255" name="app.csas.testcases.rebalancer.validate_rebalancer" tests="2" failures="0" timestamp="5 Oct 2017 06:06:18 GMT" time="66.178" errors="2">
  <testcase name="Perform_and_validate_Rebalancer_transferRestriction" time="30.533" classname="app.csas.testcases.rebalancer.validate_rebalancer"/>
  <testcase name="Perform_and_validate_Rebalancer_Checkbox" time="35.645" classname="app.csas.testcases.rebalancer.validate_rebalancer"/>
</testsuite> <!-- app.csas.testcases.rebalancer.validate_rebalancer -->
