<?xml version="1.0" encoding="UTF-8"?>
<!-- Generated by org.testng.reporters.JUnitReportReporter -->
<testsuite hostname="XWJPMDD255" name="app.csas.testcases.contributionallocationchange.validate_contributionallocationchange" tests="2" failures="0" timestamp="3 Aug 2017 06:37:21 GMT" time="45.345" errors="2">
  <testcase name="Validate_Current_Deposite_Allocation_Details" time="19.340" classname="app.csas.testcases.contributionallocationchange.validate_contributionallocationchange"/>
  <testcase name="Validate_Default_Investment_Option_Details" time="26.005" classname="app.csas.testcases.contributionallocationchange.validate_contributionallocationchange"/>
</testsuite> <!-- app.csas.testcases.contributionallocationchange.validate_contributionallocationchange -->
