<?xml version="1.0" encoding="UTF-8"?>
<!-- Generated by org.testng.reporters.JUnitReportReporter -->
<testsuite hostname="XWJPMDD085" name="app.csas.testcases.disbursementhistory.validate_disbursementhistory" tests="3" failures="0" timestamp="10 May 2018 08:49:47 GMT" time="203.173" errors="0">
  <testcase name="Verify_DIH_ProcessingDetails" time="59.572" classname="app.csas.testcases.disbursementhistory.validate_disbursementhistory"/>
  <testcase name="Verify_DIH_Vesting" time="68.311" classname="app.csas.testcases.disbursementhistory.validate_disbursementhistory"/>
  <testcase name="Verify_DIH_PaymentHistory" time="75.290" classname="app.csas.testcases.disbursementhistory.validate_disbursementhistory"/>
</testsuite> <!-- app.csas.testcases.disbursementhistory.validate_disbursementhistory -->
