<?xml version="1.0" encoding="UTF-8"?>
<!-- Generated by org.testng.reporters.JUnitReportReporter -->
<testsuite hostname="XWJPMDD255" name="app.csas.testcases.participanthomepage.validate_participanthomepage" tests="16" failures="0" timestamp="20 Jul 2017 12:44:12 GMT" time="136.247" errors="3">
  <testcase name="Validate_Managed_Account_Status_On_PPT_Home_Page_AsUnEnrolled" time="6.120" classname="app.csas.testcases.participanthomepage.validate_participanthomepage"/>
  <testcase name="Validate_PPT_Home_Order_Mail_PIN_and_Temp_PIN_ForRegistered" time="11.049" classname="app.csas.testcases.participanthomepage.validate_participanthomepage"/>
  <testcase name="Validate_Managed_Account_Status_On_PPT_Home_Page_AsNotOfferedByPlan" time="5.929" classname="app.csas.testcases.participanthomepage.validate_participanthomepage"/>
  <testcase name="Validate_PPT_Home_Order_Mail_PIN_and_Temp_PIN_ForNotRegistered" time="34.432" classname="app.csas.testcases.participanthomepage.validate_participanthomepage"/>
  <testcase name="Validate_Employment_Status_As_Terminated" time="6.537" classname="app.csas.testcases.participanthomepage.validate_participanthomepage"/>
  <testcase name="Validate_PPT_HomePage_Instance" time="6.197" classname="app.csas.testcases.participanthomepage.validate_participanthomepage"/>
  <testcase name="Validate_PPT_Home_Order_Mail_PIN_and_Temp_PIN_ForRegistered" time="2.558" classname="app.csas.testcases.participanthomepage.validate_participanthomepage"/>
  <testcase name="Validate_Employment_Status_As_Active" time="14.201" classname="app.csas.testcases.participanthomepage.validate_participanthomepage"/>
  <testcase name="Validate_PPT_Home_Order_Mail_PIN_and_Temp_PIN_ForRegistered" time="5.460" classname="app.csas.testcases.participanthomepage.validate_participanthomepage"/>
  <testcase name="Validate_PPT_Home_Order_Mail_PIN_and_Temp_PIN_ForRegistered" time="2.714" classname="app.csas.testcases.participanthomepage.validate_participanthomepage"/>
  <testcase name="Validate_Managed_Account_Status_On_PPT_Home_Page_AsEnrolled" time="7.522" classname="app.csas.testcases.participanthomepage.validate_participanthomepage"/>
  <testcase name="Validate_PDI_Status_On_PPT_Home" time="5.712" classname="app.csas.testcases.participanthomepage.validate_participanthomepage"/>
  <testcase name="Validate_PPT_Home_Order_Mail_PIN_and_Temp_PIN_ForRegistered" time="3.198" classname="app.csas.testcases.participanthomepage.validate_participanthomepage"/>
  <testcase name="Validate_Registration_Status_On_PPT_Home_Page" time="13.166" classname="app.csas.testcases.participanthomepage.validate_participanthomepage"/>
  <testcase name="Validate_PPT_Home_Account_Balance" time="8.768" classname="app.csas.testcases.participanthomepage.validate_participanthomepage"/>
  <testcase name="Validate_PPT_Home_Order_Mail_PIN_and_Temp_PIN_ForRegistered" time="2.684" classname="app.csas.testcases.participanthomepage.validate_participanthomepage"/>
</testsuite> <!-- app.csas.testcases.participanthomepage.validate_participanthomepage -->
