<?xml version="1.0" encoding="UTF-8"?>
<!-- Generated by org.testng.reporters.JUnitReportReporter -->
<testsuite hostname="XWJPMDD085" name="app.csas.testcases.participanthomepage.validate_participanthomepage" tests="18" failures="0" timestamp="2 Apr 2018 06:03:53 GMT" time="392.265" errors="5">
  <testcase name="Validate_Managed_Account_Status_On_PPT_Home_Page_AsUnEnrolled" time="18.273" classname="app.csas.testcases.participanthomepage.validate_participanthomepage"/>
  <testcase name="Validate_PDI_Status_On_PPT_Home" time="20.034" classname="app.csas.testcases.participanthomepage.validate_participanthomepage"/>
  <testcase name="Validate_PPT_Home_Account_Balance" time="34.793" classname="app.csas.testcases.participanthomepage.validate_participanthomepage"/>
  <testcase name="Validate_Managed_Account_Status_On_PPT_Home_Page_AsNotOfferedByPlan" time="36.598" classname="app.csas.testcases.participanthomepage.validate_participanthomepage"/>
  <testcase name="Validate_PPT_Home_Order_Mail_PIN_and_Temp_PIN_ForNotRegistered" time="11.871" classname="app.csas.testcases.participanthomepage.validate_participanthomepage"/>
  <testcase name="Validate_Employment_Status_As_Active" time="33.391" classname="app.csas.testcases.participanthomepage.validate_participanthomepage"/>
  <testcase name="Validate_PPT_Home_Order_Mail_PIN_and_Temp_PIN_ForNotRegistered" time="27.054" classname="app.csas.testcases.participanthomepage.validate_participanthomepage"/>
  <testcase name="Validate_Registration_Status_On_PPT_Home_Page" time="18.536" classname="app.csas.testcases.participanthomepage.validate_participanthomepage"/>
  <testcase name="Validate_PPT_Home_Order_Mail_PIN_and_Temp_PIN_ForRegistered" time="12.992" classname="app.csas.testcases.participanthomepage.validate_participanthomepage"/>
  <testcase name="Validate_PPT_Home_Order_Mail_PIN_and_Temp_PIN_ForRegistered" time="6.280" classname="app.csas.testcases.participanthomepage.validate_participanthomepage"/>
  <testcase name="Validate_PPT_Home_Order_Mail_PIN_and_Temp_PIN_ForRegistered" time="12.342" classname="app.csas.testcases.participanthomepage.validate_participanthomepage"/>
  <testcase name="Validate_PPT_Home_Order_Mail_PIN_and_Temp_PIN_ForRegistered" time="6.295" classname="app.csas.testcases.participanthomepage.validate_participanthomepage"/>
  <testcase name="Validate_PPT_Home_Order_Mail_PIN_and_Temp_PIN_ForRegistered" time="20.725" classname="app.csas.testcases.participanthomepage.validate_participanthomepage"/>
  <testcase name="Validate_Registration_Status_On_PPT_Home_Page" time="27.214" classname="app.csas.testcases.participanthomepage.validate_participanthomepage"/>
  <testcase name="Validate_Employment_Status_As_Terminated" time="32.396" classname="app.csas.testcases.participanthomepage.validate_participanthomepage"/>
  <testcase name="Validate_Managed_Account_Status_On_PPT_Home_Page_AsEnrolled" time="20.346" classname="app.csas.testcases.participanthomepage.validate_participanthomepage"/>
  <testcase name="Validate_PPT_HomePage_Instance" time="24.982" classname="app.csas.testcases.participanthomepage.validate_participanthomepage"/>
  <testcase name="Validate_PPT_Home_Order_Mail_PIN_and_Temp_PIN_ForRegistered" time="28.143" classname="app.csas.testcases.participanthomepage.validate_participanthomepage"/>
</testsuite> <!-- app.csas.testcases.participanthomepage.validate_participanthomepage -->
