<?xml version="1.0" encoding="UTF-8"?>
<!-- Generated by org.testng.reporters.JUnitReportReporter -->
<testsuite hostname="XWJPMDD085" name="app.csas.testcases.disbursementhistory.validate_disbursementhistory" tests="3" failures="0" timestamp="2 Apr 2018 06:03:52 GMT" time="151.489" errors="3">
  <testcase name="Verify_DIH_ProcessingDetails" time="43.185" classname="app.csas.testcases.disbursementhistory.validate_disbursementhistory"/>
  <testcase name="Verify_DIH_Vesting" time="42.751" classname="app.csas.testcases.disbursementhistory.validate_disbursementhistory"/>
  <testcase name="Verify_DIH_PaymentHistory" time="65.553" classname="app.csas.testcases.disbursementhistory.validate_disbursementhistory"/>
</testsuite> <!-- app.csas.testcases.disbursementhistory.validate_disbursementhistory -->
