<?xml version="1.0" encoding="UTF-8"?>
<!-- Generated by org.testng.reporters.JUnitReportReporter -->
<testsuite hostname="xdjpmdd089" name="app.csas.testcases.participanthomepage.validate_participanthomepage" tests="1" failures="0" timestamp="20 Jan 2016 12:18:52 GMT" time="39.898" errors="0">
  <testcase name="Validate_Employment_Status_As_Active_Or_Terminated" time="39.898" classname="app.csas.testcases.participanthomepage.validate_participanthomepage"/>
</testsuite> <!-- app.csas.testcases.participanthomepage.validate_participanthomepage -->
