<?xml version="1.0" encoding="UTF-8"?>
<!-- Generated by org.testng.reporters.JUnitReportReporter -->
<testsuite hostname="XWJPMDD255" name="app.csas.testcases.rebalancer.validate_rebalancer" tests="2" failures="0" timestamp="3 Aug 2017 06:37:21 GMT" time="26.526" errors="2">
  <testcase name="Perform_and_validate_Rebalancer_Checkbox" time="18.108" classname="app.csas.testcases.rebalancer.validate_rebalancer"/>
  <testcase name="Perform_and_validate_Rebalancer_transferRestriction" time="8.418" classname="app.csas.testcases.rebalancer.validate_rebalancer"/>
</testsuite> <!-- app.csas.testcases.rebalancer.validate_rebalancer -->
