<?xml version="1.0" encoding="UTF-8"?>
<!-- Generated by org.testng.reporters.JUnitReportReporter -->
<testsuite hostname="XWJPMDD255" name="app.csas.testcases.disbursementhistory.validate_disbursementhistory" tests="3" failures="0" timestamp="3 Aug 2017 06:37:21 GMT" time="60.029" errors="1">
  <testcase name="Verify_DIH_Vesting" time="17.854" classname="app.csas.testcases.disbursementhistory.validate_disbursementhistory"/>
  <testcase name="Verify_DIH_ProcessingDetails" time="20.515" classname="app.csas.testcases.disbursementhistory.validate_disbursementhistory"/>
  <testcase name="Verify_DIH_PaymentHistory" time="21.660" classname="app.csas.testcases.disbursementhistory.validate_disbursementhistory"/>
</testsuite> <!-- app.csas.testcases.disbursementhistory.validate_disbursementhistory -->
