<?xml version="1.0" encoding="UTF-8"?>
<!-- Generated by org.testng.reporters.JUnitReportReporter -->
<testsuite hostname="XWJPMDD255" name="app.csas.testcases.loanquotepage.validate_loanquotepage" tests="6" failures="0" timestamp="20 Jul 2017 12:44:12 GMT" time="21.742" errors="0">
  <testcase name="Validate_Selected_Loan_Type_Details" time="0.265" classname="app.csas.testcases.loanquotepage.validate_loanquotepage"/>
  <testcase name="Validate_Selected_Loan_Type_Details" time="0.327" classname="app.csas.testcases.loanquotepage.validate_loanquotepage"/>
  <testcase name="Validate_Message_for_Selected_Loan_and_Request_Loan_Quote" time="0.234" classname="app.csas.testcases.loanquotepage.validate_loanquotepage"/>
  <testcase name="Validate_Selected_Loan_Type_Details" time="9.302" classname="app.csas.testcases.loanquotepage.validate_loanquotepage"/>
  <testcase name="Validate_Message_for_Selected_Loan_and_Request_Loan_Quote" time="11.317" classname="app.csas.testcases.loanquotepage.validate_loanquotepage"/>
  <testcase name="Validate_Selected_Loan_Type_Details" time="0.297" classname="app.csas.testcases.loanquotepage.validate_loanquotepage"/>
</testsuite> <!-- app.csas.testcases.loanquotepage.validate_loanquotepage -->
