<?xml version="1.0" encoding="UTF-8"?>
<!-- Generated by org.testng.reporters.JUnitReportReporter -->
<testsuite hostname="XWJPMDD085" name="app.csas.testcases.contributionallocationchange.validate_contributionallocationchange" tests="2" failures="0" timestamp="2 Apr 2018 06:03:53 GMT" time="156.285" errors="1">
  <testcase name="Validate_Default_Investment_Option_Details" time="109.199" classname="app.csas.testcases.contributionallocationchange.validate_contributionallocationchange"/>
  <testcase name="Validate_Current_Deposite_Allocation_Details" time="47.086" classname="app.csas.testcases.contributionallocationchange.validate_contributionallocationchange"/>
</testsuite> <!-- app.csas.testcases.contributionallocationchange.validate_contributionallocationchange -->
