<?xml version="1.0" encoding="UTF-8"?>
<!-- Generated by org.testng.reporters.JUnitReportReporter -->
<testsuite hostname="XWJPMDD255" name="app.csas.testcases.participanthomepage.validate_participanthomepage" tests="1" failures="0" timestamp="24 Oct 2017 06:59:54 GMT" time="43.187" errors="0">
  <testcase name="Validate_Employment_Status_As_Active" time="43.187" classname="app.csas.testcases.participanthomepage.validate_participanthomepage"/>
</testsuite> <!-- app.csas.testcases.participanthomepage.validate_participanthomepage -->
