<?xml version="1.0" encoding="UTF-8"?>
<!-- Generated by org.testng.reporters.JUnitReportReporter -->
<testsuite hostname="XWJPMDD255" name="app.csas.testcases.onlineenrollment.OnlineEnrollmentTestCases" tests="2" failures="0" timestamp="31 Aug 2017 12:38:33 GMT" time="82.531" errors="0">
  <testcase name="validateIndicativeData_ClearButton" time="41.041" classname="app.csas.testcases.onlineenrollment.OnlineEnrollmentTestCases"/>
  <testcase name="validateConfirmationPage" time="41.490" classname="app.csas.testcases.onlineenrollment.OnlineEnrollmentTestCases"/>
</testsuite> <!-- app.csas.testcases.onlineenrollment.OnlineEnrollmentTestCases -->
