<?xml version="1.0" encoding="UTF-8"?>
<!-- Generated by org.testng.reporters.JUnitReportReporter -->
<testsuite hostname="XWJPMDD085" name="app.csas.testcases.rebalancer.validate_rebalancer" tests="2" failures="0" timestamp="4 Apr 2018 12:01:41 GMT" time="88.550" errors="2">
  <testcase name="Perform_and_validate_Rebalancer_transferRestriction" time="52.712" classname="app.csas.testcases.rebalancer.validate_rebalancer"/>
  <testcase name="Perform_and_validate_Rebalancer_Checkbox" time="35.838" classname="app.csas.testcases.rebalancer.validate_rebalancer"/>
</testsuite> <!-- app.csas.testcases.rebalancer.validate_rebalancer -->
