<?xml version="1.0" encoding="UTF-8"?>
<!-- Generated by org.testng.reporters.JUnitReportReporter -->
<testsuite hostname="XWJPMDD085" name="app.csas.testcases.loanquotepage.validate_loanquotepage" tests="6" failures="0" timestamp="2 Apr 2018 06:03:53 GMT" time="93.293" errors="0">
  <testcase name="Validate_Message_for_Selected_Loan_and_Request_Loan_Quote" time="45.873" classname="app.csas.testcases.loanquotepage.validate_loanquotepage"/>
  <testcase name="Validate_Selected_Loan_Type_Details" time="0.317" classname="app.csas.testcases.loanquotepage.validate_loanquotepage"/>
  <testcase name="Validate_Selected_Loan_Type_Details" time="0.317" classname="app.csas.testcases.loanquotepage.validate_loanquotepage"/>
  <testcase name="Validate_Selected_Loan_Type_Details" time="0.273" classname="app.csas.testcases.loanquotepage.validate_loanquotepage"/>
  <testcase name="Validate_Message_for_Selected_Loan_and_Request_Loan_Quote" time="0.245" classname="app.csas.testcases.loanquotepage.validate_loanquotepage"/>
  <testcase name="Validate_Selected_Loan_Type_Details" time="46.268" classname="app.csas.testcases.loanquotepage.validate_loanquotepage"/>
</testsuite> <!-- app.csas.testcases.loanquotepage.validate_loanquotepage -->
