<?xml version="1.0" encoding="UTF-8"?>
<!-- Generated by org.testng.reporters.JUnitReportReporter -->
<testsuite skipped="0" hostname="XWJPMDD035" name="org.bdd.psc.testRunner.TestRunner" tests="1" failures="0" timestamp="29 May 2018 10:44:35 GMT" time="49.129" errors="0">
  <testcase name="feature" time="49.129" classname="org.bdd.psc.testRunner.TestRunner"/>
</testsuite> <!-- org.bdd.psc.testRunner.TestRunner -->
