<?xml version="1.0" encoding="UTF-8"?>
<!-- Generated by org.testng.reporters.JUnitReportReporter -->
<testsuite skipped="0" hostname="XWJPMDD035" name="org.bdd.psc.testRunner.TestRunner" tests="1" failures="0" timestamp="10 Apr 2018 11:36:24 GMT" time="43.475" errors="0">
  <testcase name="feature" time="43.475" classname="org.bdd.psc.testRunner.TestRunner"/>
</testsuite> <!-- org.bdd.psc.testRunner.TestRunner -->
