<?xml version="1.0" encoding="UTF-8"?>
<!-- Generated by org.testng.reporters.JUnitReportReporter -->
<testsuite skipped="0" hostname="XWJPMDD035" name="org.bdd.psc.testRunner.TestRunner" tests="1" failures="0" timestamp="02 May 2018 14:36:06 GMT" time="103.929" errors="0">
  <testcase name="feature" time="103.929" classname="org.bdd.psc.testRunner.TestRunner"/>
</testsuite> <!-- org.bdd.psc.testRunner.TestRunner -->
