<?xml version="1.0" encoding="UTF-8"?>
<!-- Generated by org.testng.reporters.JUnitReportReporter -->
<testsuite name="org.bdd.psc.testRunner.TestRunner" tests="1" time="84.235" ignored="0" failures="0" timestamp="12 Apr 2018 12:09:20 GMT" skipped="0" hostname="XWJPMDD415" errors="1">
  <testcase name="feature" time="84.235" classname="org.bdd.psc.testRunner.TestRunner">
    <error/>
  </testcase> <!-- feature -->
</testsuite> <!-- org.bdd.psc.testRunner.TestRunner -->
